{"meta": {"format": 3, "version": "7.13.3", "timestamp": "2026-02-05T01:15:41.448290", "branch_coverage": false, "show_contexts": false}, "files": {"core\\interfaces\\__init__.py": {"executed_lines": [], "summary": {"covered_lines": 0, "num_statements": 3, "percent_covered": 0.0, "percent_covered_display": "0", "missing_lines": 3, "excluded_lines": 0, "percent_statements_covered": 0.0, "percent_statements_covered_display": "0"}, "missing_lines": [8, 9, 11], "excluded_lines": [], "functions": {"": {"executed_lines": [], "summary": {"covered_lines": 0, "num_statements": 3, "percent_covered": 0.0, "percent_covered_display": "0", "missing_lines": 3, "excluded_lines": 0, "percent_statements_covered": 0.0, "percent_statements_covered_display": "0"}, "missing_lines": [8, 9, 11], "excluded_lines": [], "start_line": 1}}, "classes": {"": {"executed_lines": [], "summary": {"covered_lines": 0, "num_statements": 3, "percent_covered": 0.0, "percent_covered_display": "0", "missing_lines": 3, "excluded_lines": 0, "percent_statements_covered": 0.0, "percent_statements_covered_display": "0"}, "missing_lines": [8, 9, 11], "excluded_lines": [], "start_line": 1}}}, "core\\interfaces\\data_source.py": {"executed_lines": [], "summary": {"covered_lines": 0, "num_statements": 24, "percent_covered": 0.0, "percent_covered_display": "0", "missing_lines": 24, "excluded_lines": 0, "percent_statements_covered": 0.0, "percent_statements_covered_display": "0"}, "missing_lines": [8, 9, 12, 20, 21, 37, 39, 40, 53, 55, 56, 72, 74, 75, 98, 100, 101, 111, 113, 114, 143, 145, 146, 198], "excluded_lines": [], "functions": {"DataSource.get_data_products": {"executed_lines": [], "summary": {"covered_lines": 0, "num_statements": 1, "percent_covered": 0.0, "percent_covered_display": "0", "missing_lines": 1, "excluded_lines": 0, "percent_statements_covered": 0.0, "percent_statements_covered_display": "0"}, "missing_lines": [37], "excluded_lines": [], "start_line": 21}, "DataSource.get_tables": {"executed_lines": [], "summary": {"covered_lines": 0, "num_statements": 1, "percent_covered": 0.0, "percent_covered_display": "0", "missing_lines": 1, "excluded_lines": 0, "percent_statements_covered": 0.0, "percent_statements_covered_display": "0"}, "missing_lines": [53], "excluded_lines": [], "start_line": 40}, "DataSource.get_table_structure": {"executed_lines": [], "summary": {"covered_lines": 0, "num_statements": 1, "percent_covered": 0.0, "percent_covered_display": "0", "missing_lines": 1, "excluded_lines": 0, "percent_statements_covered": 0.0, "percent_statements_covered_display": "0"}, "missing_lines": [72], "excluded_lines": [], "start_line": 56}, "DataSource.query_table": {"executed_lines": [], "summary": {"covered_lines": 0, "num_statements": 1, "percent_covered": 0.0, "percent_covered_display": "0", "missing_lines": 1, "excluded_lines": 0, "percent_statements_covered": 0.0, "percent_statements_covered_display": "0"}, "missing_lines": [98], "excluded_lines": [], "start_line": 75}, "DataSource.get_csn_definition": {"executed_lines": [], "summary": {"covered_lines": 0, "num_statements": 1, "percent_covered": 0.0, "percent_covered_display": "0", "missing_lines": 1, "excluded_lines": 0, "percent_statements_covered": 0.0, "percent_statements_covered_display": "0"}, "missing_lines": [111], "excluded_lines": [], "start_line": 101}, "DataSource.execute_query": {"executed_lines": [], "summary": {"covered_lines": 0, "num_statements": 1, "percent_covered": 0.0, "percent_covered_display": "0", "missing_lines": 1, "excluded_lines": 0, "percent_statements_covered": 0.0, "percent_statements_covered_display": "0"}, "missing_lines": [143], "excluded_lines": [], "start_line": 114}, "DataSource.get_connection_info": {"executed_lines": [], "summary": {"covered_lines": 0, "num_statements": 1, "percent_covered": 0.0, "percent_covered_display": "0", "missing_lines": 1, "excluded_lines": 0, "percent_statements_covered": 0.0, "percent_statements_covered_display": "0"}, "missing_lines": [198], "excluded_lines": [], "start_line": 146}, "": {"executed_lines": [], "summary": {"covered_lines": 0, "num_statements": 17, "percent_covered": 0.0, "percent_covered_display": "0", "missing_lines": 17, "excluded_lines": 0, "percent_statements_covered": 0.0, "percent_statements_covered_display": "0"}, "missing_lines": [8, 9, 12, 20, 21, 39, 40, 55, 56, 74, 75, 100, 101, 113, 114, 145, 146], "excluded_lines": [], "start_line": 1}}, "classes": {"DataSource": {"executed_lines": [], "summary": {"covered_lines": 0, "num_statements": 7, "percent_covered": 0.0, "percent_covered_display": "0", "missing_lines": 7, "excluded_lines": 0, "percent_statements_covered": 0.0, "percent_statements_covered_display": "0"}, "missing_lines": [37, 53, 72, 98, 111, 143, 198], "excluded_lines": [], "start_line": 12}, "": {"executed_lines": [], "summary": {"covered_lines": 0, "num_statements": 17, "percent_covered": 0.0, "percent_covered_display": "0", "missing_lines": 17, "excluded_lines": 0, "percent_statements_covered": 0.0, "percent_statements_covered_display": "0"}, "missing_lines": [8, 9, 12, 20, 21, 39, 40, 55, 56, 74, 75, 100, 101, 113, 114, 145, 146], "excluded_lines": [], "start_line": 1}}}, "core\\interfaces\\graph.py": {"executed_lines": [], "summary": {"covered_lines": 0, "num_statements": 34, "percent_covered": 0.0, "percent_covered_display": "0", "missing_lines": 34, "excluded_lines": 0, "percent_statements_covered": 0.0, "percent_statements_covered_display": "0"}, "missing_lines": [11, 12, 15, 30, 31, 46, 48, 49, 68, 70, 71, 91, 93, 94, 112, 114, 115, 130, 132, 133, 148, 150, 151, 166, 169, 185, 186, 188, 190, 191, 193, 195, 196, 200], "excluded_lines": [], "functions": {"PropertyGraphInterface.shortest_path": {"executed_lines": [], "summary": {"covered_lines": 0, "num_statements": 1, "percent_covered": 0.0, "percent_covered_display": "0", "missing_lines": 1, "excluded_lines": 0, "percent_statements_covered": 0.0, "percent_statements_covered_display": "0"}, "missing_lines": [46], "excluded_lines": [], "start_line": 31}, "PropertyGraphInterface.centrality": {"executed_lines": [], "summary": {"covered_lines": 0, "num_statements": 1, "percent_covered": 0.0, "percent_covered_display": "0", "missing_lines": 1, "excluded_lines": 0, "percent_statements_covered": 0.0, "percent_statements_covered_display": "0"}, "missing_lines": [68], "excluded_lines": [], "start_line": 49}, "PropertyGraphInterface.community_detection": {"executed_lines": [], "summary": {"covered_lines": 0, "num_statements": 1, "percent_covered": 0.0, "percent_covered_display": "0", "missing_lines": 1, "excluded_lines": 0, "percent_statements_covered": 0.0, "percent_statements_covered_display": "0"}, "missing_lines": [91], "excluded_lines": [], "start_line": 71}, "PropertyGraphInterface.get_graph_stats": {"executed_lines": [], "summary": {"covered_lines": 0, "num_statements": 1, "percent_covered": 0.0, "percent_covered_display": "0", "missing_lines": 1, "excluded_lines": 0, "percent_statements_covered": 0.0, "percent_statements_covered_display": "0"}, "missing_lines": [112], "excluded_lines": [], "start_line": 94}, "PropertyGraphInterface.get_neighbors": {"executed_lines": [], "summary": {"covered_lines": 0, "num_statements": 1, "percent_covered": 0.0, "percent_covered_display": "0", "missing_lines": 1, "excluded_lines": 0, "percent_statements_covered": 0.0, "percent_statements_covered_display": "0"}, "missing_lines": [130], "excluded_lines": [], "start_line": 115}, "PropertyGraphInterface.load_from_dict": {"executed_lines": [], "summary": {"covered_lines": 0, "num_statements": 1, "percent_covered": 0.0, "percent_covered_display": "0", "missing_lines": 1, "excluded_lines": 0, "percent_statements_covered": 0.0, "percent_statements_covered_display": "0"}, "missing_lines": [148], "excluded_lines": [], "start_line": 133}, "PropertyGraphInterface.get_subgraph": {"executed_lines": [], "summary": {"covered_lines": 0, "num_statements": 1, "percent_covered": 0.0, "percent_covered_display": "0", "missing_lines": 1, "excluded_lines": 0, "percent_statements_covered": 0.0, "percent_statements_covered_display": "0"}, "missing_lines": [166], "excluded_lines": [], "start_line": 151}, "KnowledgeGraphInterface.sparql_query": {"executed_lines": [], "summary": {"covered_lines": 0, "num_statements": 1, "percent_covered": 0.0, "percent_covered_display": "0", "missing_lines": 1, "excluded_lines": 0, "percent_statements_covered": 0.0, "percent_statements_covered_display": "0"}, "missing_lines": [188], "excluded_lines": [], "start_line": 186}, "KnowledgeGraphInterface.add_triple": {"executed_lines": [], "summary": {"covered_lines": 0, "num_statements": 1, "percent_covered": 0.0, "percent_covered_display": "0", "missing_lines": 1, "excluded_lines": 0, "percent_statements_covered": 0.0, "percent_statements_covered_display": "0"}, "missing_lines": [193], "excluded_lines": [], "start_line": 191}, "KnowledgeGraphInterface.get_triples": {"executed_lines": [], "summary": {"covered_lines": 0, "num_statements": 1, "percent_covered": 0.0, "percent_covered_display": "0", "missing_lines": 1, "excluded_lines": 0, "percent_statements_covered": 0.0, "percent_statements_covered_display": "0"}, "missing_lines": [200], "excluded_lines": [], "start_line": 196}, "": {"executed_lines": [], "summary": {"covered_lines": 0, "num_statements": 24, "percent_covered": 0.0, "percent_covered_display": "0", "missing_lines": 24, "excluded_lines": 0, "percent_statements_covered": 0.0, "percent_statements_covered_display": "0"}, "missing_lines": [11, 12, 15, 30, 31, 48, 49, 70, 71, 93, 94, 114, 115, 132, 133, 150, 151, 169, 185, 186, 190, 191, 195, 196], "excluded_lines": [], "start_line": 1}}, "classes": {"PropertyGraphInterface": {"executed_lines": [], "summary": {"covered_lines": 0, "num_statements": 7, "percent_covered": 0.0, "percent_covered_display": "0", "missing_lines": 7, "excluded_lines": 0, "percent_statements_covered": 0.0, "percent_statements_covered_display": "0"}, "missing_lines": [46, 68, 91, 112, 130, 148, 166], "excluded_lines": [], "start_line": 15}, "KnowledgeGraphInterface": {"executed_lines": [], "summary": {"covered_lines": 0, "num_statements": 3, "percent_covered": 0.0, "percent_covered_display": "0", "missing_lines": 3, "excluded_lines": 0, "percent_statements_covered": 0.0, "percent_statements_covered_display": "0"}, "missing_lines": [188, 193, 200], "excluded_lines": [], "start_line": 169}, "": {"executed_lines": [], "summary": {"covered_lines": 0, "num_statements": 24, "percent_covered": 0.0, "percent_covered_display": "0", "missing_lines": 24, "excluded_lines": 0, "percent_statements_covered": 0.0, "percent_statements_covered_display": "0"}, "missing_lines": [11, 12, 15, 30, 31, 48, 49, 70, 71, 93, 94, 114, 115, 132, 133, 150, 151, 169, 185, 186, 190, 191, 195, 196], "excluded_lines": [], "start_line": 1}}}, "core\\interfaces\\graph_query.py": {"executed_lines": [], "summary": {"covered_lines": 0, "num_statements": 78, "percent_covered": 0.0, "percent_covered_display": "0", "missing_lines": 78, "excluded_lines": 0, "percent_statements_covered": 0.0, "percent_statements_covered_display": "0"}, "missing_lines": [12, 13, 14, 15, 18, 20, 21, 22, 25, 26, 37, 38, 39, 41, 42, 44, 45, 48, 49, 62, 63, 64, 65, 66, 68, 69, 71, 72, 75, 76, 87, 88, 89, 91, 92, 94, 96, 97, 99, 101, 103, 110, 111, 121, 122, 124, 126, 137, 163, 164, 191, 193, 194, 224, 226, 227, 255, 257, 258, 280, 282, 283, 293, 295, 296, 306, 308, 309, 316, 318, 319, 326, 328, 329, 335, 339, 340, 341], "excluded_lines": [], "functions": {"GraphNode.__hash__": {"executed_lines": [], "summary": {"covered_lines": 0, "num_statements": 1, "percent_covered": 0.0, "percent_covered_display": "0", "missing_lines": 1, "excluded_lines": 0, "percent_statements_covered": 0.0, "percent_statements_covered_display": "0"}, "missing_lines": [42], "excluded_lines": [], "start_line": 41}, "GraphNode.__eq__": {"executed_lines": [], "summary": {"covered_lines": 0, "num_statements": 1, "percent_covered": 0.0, "percent_covered_display": "0", "missing_lines": 1, "excluded_lines": 0, "percent_statements_covered": 0.0, "percent_statements_covered_display": "0"}, "missing_lines": [45], "excluded_lines": [], "start_line": 44}, "GraphEdge.__hash__": {"executed_lines": [], "summary": {"covered_lines": 0, "num_statements": 1, "percent_covered": 0.0, "percent_covered_display": "0", "missing_lines": 1, "excluded_lines": 0, "percent_statements_covered": 0.0, "percent_statements_covered_display": "0"}, "missing_lines": [69], "excluded_lines": [], "start_line": 68}, "GraphEdge.__eq__": {"executed_lines": [], "summary": {"covered_lines": 0, "num_statements": 1, "percent_covered": 0.0, "percent_covered_display": "0", "missing_lines": 1, "excluded_lines": 0, "percent_statements_covered": 0.0, "percent_statements_covered_display": "0"}, "missing_lines": [72], "excluded_lines": [], "start_line": 71}, "GraphPath.start_node": {"executed_lines": [], "summary": {"covered_lines": 0, "num_statements": 1, "percent_covered": 0.0, "percent_covered_display": "0", "missing_lines": 1, "excluded_lines": 0, "percent_statements_covered": 0.0, "percent_statements_covered_display": "0"}, "missing_lines": [94], "excluded_lines": [], "start_line": 92}, "GraphPath.end_node": {"executed_lines": [], "summary": {"covered_lines": 0, "num_statements": 1, "percent_covered": 0.0, "percent_covered_display": "0", "missing_lines": 1, "excluded_lines": 0, "percent_statements_covered": 0.0, "percent_statements_covered_display": "0"}, "missing_lines": [99], "excluded_lines": [], "start_line": 97}, "GraphPath.to_dict": {"executed_lines": [], "summary": {"covered_lines": 0, "num_statements": 1, "percent_covered": 0.0, "percent_covered_display": "0", "missing_lines": 1, "excluded_lines": 0, "percent_statements_covered": 0.0, "percent_statements_covered_display": "0"}, "missing_lines": [103], "excluded_lines": [], "start_line": 101}, "Subgraph.to_dict": {"executed_lines": [], "summary": {"covered_lines": 0, "num_statements": 1, "percent_covered": 0.0, "percent_covered_display": "0", "missing_lines": 1, "excluded_lines": 0, "percent_statements_covered": 0.0, "percent_statements_covered_display": "0"}, "missing_lines": [126], "excluded_lines": [], "start_line": 124}, "IGraphQueryEngine.get_neighbors": {"executed_lines": [], "summary": {"covered_lines": 0, "num_statements": 1, "percent_covered": 0.0, "percent_covered_display": "0", "missing_lines": 1, "excluded_lines": 0, "percent_statements_covered": 0.0, "percent_statements_covered_display": "0"}, "missing_lines": [191], "excluded_lines": [], "start_line": 164}, "IGraphQueryEngine.shortest_path": {"executed_lines": [], "summary": {"covered_lines": 0, "num_statements": 1, "percent_covered": 0.0, "percent_covered_display": "0", "missing_lines": 1, "excluded_lines": 0, "percent_statements_covered": 0.0, "percent_statements_covered_display": "0"}, "missing_lines": [224], "excluded_lines": [], "start_line": 194}, "IGraphQueryEngine.traverse": {"executed_lines": [], "summary": {"covered_lines": 0, "num_statements": 1, "percent_covered": 0.0, "percent_covered_display": "0", "missing_lines": 1, "excluded_lines": 0, "percent_statements_covered": 0.0, "percent_statements_covered_display": "0"}, "missing_lines": [255], "excluded_lines": [], "start_line": 227}, "IGraphQueryEngine.subgraph": {"executed_lines": [], "summary": {"covered_lines": 0, "num_statements": 1, "percent_covered": 0.0, "percent_covered_display": "0", "missing_lines": 1, "excluded_lines": 0, "percent_statements_covered": 0.0, "percent_statements_covered_display": "0"}, "missing_lines": [280], "excluded_lines": [], "start_line": 258}, "IGraphQueryEngine.get_node": {"executed_lines": [], "summary": {"covered_lines": 0, "num_statements": 1, "percent_covered": 0.0, "percent_covered_display": "0", "missing_lines": 1, "excluded_lines": 0, "percent_statements_covered": 0.0, "percent_statements_covered_display": "0"}, "missing_lines": [293], "excluded_lines": [], "start_line": 283}, "IGraphQueryEngine.node_exists": {"executed_lines": [], "summary": {"covered_lines": 0, "num_statements": 1, "percent_covered": 0.0, "percent_covered_display": "0", "missing_lines": 1, "excluded_lines": 0, "percent_statements_covered": 0.0, "percent_statements_covered_display": "0"}, "missing_lines": [306], "excluded_lines": [], "start_line": 296}, "IGraphQueryEngine.get_node_count": {"executed_lines": [], "summary": {"covered_lines": 0, "num_statements": 1, "percent_covered": 0.0, "percent_covered_display": "0", "missing_lines": 1, "excluded_lines": 0, "percent_statements_covered": 0.0, "percent_statements_covered_display": "0"}, "missing_lines": [316], "excluded_lines": [], "start_line": 309}, "IGraphQueryEngine.get_edge_count": {"executed_lines": [], "summary": {"covered_lines": 0, "num_statements": 1, "percent_covered": 0.0, "percent_covered_display": "0", "missing_lines": 1, "excluded_lines": 0, "percent_statements_covered": 0.0, "percent_statements_covered_display": "0"}, "missing_lines": [326], "excluded_lines": [], "start_line": 319}, "IGraphQueryEngine.clear_cache": {"executed_lines": [], "summary": {"covered_lines": 0, "num_statements": 1, "percent_covered": 0.0, "percent_covered_display": "0", "missing_lines": 1, "excluded_lines": 0, "percent_statements_covered": 0.0, "percent_statements_covered_display": "0"}, "missing_lines": [335], "excluded_lines": [], "start_line": 329}, "": {"executed_lines": [], "summary": {"covered_lines": 0, "num_statements": 61, "percent_covered": 0.0, "percent_covered_display": "0", "missing_lines": 61, "excluded_lines": 0, "percent_statements_covered": 0.0, "percent_statements_covered_display": "0"}, "missing_lines": [12, 13, 14, 15, 18, 20, 21, 22, 25, 26, 37, 38, 39, 41, 44, 48, 49, 62, 63, 64, 65, 66, 68, 71, 75, 76, 87, 88, 89, 91, 92, 96, 97, 101, 110, 111, 121, 122, 124, 137, 163, 164, 193, 194, 226, 227, 257, 258, 282, 283, 295, 296, 308, 309, 318, 319, 328, 329, 339, 340, 341], "excluded_lines": [], "start_line": 1}}, "classes": {"TraversalDirection": {"executed_lines": [], "summary": {"covered_lines": 0, "num_statements": 0, "percent_covered": 100.0, "percent_covered_display": "100", "missing_lines": 0, "excluded_lines": 0, "percent_statements_covered": 100.0, "percent_statements_covered_display": "100"}, "missing_lines": [], "excluded_lines": [], "start_line": 18}, "GraphNode": {"executed_lines": [], "summary": {"covered_lines": 0, "num_statements": 2, "percent_covered": 0.0, "percent_covered_display": "0", "missing_lines": 2, "excluded_lines": 0, "percent_statements_covered": 0.0, "percent_statements_covered_display": "0"}, "missing_lines": [42, 45], "excluded_lines": [], "start_line": 26}, "GraphEdge": {"executed_lines": [], "summary": {"covered_lines": 0, "num_statements": 2, "percent_covered": 0.0, "percent_covered_display": "0", "missing_lines": 2, "excluded_lines": 0, "percent_statements_covered": 0.0, "percent_statements_covered_display": "0"}, "missing_lines": [69, 72], "excluded_lines": [], "start_line": 49}, "GraphPath": {"executed_lines": [], "summary": {"covered_lines": 0, "num_statements": 3, "percent_covered": 0.0, "percent_covered_display": "0", "missing_lines": 3, "excluded_lines": 0, "percent_statements_covered": 0.0, "percent_statements_covered_display": "0"}, "missing_lines": [94, 99, 103], "excluded_lines": [], "start_line": 76}, "Subgraph": {"executed_lines": [], "summary": {"covered_lines": 0, "num_statements": 1, "percent_covered": 0.0, "percent_covered_display": "0", "missing_lines": 1, "excluded_lines": 0, "percent_statements_covered": 0.0, "percent_statements_covered_display": "0"}, "missing_lines": [126], "excluded_lines": [], "start_line": 111}, "IGraphQueryEngine": {"executed_lines": [], "summary": {"covered_lines": 0, "num_statements": 9, "percent_covered": 0.0, "percent_covered_display": "0", "missing_lines": 9, "excluded_lines": 0, "percent_statements_covered": 0.0, "percent_statements_covered_display": "0"}, "missing_lines": [191, 224, 255, 280, 293, 306, 316, 326, 335], "excluded_lines": [], "start_line": 137}, "": {"executed_lines": [], "summary": {"covered_lines": 0, "num_statements": 61, "percent_covered": 0.0, "percent_covered_display": "0", "missing_lines": 61, "excluded_lines": 0, "percent_statements_covered": 0.0, "percent_statements_covered_display": "0"}, "missing_lines": [12, 13, 14, 15, 18, 20, 21, 22, 25, 26, 37, 38, 39, 41, 44, 48, 49, 62, 63, 64, 65, 66, 68, 71, 75, 76, 87, 88, 89, 91, 92, 96, 97, 101, 110, 111, 121, 122, 124, 137, 163, 164, 193, 194, 226, 227, 257, 258, 282, 283, 295, 296, 308, 309, 318, 319, 328, 329, 339, 340, 341], "excluded_lines": [], "start_line": 1}}}, "core\\interfaces\\logger.py": {"executed_lines": [], "summary": {"covered_lines": 0, "num_statements": 15, "percent_covered": 0.0, "percent_covered_display": "0", "missing_lines": 15, "excluded_lines": 0, "percent_statements_covered": 0.0, "percent_statements_covered_display": "0"}, "missing_lines": [8, 9, 12, 20, 21, 44, 46, 47, 57, 59, 60, 70, 72, 73, 82], "excluded_lines": [], "functions": {"ApplicationLogger.get_logs": {"executed_lines": [], "summary": {"covered_lines": 0, "num_statements": 1, "percent_covered": 0.0, "percent_covered_display": "0", "missing_lines": 1, "excluded_lines": 0, "percent_statements_covered": 0.0, "percent_statements_covered_display": "0"}, "missing_lines": [44], "excluded_lines": [], "start_line": 21}, "ApplicationLogger.get_log_count": {"executed_lines": [], "summary": {"covered_lines": 0, "num_statements": 1, "percent_covered": 0.0, "percent_covered_display": "0", "missing_lines": 1, "excluded_lines": 0, "percent_statements_covered": 0.0, "percent_statements_covered_display": "0"}, "missing_lines": [57], "excluded_lines": [], "start_line": 47}, "ApplicationLogger.clear_logs": {"executed_lines": [], "summary": {"covered_lines": 0, "num_statements": 1, "percent_covered": 0.0, "percent_covered_display": "0", "missing_lines": 1, "excluded_lines": 0, "percent_statements_covered": 0.0, "percent_statements_covered_display": "0"}, "missing_lines": [70], "excluded_lines": [], "start_line": 60}, "ApplicationLogger.log": {"executed_lines": [], "summary": {"covered_lines": 0, "num_statements": 1, "percent_covered": 0.0, "percent_covered_display": "0", "missing_lines": 1, "excluded_lines": 0, "percent_statements_covered": 0.0, "percent_statements_covered_display": "0"}, "missing_lines": [82], "excluded_lines": [], "start_line": 73}, "": {"executed_lines": [], "summary": {"covered_lines": 0, "num_statements": 11, "percent_covered": 0.0, "percent_covered_display": "0", "missing_lines": 11, "excluded_lines": 0, "percent_statements_covered": 0.0, "percent_statements_covered_display": "0"}, "missing_lines": [8, 9, 12, 20, 21, 46, 47, 59, 60, 72, 73], "excluded_lines": [], "start_line": 1}}, "classes": {"ApplicationLogger": {"executed_lines": [], "summary": {"covered_lines": 0, "num_statements": 4, "percent_covered": 0.0, "percent_covered_display": "0", "missing_lines": 4, "excluded_lines": 0, "percent_statements_covered": 0.0, "percent_statements_covered_display": "0"}, "missing_lines": [44, 57, 70, 82], "excluded_lines": [], "start_line": 12}, "": {"executed_lines": [], "summary": {"covered_lines": 0, "num_statements": 11, "percent_covered": 0.0, "percent_covered_display": "0", "missing_lines": 11, "excluded_lines": 0, "percent_statements_covered": 0.0, "percent_statements_covered_display": "0"}, "missing_lines": [8, 9, 12, 20, 21, 46, 47, 59, 60, 72, 73], "excluded_lines": [], "start_line": 1}}}, "core\\interfaces\\relationship_discovery.py": {"executed_lines": [], "summary": {"covered_lines": 0, "num_statements": 6, "percent_covered": 0.0, "percent_covered_display": "0", "missing_lines": 6, "excluded_lines": 0, "percent_statements_covered": 0.0, "percent_statements_covered_display": "0"}, "missing_lines": [12, 13, 16, 31, 32, 56], "excluded_lines": [], "functions": {"IRelationshipDiscovery.discover_fk_mappings": {"executed_lines": [], "summary": {"covered_lines": 0, "num_statements": 1, "percent_covered": 0.0, "percent_covered_display": "0", "missing_lines": 1, "excluded_lines": 0, "percent_statements_covered": 0.0, "percent_statements_covered_display": "0"}, "missing_lines": [56], "excluded_lines": [], "start_line": 32}, "": {"executed_lines": [], "summary": {"covered_lines": 0, "num_statements": 5, "percent_covered": 0.0, "percent_covered_display": "0", "missing_lines": 5, "excluded_lines": 0, "percent_statements_covered": 0.0, "percent_statements_covered_display": "0"}, "missing_lines": [12, 13, 16, 31, 32], "excluded_lines": [], "start_line": 1}}, "classes": {"IRelationshipDiscovery": {"executed_lines": [], "summary": {"covered_lines": 0, "num_statements": 1, "percent_covered": 0.0, "percent_covered_display": "0", "missing_lines": 1, "excluded_lines": 0, "percent_statements_covered": 0.0, "percent_statements_covered_display": "0"}, "missing_lines": [56], "excluded_lines": [], "start_line": 16}, "": {"executed_lines": [], "summary": {"covered_lines": 0, "num_statements": 5, "percent_covered": 0.0, "percent_covered_display": "0", "missing_lines": 5, "excluded_lines": 0, "percent_statements_covered": 0.0, "percent_statements_covered_display": "0"}, "missing_lines": [12, 13, 16, 31, 32], "excluded_lines": [], "start_line": 1}}}, "core\\services\\__init__.py": {"executed_lines": [], "summary": {"covered_lines": 0, "num_statements": 8, "percent_covered": 0.0, "percent_covered_display": "0", "missing_lines": 8, "excluded_lines": 0, "percent_statements_covered": 0.0, "percent_statements_covered_display": "0"}, "missing_lines": [16, 17, 18, 19, 20, 21, 22, 24], "excluded_lines": [], "functions": {"": {"executed_lines": [], "summary": {"covered_lines": 0, "num_statements": 8, "percent_covered": 0.0, "percent_covered_display": "0", "missing_lines": 8, "excluded_lines": 0, "percent_statements_covered": 0.0, "percent_statements_covered_display": "0"}, "missing_lines": [16, 17, 18, 19, 20, 21, 22, 24], "excluded_lines": [], "start_line": 1}}, "classes": {"": {"executed_lines": [], "summary": {"covered_lines": 0, "num_statements": 8, "percent_covered": 0.0, "percent_covered_display": "0", "missing_lines": 8, "excluded_lines": 0, "percent_statements_covered": 0.0, "percent_statements_covered_display": "0"}, "missing_lines": [16, 17, 18, 19, 20, 21, 22, 24], "excluded_lines": [], "start_line": 1}}}, "core\\services\\csn_parser.py": {"executed_lines": [], "summary": {"covered_lines": 0, "num_statements": 156, "percent_covered": 0.0, "percent_covered_display": "0", "missing_lines": 156, "excluded_lines": 0, "percent_statements_covered": 0.0, "percent_statements_covered_display": "0"}, "missing_lines": [14, 15, 16, 17, 18, 21, 22, 24, 25, 26, 27, 28, 29, 30, 33, 34, 36, 37, 38, 39, 42, 43, 45, 46, 47, 48, 49, 50, 51, 54, 65, 72, 73, 74, 76, 83, 84, 86, 88, 89, 92, 93, 94, 96, 99, 100, 101, 104, 105, 107, 108, 110, 111, 113, 114, 116, 117, 119, 120, 130, 131, 132, 134, 135, 136, 137, 139, 149, 151, 152, 153, 155, 156, 157, 159, 162, 163, 164, 166, 168, 178, 179, 180, 182, 185, 186, 187, 189, 191, 192, 194, 195, 196, 198, 207, 210, 211, 212, 215, 216, 219, 220, 221, 224, 225, 226, 228, 230, 236, 238, 248, 258, 259, 261, 274, 275, 276, 278, 279, 280, 281, 282, 288, 290, 300, 301, 302, 304, 314, 325, 326, 327, 329, 330, 331, 333, 335, 342, 343, 345, 347, 348, 349, 353, 356, 367, 368, 369, 373, 375, 378, 380, 383, 385, 388, 390], "excluded_lines": [], "functions": {"CSNParser.__init__": {"executed_lines": [], "summary": {"covered_lines": 0, "num_statements": 3, "percent_covered": 0.0, "percent_covered_display": "0", "missing_lines": 3, "excluded_lines": 0, "percent_statements_covered": 0.0, "percent_statements_covered_display": "0"}, "missing_lines": [72, 73, 74], "excluded_lines": [], "start_line": 65}, "CSNParser._build_entity_index": {"executed_lines": [], "summary": {"covered_lines": 0, "num_statements": 22, "percent_covered": 0.0, "percent_covered_display": "0", "missing_lines": 22, "excluded_lines": 0, "percent_statements_covered": 0.0, "percent_statements_covered_display": "0"}, "missing_lines": [83, 84, 86, 88, 89, 92, 93, 94, 96, 99, 100, 101, 104, 105, 107, 108, 110, 111, 113, 114, 116, 117], "excluded_lines": [], "start_line": 76}, "CSNParser._load_csn_file": {"executed_lines": [], "summary": {"covered_lines": 0, "num_statements": 7, "percent_covered": 0.0, "percent_covered_display": "0", "missing_lines": 7, "excluded_lines": 0, "percent_statements_covered": 0.0, "percent_statements_covered_display": "0"}, "missing_lines": [130, 131, 132, 134, 135, 136, 137], "excluded_lines": [], "start_line": 120}, "CSNParser._find_entity_definition": {"executed_lines": [], "summary": {"covered_lines": 0, "num_statements": 12, "percent_covered": 0.0, "percent_covered_display": "0", "missing_lines": 12, "excluded_lines": 0, "percent_statements_covered": 0.0, "percent_statements_covered_display": "0"}, "missing_lines": [149, 151, 152, 153, 155, 156, 157, 159, 162, 163, 164, 166], "excluded_lines": [], "start_line": 139}, "CSNParser.get_entity_metadata": {"executed_lines": [], "summary": {"covered_lines": 0, "num_statements": 30, "percent_covered": 0.0, "percent_covered_display": "0", "missing_lines": 30, "excluded_lines": 0, "percent_statements_covered": 0.0, "percent_statements_covered_display": "0"}, "missing_lines": [178, 179, 180, 182, 185, 186, 187, 189, 191, 192, 194, 195, 196, 198, 207, 210, 211, 212, 215, 216, 219, 220, 221, 224, 225, 226, 228, 230, 236, 238], "excluded_lines": [], "start_line": 168}, "CSNParser.get_primary_keys": {"executed_lines": [], "summary": {"covered_lines": 0, "num_statements": 2, "percent_covered": 0.0, "percent_covered_display": "0", "missing_lines": 2, "excluded_lines": 0, "percent_statements_covered": 0.0, "percent_statements_covered_display": "0"}, "missing_lines": [258, 259], "excluded_lines": [], "start_line": 248}, "CSNParser.get_foreign_keys": {"executed_lines": [], "summary": {"covered_lines": 0, "num_statements": 9, "percent_covered": 0.0, "percent_covered_display": "0", "missing_lines": 9, "excluded_lines": 0, "percent_statements_covered": 0.0, "percent_statements_covered_display": "0"}, "missing_lines": [274, 275, 276, 278, 279, 280, 281, 282, 288], "excluded_lines": [], "start_line": 261}, "CSNParser.get_associations": {"executed_lines": [], "summary": {"covered_lines": 0, "num_statements": 4, "percent_covered": 0.0, "percent_covered_display": "0", "missing_lines": 4, "excluded_lines": 0, "percent_statements_covered": 0.0, "percent_statements_covered_display": "0"}, "missing_lines": [300, 301, 302, 304], "excluded_lines": [], "start_line": 290}, "CSNParser.get_column_metadata": {"executed_lines": [], "summary": {"covered_lines": 0, "num_statements": 7, "percent_covered": 0.0, "percent_covered_display": "0", "missing_lines": 7, "excluded_lines": 0, "percent_statements_covered": 0.0, "percent_statements_covered_display": "0"}, "missing_lines": [325, 326, 327, 329, 330, 331, 333], "excluded_lines": [], "start_line": 314}, "CSNParser.list_entities": {"executed_lines": [], "summary": {"covered_lines": 0, "num_statements": 2, "percent_covered": 0.0, "percent_covered_display": "0", "missing_lines": 2, "excluded_lines": 0, "percent_statements_covered": 0.0, "percent_statements_covered_display": "0"}, "missing_lines": [342, 343], "excluded_lines": [], "start_line": 335}, "CSNParser.clear_cache": {"executed_lines": [], "summary": {"covered_lines": 0, "num_statements": 3, "percent_covered": 0.0, "percent_covered_display": "0", "missing_lines": 3, "excluded_lines": 0, "percent_statements_covered": 0.0, "percent_statements_covered_display": "0"}, "missing_lines": [347, 348, 349], "excluded_lines": [], "start_line": 345}, "get_parser": {"executed_lines": [], "summary": {"covered_lines": 0, "num_statements": 3, "percent_covered": 0.0, "percent_covered_display": "0", "missing_lines": 3, "excluded_lines": 0, "percent_statements_covered": 0.0, "percent_statements_covered_display": "0"}, "missing_lines": [367, 368, 369], "excluded_lines": [], "start_line": 356}, "get_primary_keys": {"executed_lines": [], "summary": {"covered_lines": 0, "num_statements": 1, "percent_covered": 0.0, "percent_covered_display": "0", "missing_lines": 1, "excluded_lines": 0, "percent_statements_covered": 0.0, "percent_statements_covered_display": "0"}, "missing_lines": [375], "excluded_lines": [], "start_line": 373}, "get_foreign_keys": {"executed_lines": [], "summary": {"covered_lines": 0, "num_statements": 1, "percent_covered": 0.0, "percent_covered_display": "0", "missing_lines": 1, "excluded_lines": 0, "percent_statements_covered": 0.0, "percent_statements_covered_display": "0"}, "missing_lines": [380], "excluded_lines": [], "start_line": 378}, "get_associations": {"executed_lines": [], "summary": {"covered_lines": 0, "num_statements": 1, "percent_covered": 0.0, "percent_covered_display": "0", "missing_lines": 1, "excluded_lines": 0, "percent_statements_covered": 0.0, "percent_statements_covered_display": "0"}, "missing_lines": [385], "excluded_lines": [], "start_line": 383}, "list_entities": {"executed_lines": [], "summary": {"covered_lines": 0, "num_statements": 1, "percent_covered": 0.0, "percent_covered_display": "0", "missing_lines": 1, "excluded_lines": 0, "percent_statements_covered": 0.0, "percent_statements_covered_display": "0"}, "missing_lines": [390], "excluded_lines": [], "start_line": 388}, "": {"executed_lines": [], "summary": {"covered_lines": 0, "num_statements": 48, "percent_covered": 0.0, "percent_covered_display": "0", "missing_lines": 48, "excluded_lines": 0, "percent_statements_covered": 0.0, "percent_statements_covered_display": "0"}, "missing_lines": [14, 15, 16, 17, 18, 21, 22, 24, 25, 26, 27, 28, 29, 30, 33, 34, 36, 37, 38, 39, 42, 43, 45, 46, 47, 48, 49, 50, 51, 54, 65, 76, 119, 120, 139, 168, 248, 261, 290, 314, 335, 345, 353, 356, 373, 378, 383, 388], "excluded_lines": [], "start_line": 1}}, "classes": {"ColumnMetadata": {"executed_lines": [], "summary": {"covered_lines": 0, "num_statements": 0, "percent_covered": 100.0, "percent_covered_display": "100", "missing_lines": 0, "excluded_lines": 0, "percent_statements_covered": 100.0, "percent_statements_covered_display": "100"}, "missing_lines": [], "excluded_lines": [], "start_line": 22}, "AssociationMetadata": {"executed_lines": [], "summary": {"covered_lines": 0, "num_statements": 0, "percent_covered": 100.0, "percent_covered_display": "100", "missing_lines": 0, "excluded_lines": 0, "percent_statements_covered": 100.0, "percent_statements_covered_display": "100"}, "missing_lines": [], "excluded_lines": [], "start_line": 34}, "EntityMetadata": {"executed_lines": [], "summary": {"covered_lines": 0, "num_statements": 0, "percent_covered": 100.0, "percent_covered_display": "100", "missing_lines": 0, "excluded_lines": 0, "percent_statements_covered": 100.0, "percent_statements_covered_display": "100"}, "missing_lines": [], "excluded_lines": [], "start_line": 43}, "CSNParser": {"executed_lines": [], "summary": {"covered_lines": 0, "num_statements": 101, "percent_covered": 0.0, "percent_covered_display": "0", "missing_lines": 101, "excluded_lines": 0, "percent_statements_covered": 0.0, "percent_statements_covered_display": "0"}, "missing_lines": [72, 73, 74, 83, 84, 86, 88, 89, 92, 93, 94, 96, 99, 100, 101, 104, 105, 107, 108, 110, 111, 113, 114, 116, 117, 130, 131, 132, 134, 135, 136, 137, 149, 151, 152, 153, 155, 156, 157, 159, 162, 163, 164, 166, 178, 179, 180, 182, 185, 186, 187, 189, 191, 192, 194, 195, 196, 198, 207, 210, 211, 212, 215, 216, 219, 220, 221, 224, 225, 226, 228, 230, 236, 238, 258, 259, 274, 275, 276, 278, 279, 280, 281, 282, 288, 300, 301, 302, 304, 325, 326, 327, 329, 330, 331, 333, 342, 343, 347, 348, 349], "excluded_lines": [], "start_line": 54}, "": {"executed_lines": [], "summary": {"covered_lines": 0, "num_statements": 55, "percent_covered": 0.0, "percent_covered_display": "0", "missing_lines": 55, "excluded_lines": 0, "percent_statements_covered": 0.0, "percent_statements_covered_display": "0"}, "missing_lines": [14, 15, 16, 17, 18, 21, 22, 24, 25, 26, 27, 28, 29, 30, 33, 34, 36, 37, 38, 39, 42, 43, 45, 46, 47, 48, 49, 50, 51, 54, 65, 76, 119, 120, 139, 168, 248, 261, 290, 314, 335, 345, 353, 356, 367, 368, 369, 373, 375, 378, 380, 383, 385, 388, 390], "excluded_lines": [], "start_line": 1}}}, "core\\services\\graph_cache_service.py": {"executed_lines": [], "summary": {"covered_lines": 0, "num_statements": 48, "percent_covered": 0.0, "percent_covered_display": "0", "missing_lines": 48, "excluded_lines": 0, "percent_statements_covered": 0.0, "percent_statements_covered_display": "0"}, "missing_lines": [8, 9, 10, 11, 12, 14, 17, 20, 22, 24, 43, 44, 46, 48, 53, 58, 61, 63, 64, 65, 68, 73, 86, 88, 89, 90, 91, 94, 99, 113, 115, 119, 121, 122, 123, 124, 126, 128, 138, 139, 141, 142, 146, 147, 149, 150, 152, 155], "excluded_lines": [], "functions": {"GraphCacheService.__init__": {"executed_lines": [], "summary": {"covered_lines": 0, "num_statements": 1, "percent_covered": 0.0, "percent_covered_display": "0", "missing_lines": 1, "excluded_lines": 0, "percent_statements_covered": 0.0, "percent_statements_covered_display": "0"}, "missing_lines": [22], "excluded_lines": [], "start_line": 20}, "GraphCacheService.save_graph": {"executed_lines": [], "summary": {"covered_lines": 0, "num_statements": 27, "percent_covered": 0.0, "percent_covered_display": "0", "missing_lines": 27, "excluded_lines": 0, "percent_statements_covered": 0.0, "percent_statements_covered_display": "0"}, "missing_lines": [43, 44, 46, 48, 53, 58, 61, 63, 64, 65, 68, 73, 86, 88, 89, 90, 91, 94, 99, 113, 115, 119, 121, 122, 123, 124, 126], "excluded_lines": [], "start_line": 24}, "GraphCacheService.clear_cache": {"executed_lines": [], "summary": {"covered_lines": 0, "num_statements": 10, "percent_covered": 0.0, "percent_covered_display": "0", "missing_lines": 10, "excluded_lines": 0, "percent_statements_covered": 0.0, "percent_statements_covered_display": "0"}, "missing_lines": [138, 139, 141, 142, 146, 147, 149, 150, 152, 155], "excluded_lines": [], "start_line": 128}, "": {"executed_lines": [], "summary": {"covered_lines": 0, "num_statements": 10, "percent_covered": 0.0, "percent_covered_display": "0", "missing_lines": 10, "excluded_lines": 0, "percent_statements_covered": 0.0, "percent_statements_covered_display": "0"}, "missing_lines": [8, 9, 10, 11, 12, 14, 17, 20, 24, 128], "excluded_lines": [], "start_line": 1}}, "classes": {"GraphCacheService": {"executed_lines": [], "summary": {"covered_lines": 0, "num_statements": 38, "percent_covered": 0.0, "percent_covered_display": "0", "missing_lines": 38, "excluded_lines": 0, "percent_statements_covered": 0.0, "percent_statements_covered_display": "0"}, "missing_lines": [22, 43, 44, 46, 48, 53, 58, 61, 63, 64, 65, 68, 73, 86, 88, 89, 90, 91, 94, 99, 113, 115, 119, 121, 122, 123, 124, 126, 138, 139, 141, 142, 146, 147, 149, 150, 152, 155], "excluded_lines": [], "start_line": 17}, "": {"executed_lines": [], "summary": {"covered_lines": 0, "num_statements": 10, "percent_covered": 0.0, "percent_covered_display": "0", "missing_lines": 10, "excluded_lines": 0, "percent_statements_covered": 0.0, "percent_statements_covered_display": "0"}, "missing_lines": [8, 9, 10, 11, 12, 14, 17, 20, 24, 128], "excluded_lines": [], "start_line": 1}}}, "core\\services\\graph_query_service.py": {"executed_lines": [], "summary": {"covered_lines": 0, "num_statements": 75, "percent_covered": 0.0, "percent_covered_display": "0", "missing_lines": 75, "excluded_lines": 0, "percent_statements_covered": 0.0, "percent_statements_covered_display": "0"}, "missing_lines": [15, 16, 18, 25, 26, 27, 29, 32, 56, 70, 71, 72, 75, 78, 79, 80, 81, 82, 84, 86, 98, 101, 102, 103, 104, 108, 109, 110, 111, 114, 115, 117, 124, 126, 131, 132, 133, 134, 136, 137, 138, 140, 146, 154, 156, 163, 165, 173, 175, 181, 183, 185, 187, 189, 191, 193, 195, 197, 199, 201, 207, 220, 221, 223, 224, 226, 244, 245, 247, 248, 250, 263, 264, 266, 267], "excluded_lines": [], "functions": {"GraphQueryService.__init__": {"executed_lines": [], "summary": {"covered_lines": 0, "num_statements": 10, "percent_covered": 0.0, "percent_covered_display": "0", "missing_lines": 10, "excluded_lines": 0, "percent_statements_covered": 0.0, "percent_statements_covered_display": "0"}, "missing_lines": [70, 71, 72, 75, 78, 79, 80, 81, 82, 84], "excluded_lines": [], "start_line": 56}, "GraphQueryService._select_engine": {"executed_lines": [], "summary": {"covered_lines": 0, "num_statements": 11, "percent_covered": 0.0, "percent_covered_display": "0", "missing_lines": 11, "excluded_lines": 0, "percent_statements_covered": 0.0, "percent_statements_covered_display": "0"}, "missing_lines": [98, 101, 102, 103, 104, 108, 109, 110, 111, 114, 115], "excluded_lines": [], "start_line": 86}, "GraphQueryService.get_backend_info": {"executed_lines": [], "summary": {"covered_lines": 0, "num_statements": 10, "percent_covered": 0.0, "percent_covered_display": "0", "missing_lines": 10, "excluded_lines": 0, "percent_statements_covered": 0.0, "percent_statements_covered_display": "0"}, "missing_lines": [124, 126, 131, 132, 133, 134, 136, 137, 138, 140], "excluded_lines": [], "start_line": 117}, "GraphQueryService.get_neighbors": {"executed_lines": [], "summary": {"covered_lines": 0, "num_statements": 1, "percent_covered": 0.0, "percent_covered_display": "0", "missing_lines": 1, "excluded_lines": 0, "percent_statements_covered": 0.0, "percent_statements_covered_display": "0"}, "missing_lines": [154], "excluded_lines": [], "start_line": 146}, "GraphQueryService.shortest_path": {"executed_lines": [], "summary": {"covered_lines": 0, "num_statements": 1, "percent_covered": 0.0, "percent_covered_display": "0", "missing_lines": 1, "excluded_lines": 0, "percent_statements_covered": 0.0, "percent_statements_covered_display": "0"}, "missing_lines": [163], "excluded_lines": [], "start_line": 156}, "GraphQueryService.traverse": {"executed_lines": [], "summary": {"covered_lines": 0, "num_statements": 1, "percent_covered": 0.0, "percent_covered_display": "0", "missing_lines": 1, "excluded_lines": 0, "percent_statements_covered": 0.0, "percent_statements_covered_display": "0"}, "missing_lines": [173], "excluded_lines": [], "start_line": 165}, "GraphQueryService.subgraph": {"executed_lines": [], "summary": {"covered_lines": 0, "num_statements": 1, "percent_covered": 0.0, "percent_covered_display": "0", "missing_lines": 1, "excluded_lines": 0, "percent_statements_covered": 0.0, "percent_statements_covered_display": "0"}, "missing_lines": [181], "excluded_lines": [], "start_line": 175}, "GraphQueryService.get_node": {"executed_lines": [], "summary": {"covered_lines": 0, "num_statements": 1, "percent_covered": 0.0, "percent_covered_display": "0", "missing_lines": 1, "excluded_lines": 0, "percent_statements_covered": 0.0, "percent_statements_covered_display": "0"}, "missing_lines": [185], "excluded_lines": [], "start_line": 183}, "GraphQueryService.node_exists": {"executed_lines": [], "summary": {"covered_lines": 0, "num_statements": 1, "percent_covered": 0.0, "percent_covered_display": "0", "missing_lines": 1, "excluded_lines": 0, "percent_statements_covered": 0.0, "percent_statements_covered_display": "0"}, "missing_lines": [189], "excluded_lines": [], "start_line": 187}, "GraphQueryService.get_node_count": {"executed_lines": [], "summary": {"covered_lines": 0, "num_statements": 1, "percent_covered": 0.0, "percent_covered_display": "0", "missing_lines": 1, "excluded_lines": 0, "percent_statements_covered": 0.0, "percent_statements_covered_display": "0"}, "missing_lines": [193], "excluded_lines": [], "start_line": 191}, "GraphQueryService.get_edge_count": {"executed_lines": [], "summary": {"covered_lines": 0, "num_statements": 1, "percent_covered": 0.0, "percent_covered_display": "0", "missing_lines": 1, "excluded_lines": 0, "percent_statements_covered": 0.0, "percent_statements_covered_display": "0"}, "missing_lines": [197], "excluded_lines": [], "start_line": 195}, "GraphQueryService.clear_cache": {"executed_lines": [], "summary": {"covered_lines": 0, "num_statements": 1, "percent_covered": 0.0, "percent_covered_display": "0", "missing_lines": 1, "excluded_lines": 0, "percent_statements_covered": 0.0, "percent_statements_covered_display": "0"}, "missing_lines": [201], "excluded_lines": [], "start_line": 199}, "GraphQueryService.get_pagerank": {"executed_lines": [], "summary": {"covered_lines": 0, "num_statements": 4, "percent_covered": 0.0, "percent_covered_display": "0", "missing_lines": 4, "excluded_lines": 0, "percent_statements_covered": 0.0, "percent_statements_covered_display": "0"}, "missing_lines": [220, 221, 223, 224], "excluded_lines": [], "start_line": 207}, "GraphQueryService.get_betweenness_centrality": {"executed_lines": [], "summary": {"covered_lines": 0, "num_statements": 4, "percent_covered": 0.0, "percent_covered_display": "0", "missing_lines": 4, "excluded_lines": 0, "percent_statements_covered": 0.0, "percent_statements_covered_display": "0"}, "missing_lines": [244, 245, 247, 248], "excluded_lines": [], "start_line": 226}, "GraphQueryService.detect_communities": {"executed_lines": [], "summary": {"covered_lines": 0, "num_statements": 4, "percent_covered": 0.0, "percent_covered_display": "0", "missing_lines": 4, "excluded_lines": 0, "percent_statements_covered": 0.0, "percent_statements_covered_display": "0"}, "missing_lines": [263, 264, 266, 267], "excluded_lines": [], "start_line": 250}, "": {"executed_lines": [], "summary": {"covered_lines": 0, "num_statements": 23, "percent_covered": 0.0, "percent_covered_display": "0", "missing_lines": 23, "excluded_lines": 0, "percent_statements_covered": 0.0, "percent_statements_covered_display": "0"}, "missing_lines": [15, 16, 18, 25, 26, 27, 29, 32, 56, 86, 117, 146, 156, 165, 175, 183, 187, 191, 195, 199, 207, 226, 250], "excluded_lines": [], "start_line": 1}}, "classes": {"GraphQueryService": {"executed_lines": [], "summary": {"covered_lines": 0, "num_statements": 52, "percent_covered": 0.0, "percent_covered_display": "0", "missing_lines": 52, "excluded_lines": 0, "percent_statements_covered": 0.0, "percent_statements_covered_display": "0"}, "missing_lines": [70, 71, 72, 75, 78, 79, 80, 81, 82, 84, 98, 101, 102, 103, 104, 108, 109, 110, 111, 114, 115, 124, 126, 131, 132, 133, 134, 136, 137, 138, 140, 154, 163, 173, 181, 185, 189, 193, 197, 201, 220, 221, 223, 224, 244, 245, 247, 248, 263, 264, 266, 267], "excluded_lines": [], "start_line": 32}, "": {"executed_lines": [], "summary": {"covered_lines": 0, "num_statements": 23, "percent_covered": 0.0, "percent_covered_display": "0", "missing_lines": 23, "excluded_lines": 0, "percent_statements_covered": 0.0, "percent_statements_covered_display": "0"}, "missing_lines": [15, 16, 18, 25, 26, 27, 29, 32, 56, 86, 117, 146, 156, 165, 175, 183, 187, 191, 195, 199, 207, 226, 250], "excluded_lines": [], "start_line": 1}}}, "core\\services\\hana_graph_query_engine.py": {"executed_lines": [], "summary": {"covered_lines": 0, "num_statements": 181, "percent_covered": 0.0, "percent_covered_display": "0", "missing_lines": 181, "excluded_lines": 0, "percent_statements_covered": 0.0, "percent_statements_covered_display": "0"}, "missing_lines": [15, 16, 17, 18, 21, 23, 31, 33, 36, 56, 68, 69, 70, 72, 74, 88, 89, 91, 93, 95, 97, 114, 115, 118, 125, 141, 142, 143, 146, 147, 149, 151, 152, 153, 156, 157, 158, 162, 168, 169, 171, 172, 173, 175, 192, 193, 194, 196, 215, 217, 218, 219, 222, 223, 225, 227, 231, 238, 239, 240, 241, 252, 258, 259, 261, 262, 263, 265, 278, 279, 280, 287, 302, 303, 304, 306, 308, 309, 310, 313, 314, 315, 319, 325, 326, 328, 329, 330, 332, 342, 343, 344, 347, 348, 349, 350, 353, 354, 357, 358, 363, 364, 366, 373, 375, 377, 378, 379, 381, 385, 386, 389, 395, 397, 398, 399, 405, 407, 408, 409, 411, 413, 415, 419, 420, 426, 428, 429, 431, 433, 434, 435, 437, 441, 442, 448, 450, 451, 453, 455, 456, 457, 459, 461, 462, 468, 478, 479, 493, 495, 496, 501, 503, 504, 505, 507, 522, 523, 534, 535, 537, 539, 541, 542, 547, 549, 550, 551, 553, 563, 565, 566, 568, 570, 580, 582, 583, 588, 590, 591, 592], "excluded_lines": [], "functions": {"HANAGraphQueryEngine.__init__": {"executed_lines": [], "summary": {"covered_lines": 0, "num_statements": 4, "percent_covered": 0.0, "percent_covered_display": "0", "missing_lines": 4, "excluded_lines": 0, "percent_statements_covered": 0.0, "percent_statements_covered_display": "0"}, "missing_lines": [68, 69, 70, 72], "excluded_lines": [], "start_line": 56}, "HANAGraphQueryEngine._parse_node_id": {"executed_lines": [], "summary": {"covered_lines": 0, "num_statements": 3, "percent_covered": 0.0, "percent_covered_display": "0", "missing_lines": 3, "excluded_lines": 0, "percent_statements_covered": 0.0, "percent_statements_covered_display": "0"}, "missing_lines": [88, 89, 91], "excluded_lines": [], "start_line": 74}, "HANAGraphQueryEngine._format_node_id": {"executed_lines": [], "summary": {"covered_lines": 0, "num_statements": 1, "percent_covered": 0.0, "percent_covered_display": "0", "missing_lines": 1, "excluded_lines": 0, "percent_statements_covered": 0.0, "percent_statements_covered_display": "0"}, "missing_lines": [95], "excluded_lines": [], "start_line": 93}, "HANAGraphQueryEngine.get_neighbors": {"executed_lines": [], "summary": {"covered_lines": 0, "num_statements": 22, "percent_covered": 0.0, "percent_covered_display": "0", "missing_lines": 22, "excluded_lines": 0, "percent_statements_covered": 0.0, "percent_statements_covered_display": "0"}, "missing_lines": [114, 115, 118, 125, 141, 142, 143, 146, 147, 149, 151, 152, 153, 156, 157, 158, 162, 168, 169, 171, 172, 173], "excluded_lines": [], "start_line": 97}, "HANAGraphQueryEngine.shortest_path": {"executed_lines": [], "summary": {"covered_lines": 0, "num_statements": 23, "percent_covered": 0.0, "percent_covered_display": "0", "missing_lines": 23, "excluded_lines": 0, "percent_statements_covered": 0.0, "percent_statements_covered_display": "0"}, "missing_lines": [192, 193, 194, 196, 215, 217, 218, 219, 222, 223, 225, 227, 231, 238, 239, 240, 241, 252, 258, 259, 261, 262, 263], "excluded_lines": [], "start_line": 175}, "HANAGraphQueryEngine.traverse": {"executed_lines": [], "summary": {"covered_lines": 0, "num_statements": 20, "percent_covered": 0.0, "percent_covered_display": "0", "missing_lines": 20, "excluded_lines": 0, "percent_statements_covered": 0.0, "percent_statements_covered_display": "0"}, "missing_lines": [278, 279, 280, 287, 302, 303, 304, 306, 308, 309, 310, 313, 314, 315, 319, 325, 326, 328, 329, 330], "excluded_lines": [], "start_line": 265}, "HANAGraphQueryEngine.subgraph": {"executed_lines": [], "summary": {"covered_lines": 0, "num_statements": 19, "percent_covered": 0.0, "percent_covered_display": "0", "missing_lines": 19, "excluded_lines": 0, "percent_statements_covered": 0.0, "percent_statements_covered_display": "0"}, "missing_lines": [342, 343, 344, 347, 348, 349, 350, 353, 354, 357, 358, 363, 364, 366, 373, 375, 377, 378, 379], "excluded_lines": [], "start_line": 332}, "HANAGraphQueryEngine.get_node": {"executed_lines": [], "summary": {"covered_lines": 0, "num_statements": 11, "percent_covered": 0.0, "percent_covered_display": "0", "missing_lines": 11, "excluded_lines": 0, "percent_statements_covered": 0.0, "percent_statements_covered_display": "0"}, "missing_lines": [385, 386, 389, 395, 397, 398, 399, 405, 407, 408, 409], "excluded_lines": [], "start_line": 381}, "HANAGraphQueryEngine.node_exists": {"executed_lines": [], "summary": {"covered_lines": 0, "num_statements": 1, "percent_covered": 0.0, "percent_covered_display": "0", "missing_lines": 1, "excluded_lines": 0, "percent_statements_covered": 0.0, "percent_statements_covered_display": "0"}, "missing_lines": [413], "excluded_lines": [], "start_line": 411}, "HANAGraphQueryEngine.get_node_count": {"executed_lines": [], "summary": {"covered_lines": 0, "num_statements": 9, "percent_covered": 0.0, "percent_covered_display": "0", "missing_lines": 9, "excluded_lines": 0, "percent_statements_covered": 0.0, "percent_statements_covered_display": "0"}, "missing_lines": [419, 420, 426, 428, 429, 431, 433, 434, 435], "excluded_lines": [], "start_line": 415}, "HANAGraphQueryEngine.get_edge_count": {"executed_lines": [], "summary": {"covered_lines": 0, "num_statements": 9, "percent_covered": 0.0, "percent_covered_display": "0", "missing_lines": 9, "excluded_lines": 0, "percent_statements_covered": 0.0, "percent_statements_covered_display": "0"}, "missing_lines": [441, 442, 448, 450, 451, 453, 455, 456, 457], "excluded_lines": [], "start_line": 437}, "HANAGraphQueryEngine.clear_cache": {"executed_lines": [], "summary": {"covered_lines": 0, "num_statements": 2, "percent_covered": 0.0, "percent_covered_display": "0", "missing_lines": 2, "excluded_lines": 0, "percent_statements_covered": 0.0, "percent_statements_covered_display": "0"}, "missing_lines": [461, 462], "excluded_lines": [], "start_line": 459}, "HANAGraphQueryEngine.get_pagerank": {"executed_lines": [], "summary": {"covered_lines": 0, "num_statements": 9, "percent_covered": 0.0, "percent_covered_display": "0", "missing_lines": 9, "excluded_lines": 0, "percent_statements_covered": 0.0, "percent_statements_covered_display": "0"}, "missing_lines": [478, 479, 493, 495, 496, 501, 503, 504, 505], "excluded_lines": [], "start_line": 468}, "HANAGraphQueryEngine.get_betweenness_centrality": {"executed_lines": [], "summary": {"covered_lines": 0, "num_statements": 12, "percent_covered": 0.0, "percent_covered_display": "0", "missing_lines": 12, "excluded_lines": 0, "percent_statements_covered": 0.0, "percent_statements_covered_display": "0"}, "missing_lines": [522, 523, 534, 535, 537, 539, 541, 542, 547, 549, 550, 551], "excluded_lines": [], "start_line": 507}, "HANAGraphQueryEngine.detect_communities": {"executed_lines": [], "summary": {"covered_lines": 0, "num_statements": 12, "percent_covered": 0.0, "percent_covered_display": "0", "missing_lines": 12, "excluded_lines": 0, "percent_statements_covered": 0.0, "percent_statements_covered_display": "0"}, "missing_lines": [563, 565, 566, 568, 570, 580, 582, 583, 588, 590, 591, 592], "excluded_lines": [], "start_line": 553}, "": {"executed_lines": [], "summary": {"covered_lines": 0, "num_statements": 24, "percent_covered": 0.0, "percent_covered_display": "0", "missing_lines": 24, "excluded_lines": 0, "percent_statements_covered": 0.0, "percent_statements_covered_display": "0"}, "missing_lines": [15, 16, 17, 18, 21, 23, 31, 33, 36, 56, 74, 93, 97, 175, 265, 332, 381, 411, 415, 437, 459, 468, 507, 553], "excluded_lines": [], "start_line": 1}}, "classes": {"HANAGraphQueryEngine": {"executed_lines": [], "summary": {"covered_lines": 0, "num_statements": 157, "percent_covered": 0.0, "percent_covered_display": "0", "missing_lines": 157, "excluded_lines": 0, "percent_statements_covered": 0.0, "percent_statements_covered_display": "0"}, "missing_lines": [68, 69, 70, 72, 88, 89, 91, 95, 114, 115, 118, 125, 141, 142, 143, 146, 147, 149, 151, 152, 153, 156, 157, 158, 162, 168, 169, 171, 172, 173, 192, 193, 194, 196, 215, 217, 218, 219, 222, 223, 225, 227, 231, 238, 239, 240, 241, 252, 258, 259, 261, 262, 263, 278, 279, 280, 287, 302, 303, 304, 306, 308, 309, 310, 313, 314, 315, 319, 325, 326, 328, 329, 330, 342, 343, 344, 347, 348, 349, 350, 353, 354, 357, 358, 363, 364, 366, 373, 375, 377, 378, 379, 385, 386, 389, 395, 397, 398, 399, 405, 407, 408, 409, 413, 419, 420, 426, 428, 429, 431, 433, 434, 435, 441, 442, 448, 450, 451, 453, 455, 456, 457, 461, 462, 478, 479, 493, 495, 496, 501, 503, 504, 505, 522, 523, 534, 535, 537, 539, 541, 542, 547, 549, 550, 551, 563, 565, 566, 568, 570, 580, 582, 583, 588, 590, 591, 592], "excluded_lines": [], "start_line": 36}, "": {"executed_lines": [], "summary": {"covered_lines": 0, "num_statements": 24, "percent_covered": 0.0, "percent_covered_display": "0", "missing_lines": 24, "excluded_lines": 0, "percent_statements_covered": 0.0, "percent_statements_covered_display": "0"}, "missing_lines": [15, 16, 17, 18, 21, 23, 31, 33, 36, 56, 74, 93, 97, 175, 265, 332, 381, 411, 415, 437, 459, 468, 507, 553], "excluded_lines": [], "start_line": 1}}}, "core\\services\\module_loader.py": {"executed_lines": [], "summary": {"covered_lines": 0, "num_statements": 70, "percent_covered": 0.0, "percent_covered_display": "0", "missing_lines": 70, "excluded_lines": 0, "percent_statements_covered": 0.0, "percent_statements_covered_display": "0"}, "missing_lines": [21, 22, 23, 24, 25, 27, 30, 32, 33, 34, 35, 36, 39, 50, 57, 58, 59, 60, 62, 86, 87, 90, 91, 94, 97, 98, 100, 102, 103, 104, 106, 107, 108, 110, 111, 112, 114, 137, 140, 141, 143, 144, 146, 149, 151, 153, 160, 161, 162, 164, 174, 176, 178, 179, 180, 181, 182, 184, 185, 186, 187, 188, 190, 191, 192, 193, 195, 199, 227, 228], "excluded_lines": [], "functions": {"ModuleLoadError.__init__": {"executed_lines": [], "summary": {"covered_lines": 0, "num_statements": 4, "percent_covered": 0.0, "percent_covered_display": "0", "missing_lines": 4, "excluded_lines": 0, "percent_statements_covered": 0.0, "percent_statements_covered_display": "0"}, "missing_lines": [33, 34, 35, 36], "excluded_lines": [], "start_line": 32}, "ModuleLoader.__init__": {"executed_lines": [], "summary": {"covered_lines": 0, "num_statements": 4, "percent_covered": 0.0, "percent_covered_display": "0", "missing_lines": 4, "excluded_lines": 0, "percent_statements_covered": 0.0, "percent_statements_covered_display": "0"}, "missing_lines": [57, 58, 59, 60], "excluded_lines": [], "start_line": 50}, "ModuleLoader.load_blueprint": {"executed_lines": [], "summary": {"covered_lines": 0, "num_statements": 17, "percent_covered": 0.0, "percent_covered_display": "0", "missing_lines": 17, "excluded_lines": 0, "percent_statements_covered": 0.0, "percent_statements_covered_display": "0"}, "missing_lines": [86, 87, 90, 91, 94, 97, 98, 100, 102, 103, 104, 106, 107, 108, 110, 111, 112], "excluded_lines": [], "start_line": 62}, "ModuleLoader._handle_load_failure": {"executed_lines": [], "summary": {"covered_lines": 0, "num_statements": 8, "percent_covered": 0.0, "percent_covered_display": "0", "missing_lines": 8, "excluded_lines": 0, "percent_statements_covered": 0.0, "percent_statements_covered_display": "0"}, "missing_lines": [137, 140, 141, 143, 144, 146, 149, 151], "excluded_lines": [], "start_line": 114}, "ModuleLoader.get_load_summary": {"executed_lines": [], "summary": {"covered_lines": 0, "num_statements": 4, "percent_covered": 0.0, "percent_covered_display": "0", "missing_lines": 4, "excluded_lines": 0, "percent_statements_covered": 0.0, "percent_statements_covered_display": "0"}, "missing_lines": [160, 161, 162, 164], "excluded_lines": [], "start_line": 153}, "ModuleLoader.log_startup_summary": {"executed_lines": [], "summary": {"covered_lines": 0, "num_statements": 16, "percent_covered": 0.0, "percent_covered_display": "0", "missing_lines": 16, "excluded_lines": 0, "percent_statements_covered": 0.0, "percent_statements_covered_display": "0"}, "missing_lines": [176, 178, 179, 180, 181, 182, 184, 185, 186, 187, 188, 190, 191, 192, 193, 195], "excluded_lines": [], "start_line": 174}, "safe_load_blueprint": {"executed_lines": [], "summary": {"covered_lines": 0, "num_statements": 2, "percent_covered": 0.0, "percent_covered_display": "0", "missing_lines": 2, "excluded_lines": 0, "percent_statements_covered": 0.0, "percent_statements_covered_display": "0"}, "missing_lines": [227, 228], "excluded_lines": [], "start_line": 199}, "": {"executed_lines": [], "summary": {"covered_lines": 0, "num_statements": 15, "percent_covered": 0.0, "percent_covered_display": "0", "missing_lines": 15, "excluded_lines": 0, "percent_statements_covered": 0.0, "percent_statements_covered_display": "0"}, "missing_lines": [21, 22, 23, 24, 25, 27, 30, 32, 39, 50, 62, 114, 153, 174, 199], "excluded_lines": [], "start_line": 1}}, "classes": {"ModuleLoadError": {"executed_lines": [], "summary": {"covered_lines": 0, "num_statements": 4, "percent_covered": 0.0, "percent_covered_display": "0", "missing_lines": 4, "excluded_lines": 0, "percent_statements_covered": 0.0, "percent_statements_covered_display": "0"}, "missing_lines": [33, 34, 35, 36], "excluded_lines": [], "start_line": 30}, "ModuleLoader": {"executed_lines": [], "summary": {"covered_lines": 0, "num_statements": 49, "percent_covered": 0.0, "percent_covered_display": "0", "missing_lines": 49, "excluded_lines": 0, "percent_statements_covered": 0.0, "percent_statements_covered_display": "0"}, "missing_lines": [57, 58, 59, 60, 86, 87, 90, 91, 94, 97, 98, 100, 102, 103, 104, 106, 107, 108, 110, 111, 112, 137, 140, 141, 143, 144, 146, 149, 151, 160, 161, 162, 164, 176, 178, 179, 180, 181, 182, 184, 185, 186, 187, 188, 190, 191, 192, 193, 195], "excluded_lines": [], "start_line": 39}, "": {"executed_lines": [], "summary": {"covered_lines": 0, "num_statements": 17, "percent_covered": 0.0, "percent_covered_display": "0", "missing_lines": 17, "excluded_lines": 0, "percent_statements_covered": 0.0, "percent_statements_covered_display": "0"}, "missing_lines": [21, 22, 23, 24, 25, 27, 30, 32, 39, 50, 62, 114, 153, 174, 199, 227, 228], "excluded_lines": [], "start_line": 1}}}, "core\\services\\module_registry.py": {"executed_lines": [], "summary": {"covered_lines": 0, "num_statements": 79, "percent_covered": 0.0, "percent_covered_display": "0", "missing_lines": 79, "excluded_lines": 0, "percent_statements_covered": 0.0, "percent_statements_covered_display": "0"}, "missing_lines": [14, 15, 16, 17, 20, 28, 35, 36, 37, 39, 45, 46, 47, 50, 51, 52, 55, 56, 57, 59, 60, 61, 63, 64, 70, 72, 73, 74, 75, 77, 87, 89, 96, 98, 109, 111, 112, 114, 117, 119, 120, 122, 124, 134, 140, 151, 152, 153, 155, 157, 158, 160, 162, 169, 171, 177, 178, 180, 187, 189, 191, 195, 198, 212, 213, 215, 218, 229, 230, 233, 235, 236, 238, 239, 240, 241, 242, 243, 244], "excluded_lines": [], "functions": {"ModuleRegistry.__init__": {"executed_lines": [], "summary": {"covered_lines": 0, "num_statements": 3, "percent_covered": 0.0, "percent_covered_display": "0", "missing_lines": 3, "excluded_lines": 0, "percent_statements_covered": 0.0, "percent_statements_covered_display": "0"}, "missing_lines": [35, 36, 37], "excluded_lines": [], "start_line": 28}, "ModuleRegistry._discover_modules": {"executed_lines": [], "summary": {"covered_lines": 0, "num_statements": 19, "percent_covered": 0.0, "percent_covered_display": "0", "missing_lines": 19, "excluded_lines": 0, "percent_statements_covered": 0.0, "percent_statements_covered_display": "0"}, "missing_lines": [45, 46, 47, 50, 51, 52, 55, 56, 57, 59, 60, 61, 63, 64, 70, 72, 73, 74, 75], "excluded_lines": [], "start_line": 39}, "ModuleRegistry.get_module": {"executed_lines": [], "summary": {"covered_lines": 0, "num_statements": 1, "percent_covered": 0.0, "percent_covered_display": "0", "missing_lines": 1, "excluded_lines": 0, "percent_statements_covered": 0.0, "percent_statements_covered_display": "0"}, "missing_lines": [87], "excluded_lines": [], "start_line": 77}, "ModuleRegistry.get_all_modules": {"executed_lines": [], "summary": {"covered_lines": 0, "num_statements": 1, "percent_covered": 0.0, "percent_covered_display": "0", "missing_lines": 1, "excluded_lines": 0, "percent_statements_covered": 0.0, "percent_statements_covered_display": "0"}, "missing_lines": [96], "excluded_lines": [], "start_line": 89}, "ModuleRegistry.get_enabled_modules": {"executed_lines": [], "summary": {"covered_lines": 0, "num_statements": 8, "percent_covered": 0.0, "percent_covered_display": "0", "missing_lines": 8, "excluded_lines": 0, "percent_statements_covered": 0.0, "percent_statements_covered_display": "0"}, "missing_lines": [109, 111, 112, 114, 117, 119, 120, 122], "excluded_lines": [], "start_line": 98}, "ModuleRegistry.get_modules_by_category": {"executed_lines": [], "summary": {"covered_lines": 0, "num_statements": 1, "percent_covered": 0.0, "percent_covered_display": "0", "missing_lines": 1, "excluded_lines": 0, "percent_statements_covered": 0.0, "percent_statements_covered_display": "0"}, "missing_lines": [134], "excluded_lines": [], "start_line": 124}, "ModuleRegistry.get_module_path": {"executed_lines": [], "summary": {"covered_lines": 0, "num_statements": 7, "percent_covered": 0.0, "percent_covered_display": "0", "missing_lines": 7, "excluded_lines": 0, "percent_statements_covered": 0.0, "percent_statements_covered_display": "0"}, "missing_lines": [151, 152, 153, 155, 157, 158, 160], "excluded_lines": [], "start_line": 140}, "ModuleRegistry.list_module_names": {"executed_lines": [], "summary": {"covered_lines": 0, "num_statements": 1, "percent_covered": 0.0, "percent_covered_display": "0", "missing_lines": 1, "excluded_lines": 0, "percent_statements_covered": 0.0, "percent_statements_covered_display": "0"}, "missing_lines": [169], "excluded_lines": [], "start_line": 162}, "ModuleRegistry.refresh": {"executed_lines": [], "summary": {"covered_lines": 0, "num_statements": 2, "percent_covered": 0.0, "percent_covered_display": "0", "missing_lines": 2, "excluded_lines": 0, "percent_statements_covered": 0.0, "percent_statements_covered_display": "0"}, "missing_lines": [177, 178], "excluded_lines": [], "start_line": 171}, "ModuleRegistry.get_module_count": {"executed_lines": [], "summary": {"covered_lines": 0, "num_statements": 1, "percent_covered": 0.0, "percent_covered_display": "0", "missing_lines": 1, "excluded_lines": 0, "percent_statements_covered": 0.0, "percent_statements_covered_display": "0"}, "missing_lines": [187], "excluded_lines": [], "start_line": 180}, "ModuleRegistry.__repr__": {"executed_lines": [], "summary": {"covered_lines": 0, "num_statements": 1, "percent_covered": 0.0, "percent_covered_display": "0", "missing_lines": 1, "excluded_lines": 0, "percent_statements_covered": 0.0, "percent_statements_covered_display": "0"}, "missing_lines": [191], "excluded_lines": [], "start_line": 189}, "get_registry": {"executed_lines": [], "summary": {"covered_lines": 0, "num_statements": 3, "percent_covered": 0.0, "percent_covered_display": "0", "missing_lines": 3, "excluded_lines": 0, "percent_statements_covered": 0.0, "percent_statements_covered_display": "0"}, "missing_lines": [212, 213, 215], "excluded_lines": [], "start_line": 198}, "reload_registry": {"executed_lines": [], "summary": {"covered_lines": 0, "num_statements": 2, "percent_covered": 0.0, "percent_covered_display": "0", "missing_lines": 2, "excluded_lines": 0, "percent_statements_covered": 0.0, "percent_statements_covered_display": "0"}, "missing_lines": [229, 230], "excluded_lines": [], "start_line": 218}, "": {"executed_lines": [], "summary": {"covered_lines": 0, "num_statements": 29, "percent_covered": 0.0, "percent_covered_display": "0", "missing_lines": 29, "excluded_lines": 0, "percent_statements_covered": 0.0, "percent_statements_covered_display": "0"}, "missing_lines": [14, 15, 16, 17, 20, 28, 39, 77, 89, 98, 124, 140, 162, 171, 180, 189, 195, 198, 218, 233, 235, 236, 238, 239, 240, 241, 242, 243, 244], "excluded_lines": [], "start_line": 1}}, "classes": {"ModuleRegistry": {"executed_lines": [], "summary": {"covered_lines": 0, "num_statements": 45, "percent_covered": 0.0, "percent_covered_display": "0", "missing_lines": 45, "excluded_lines": 0, "percent_statements_covered": 0.0, "percent_statements_covered_display": "0"}, "missing_lines": [35, 36, 37, 45, 46, 47, 50, 51, 52, 55, 56, 57, 59, 60, 61, 63, 64, 70, 72, 73, 74, 75, 87, 96, 109, 111, 112, 114, 117, 119, 120, 122, 134, 151, 152, 153, 155, 157, 158, 160, 169, 177, 178, 187, 191], "excluded_lines": [], "start_line": 20}, "": {"executed_lines": [], "summary": {"covered_lines": 0, "num_statements": 34, "percent_covered": 0.0, "percent_covered_display": "0", "missing_lines": 34, "excluded_lines": 0, "percent_statements_covered": 0.0, "percent_statements_covered_display": "0"}, "missing_lines": [14, 15, 16, 17, 20, 28, 39, 77, 89, 98, 124, 140, 162, 171, 180, 189, 195, 198, 212, 213, 215, 218, 229, 230, 233, 235, 236, 238, 239, 240, 241, 242, 243, 244], "excluded_lines": [], "start_line": 1}}}, "core\\services\\networkx_graph_query_engine.py": {"executed_lines": [], "summary": {"covered_lines": 0, "num_statements": 204, "percent_covered": 0.0, "percent_covered_display": "0", "missing_lines": 204, "excluded_lines": 0, "percent_statements_covered": 0.0, "percent_statements_covered_display": "0"}, "missing_lines": [17, 18, 19, 20, 21, 23, 33, 56, 64, 65, 66, 68, 69, 75, 87, 88, 90, 92, 93, 94, 97, 104, 105, 106, 109, 110, 112, 113, 115, 116, 119, 127, 129, 130, 131, 134, 135, 136, 138, 139, 140, 143, 151, 153, 155, 156, 158, 161, 162, 164, 166, 168, 170, 171, 172, 174, 184, 186, 187, 188, 190, 191, 192, 194, 195, 196, 197, 198, 200, 206, 214, 216, 217, 220, 221, 222, 223, 225, 228, 229, 230, 231, 232, 234, 236, 237, 238, 241, 242, 245, 254, 261, 263, 264, 266, 268, 271, 272, 275, 285, 286, 287, 288, 289, 291, 299, 305, 306, 307, 308, 309, 311, 319, 321, 322, 324, 325, 326, 328, 329, 331, 332, 334, 335, 338, 339, 340, 341, 342, 344, 347, 348, 349, 350, 351, 352, 353, 355, 356, 357, 360, 369, 375, 378, 380, 381, 384, 385, 387, 388, 389, 392, 401, 402, 403, 404, 405, 413, 415, 417, 419, 420, 422, 428, 430, 431, 433, 435, 436, 438, 440, 441, 443, 445, 446, 452, 459, 462, 463, 465, 475, 476, 478, 485, 486, 488, 495, 496, 498, 505, 506, 507, 508, 509, 511, 518, 520, 529, 536, 538, 547, 558, 566, 576], "excluded_lines": [], "functions": {"NetworkXGraphQueryEngine.__init__": {"executed_lines": [], "summary": {"covered_lines": 0, "num_statements": 5, "percent_covered": 0.0, "percent_covered_display": "0", "missing_lines": 5, "excluded_lines": 0, "percent_statements_covered": 0.0, "percent_statements_covered_display": "0"}, "missing_lines": [64, 65, 66, 68, 69], "excluded_lines": [], "start_line": 56}, "NetworkXGraphQueryEngine._load_graph": {"executed_lines": [], "summary": {"covered_lines": 0, "num_statements": 37, "percent_covered": 0.0, "percent_covered_display": "0", "missing_lines": 37, "excluded_lines": 0, "percent_statements_covered": 0.0, "percent_statements_covered_display": "0"}, "missing_lines": [87, 88, 90, 92, 93, 94, 97, 104, 105, 106, 109, 110, 112, 113, 115, 116, 119, 127, 129, 130, 131, 134, 135, 136, 138, 139, 140, 143, 151, 153, 155, 156, 158, 161, 162, 164, 166], "excluded_lines": [], "start_line": 75}, "NetworkXGraphQueryEngine._ensure_graph_loaded": {"executed_lines": [], "summary": {"covered_lines": 0, "num_statements": 3, "percent_covered": 0.0, "percent_covered_display": "0", "missing_lines": 3, "excluded_lines": 0, "percent_statements_covered": 0.0, "percent_statements_covered_display": "0"}, "missing_lines": [170, 171, 172], "excluded_lines": [], "start_line": 168}, "NetworkXGraphQueryEngine._get_node_properties": {"executed_lines": [], "summary": {"covered_lines": 0, "num_statements": 13, "percent_covered": 0.0, "percent_covered_display": "0", "missing_lines": 13, "excluded_lines": 0, "percent_statements_covered": 0.0, "percent_statements_covered_display": "0"}, "missing_lines": [184, 186, 187, 188, 190, 191, 192, 194, 195, 196, 197, 198, 200], "excluded_lines": [], "start_line": 174}, "NetworkXGraphQueryEngine.get_neighbors": {"executed_lines": [], "summary": {"covered_lines": 0, "num_statements": 20, "percent_covered": 0.0, "percent_covered_display": "0", "missing_lines": 20, "excluded_lines": 0, "percent_statements_covered": 0.0, "percent_statements_covered_display": "0"}, "missing_lines": [214, 216, 217, 220, 221, 222, 223, 225, 228, 229, 230, 231, 232, 234, 236, 237, 238, 241, 242, 245], "excluded_lines": [], "start_line": 206}, "NetworkXGraphQueryEngine.shortest_path": {"executed_lines": [], "summary": {"covered_lines": 0, "num_statements": 20, "percent_covered": 0.0, "percent_covered_display": "0", "missing_lines": 20, "excluded_lines": 0, "percent_statements_covered": 0.0, "percent_statements_covered_display": "0"}, "missing_lines": [261, 263, 264, 266, 268, 271, 272, 275, 285, 286, 287, 288, 289, 291, 299, 305, 306, 307, 308, 309], "excluded_lines": [], "start_line": 254}, "NetworkXGraphQueryEngine.traverse": {"executed_lines": [], "summary": {"covered_lines": 0, "num_statements": 29, "percent_covered": 0.0, "percent_covered_display": "0", "missing_lines": 29, "excluded_lines": 0, "percent_statements_covered": 0.0, "percent_statements_covered_display": "0"}, "missing_lines": [319, 321, 322, 324, 325, 326, 328, 329, 331, 332, 334, 335, 338, 339, 340, 341, 342, 344, 347, 348, 349, 350, 351, 352, 353, 355, 356, 357, 360], "excluded_lines": [], "start_line": 311}, "NetworkXGraphQueryEngine.subgraph": {"executed_lines": [], "summary": {"covered_lines": 0, "num_statements": 16, "percent_covered": 0.0, "percent_covered_display": "0", "missing_lines": 16, "excluded_lines": 0, "percent_statements_covered": 0.0, "percent_statements_covered_display": "0"}, "missing_lines": [375, 378, 380, 381, 384, 385, 387, 388, 389, 392, 401, 402, 403, 404, 405, 413], "excluded_lines": [], "start_line": 369}, "NetworkXGraphQueryEngine.get_node": {"executed_lines": [], "summary": {"covered_lines": 0, "num_statements": 4, "percent_covered": 0.0, "percent_covered_display": "0", "missing_lines": 4, "excluded_lines": 0, "percent_statements_covered": 0.0, "percent_statements_covered_display": "0"}, "missing_lines": [417, 419, 420, 422], "excluded_lines": [], "start_line": 415}, "NetworkXGraphQueryEngine.node_exists": {"executed_lines": [], "summary": {"covered_lines": 0, "num_statements": 2, "percent_covered": 0.0, "percent_covered_display": "0", "missing_lines": 2, "excluded_lines": 0, "percent_statements_covered": 0.0, "percent_statements_covered_display": "0"}, "missing_lines": [430, 431], "excluded_lines": [], "start_line": 428}, "NetworkXGraphQueryEngine.get_node_count": {"executed_lines": [], "summary": {"covered_lines": 0, "num_statements": 2, "percent_covered": 0.0, "percent_covered_display": "0", "missing_lines": 2, "excluded_lines": 0, "percent_statements_covered": 0.0, "percent_statements_covered_display": "0"}, "missing_lines": [435, 436], "excluded_lines": [], "start_line": 433}, "NetworkXGraphQueryEngine.get_edge_count": {"executed_lines": [], "summary": {"covered_lines": 0, "num_statements": 2, "percent_covered": 0.0, "percent_covered_display": "0", "missing_lines": 2, "excluded_lines": 0, "percent_statements_covered": 0.0, "percent_statements_covered_display": "0"}, "missing_lines": [440, 441], "excluded_lines": [], "start_line": 438}, "NetworkXGraphQueryEngine.clear_cache": {"executed_lines": [], "summary": {"covered_lines": 0, "num_statements": 2, "percent_covered": 0.0, "percent_covered_display": "0", "missing_lines": 2, "excluded_lines": 0, "percent_statements_covered": 0.0, "percent_statements_covered_display": "0"}, "missing_lines": [445, 446], "excluded_lines": [], "start_line": 443}, "NetworkXGraphQueryEngine.get_connected_components": {"executed_lines": [], "summary": {"covered_lines": 0, "num_statements": 3, "percent_covered": 0.0, "percent_covered_display": "0", "missing_lines": 3, "excluded_lines": 0, "percent_statements_covered": 0.0, "percent_statements_covered_display": "0"}, "missing_lines": [459, 462, 463], "excluded_lines": [], "start_line": 452}, "NetworkXGraphQueryEngine.get_pagerank": {"executed_lines": [], "summary": {"covered_lines": 0, "num_statements": 2, "percent_covered": 0.0, "percent_covered_display": "0", "missing_lines": 2, "excluded_lines": 0, "percent_statements_covered": 0.0, "percent_statements_covered_display": "0"}, "missing_lines": [475, 476], "excluded_lines": [], "start_line": 465}, "NetworkXGraphQueryEngine.get_betweenness_centrality": {"executed_lines": [], "summary": {"covered_lines": 0, "num_statements": 2, "percent_covered": 0.0, "percent_covered_display": "0", "missing_lines": 2, "excluded_lines": 0, "percent_statements_covered": 0.0, "percent_statements_covered_display": "0"}, "missing_lines": [485, 486], "excluded_lines": [], "start_line": 478}, "NetworkXGraphQueryEngine.get_degree_centrality": {"executed_lines": [], "summary": {"covered_lines": 0, "num_statements": 2, "percent_covered": 0.0, "percent_covered_display": "0", "missing_lines": 2, "excluded_lines": 0, "percent_statements_covered": 0.0, "percent_statements_covered_display": "0"}, "missing_lines": [495, 496], "excluded_lines": [], "start_line": 488}, "NetworkXGraphQueryEngine.find_cycles": {"executed_lines": [], "summary": {"covered_lines": 0, "num_statements": 5, "percent_covered": 0.0, "percent_covered_display": "0", "missing_lines": 5, "excluded_lines": 0, "percent_statements_covered": 0.0, "percent_statements_covered_display": "0"}, "missing_lines": [505, 506, 507, 508, 509], "excluded_lines": [], "start_line": 498}, "NetworkXGraphQueryEngine.get_statistics": {"executed_lines": [], "summary": {"covered_lines": 0, "num_statements": 2, "percent_covered": 0.0, "percent_covered_display": "0", "missing_lines": 2, "excluded_lines": 0, "percent_statements_covered": 0.0, "percent_statements_covered_display": "0"}, "missing_lines": [518, 520], "excluded_lines": [], "start_line": 511}, "NetworkXGraphQueryEngine.export_to_json": {"executed_lines": [], "summary": {"covered_lines": 0, "num_statements": 4, "percent_covered": 0.0, "percent_covered_display": "0", "missing_lines": 4, "excluded_lines": 0, "percent_statements_covered": 0.0, "percent_statements_covered_display": "0"}, "missing_lines": [536, 538, 547, 558], "excluded_lines": [], "start_line": 529}, "create_engine": {"executed_lines": [], "summary": {"covered_lines": 0, "num_statements": 1, "percent_covered": 0.0, "percent_covered_display": "0", "missing_lines": 1, "excluded_lines": 0, "percent_statements_covered": 0.0, "percent_statements_covered_display": "0"}, "missing_lines": [576], "excluded_lines": [], "start_line": 566}, "": {"executed_lines": [], "summary": {"covered_lines": 0, "num_statements": 28, "percent_covered": 0.0, "percent_covered_display": "0", "missing_lines": 28, "excluded_lines": 0, "percent_statements_covered": 0.0, "percent_statements_covered_display": "0"}, "missing_lines": [17, 18, 19, 20, 21, 23, 33, 56, 75, 168, 174, 206, 254, 311, 369, 415, 428, 433, 438, 443, 452, 465, 478, 488, 498, 511, 529, 566], "excluded_lines": [], "start_line": 1}}, "classes": {"NetworkXGraphQueryEngine": {"executed_lines": [], "summary": {"covered_lines": 0, "num_statements": 175, "percent_covered": 0.0, "percent_covered_display": "0", "missing_lines": 175, "excluded_lines": 0, "percent_statements_covered": 0.0, "percent_statements_covered_display": "0"}, "missing_lines": [64, 65, 66, 68, 69, 87, 88, 90, 92, 93, 94, 97, 104, 105, 106, 109, 110, 112, 113, 115, 116, 119, 127, 129, 130, 131, 134, 135, 136, 138, 139, 140, 143, 151, 153, 155, 156, 158, 161, 162, 164, 166, 170, 171, 172, 184, 186, 187, 188, 190, 191, 192, 194, 195, 196, 197, 198, 200, 214, 216, 217, 220, 221, 222, 223, 225, 228, 229, 230, 231, 232, 234, 236, 237, 238, 241, 242, 245, 261, 263, 264, 266, 268, 271, 272, 275, 285, 286, 287, 288, 289, 291, 299, 305, 306, 307, 308, 309, 319, 321, 322, 324, 325, 326, 328, 329, 331, 332, 334, 335, 338, 339, 340, 341, 342, 344, 347, 348, 349, 350, 351, 352, 353, 355, 356, 357, 360, 375, 378, 380, 381, 384, 385, 387, 388, 389, 392, 401, 402, 403, 404, 405, 413, 417, 419, 420, 422, 430, 431, 435, 436, 440, 441, 445, 446, 459, 462, 463, 475, 476, 485, 486, 495, 496, 505, 506, 507, 508, 509, 518, 520, 536, 538, 547, 558], "excluded_lines": [], "start_line": 33}, "": {"executed_lines": [], "summary": {"covered_lines": 0, "num_statements": 29, "percent_covered": 0.0, "percent_covered_display": "0", "missing_lines": 29, "excluded_lines": 0, "percent_statements_covered": 0.0, "percent_statements_covered_display": "0"}, "missing_lines": [17, 18, 19, 20, 21, 23, 33, 56, 75, 168, 174, 206, 254, 311, 369, 415, 428, 433, 438, 443, 452, 465, 478, 488, 498, 511, 529, 566, 576], "excluded_lines": [], "start_line": 1}}}, "core\\services\\ontology_persist
[...]
, 156, 163, 164, 231], "excluded_lines": [], "start_line": 22}, "create_blueprint.get_logs": {"executed_lines": [], "summary": {"covered_lines": 0, "num_statements": 14, "percent_covered": 0.0, "percent_covered_display": "0", "missing_lines": 14, "excluded_lines": 0, "percent_statements_covered": 0.0, "percent_statements_covered_display": "0"}, "missing_lines": [50, 52, 53, 54, 55, 56, 59, 60, 66, 75, 77, 91, 92, 93], "excluded_lines": [], "start_line": 36}, "create_blueprint.get_log_stats": {"executed_lines": [], "summary": {"covered_lines": 0, "num_statements": 9, "percent_covered": 0.0, "percent_covered_display": "0", "missing_lines": 9, "excluded_lines": 0, "percent_statements_covered": 0.0, "percent_statements_covered_display": "0"}, "missing_lines": [106, 107, 108, 109, 110, 112, 121, 122, 123], "excluded_lines": [], "start_line": 99}, "create_blueprint.clear_logs": {"executed_lines": [], "summary": {"covered_lines": 0, "num_statements": 7, "percent_covered": 0.0, "percent_covered_display": "0", "missing_lines": 7, "excluded_lines": 0, "percent_statements_covered": 0.0, "percent_statements_covered_display": "0"}, "missing_lines": [136, 137, 138, 139, 143, 144, 145], "excluded_lines": [], "start_line": 129}, "create_blueprint.should_suppress_log": {"executed_lines": [], "summary": {"covered_lines": 0, "num_statements": 4, "percent_covered": 0.0, "percent_covered_display": "0", "missing_lines": 4, "excluded_lines": 0, "percent_statements_covered": 0.0, "percent_statements_covered_display": "0"}, "missing_lines": [158, 159, 160, 161], "excluded_lines": [], "start_line": 156}, "create_blueprint.log_client_error": {"executed_lines": [], "summary": {"covered_lines": 0, "num_statements": 27, "percent_covered": 0.0, "percent_covered_display": "0", "missing_lines": 27, "excluded_lines": 0, "percent_statements_covered": 0.0, "percent_statements_covered_display": "0"}, "missing_lines": [185, 186, 188, 189, 190, 191, 192, 193, 194, 195, 198, 199, 205, 206, 207, 208, 209, 212, 213, 214, 215, 216, 217, 219, 224, 225, 226], "excluded_lines": [], "start_line": 164}, "": {"executed_lines": [], "summary": {"covered_lines": 0, "num_statements": 4, "percent_covered": 0.0, "percent_covered_display": "0", "missing_lines": 4, "excluded_lines": 0, "percent_statements_covered": 0.0, "percent_statements_covered_display": "0"}, "missing_lines": [17, 18, 19, 22], "excluded_lines": [], "start_line": 1}}, "classes": {"": {"executed_lines": [], "summary": {"covered_lines": 0, "num_statements": 78, "percent_covered": 0.0, "percent_covered_display": "0", "missing_lines": 78, "excluded_lines": 0, "percent_statements_covered": 0.0, "percent_statements_covered_display": "0"}, "missing_lines": [17, 18, 19, 22, 32, 33, 35, 36, 50, 52, 53, 54, 55, 56, 59, 60, 66, 75, 77, 91, 92, 93, 98, 99, 106, 107, 108, 109, 110, 112, 121, 122, 123, 128, 129, 136, 137, 138, 139, 143, 144, 145, 151, 156, 158, 159, 160, 161, 163, 164, 185, 186, 188, 189, 190, 191, 192, 193, 194, 195, 198, 199, 205, 206, 207, 208, 209, 212, 213, 214, 215, 216, 217, 219, 224, 225, 226, 231], "excluded_lines": [], "start_line": 1}}}, "modules\\log_manager\\backend\\logging_service.py": {"executed_lines": [], "summary": {"covered_lines": 0, "num_statements": 27, "percent_covered": 0.0, "percent_covered_display": "0", "missing_lines": 27, "excluded_lines": 0, "percent_statements_covered": 0.0, "percent_statements_covered_display": "0"}, "missing_lines": [10, 11, 12, 15, 16, 17, 19, 20, 23, 31, 40, 46, 62, 70, 80, 82, 84, 86, 100, 101, 103, 111, 112, 114, 125, 127, 129], "excluded_lines": [], "functions": {"LoggingService.__init__": {"executed_lines": [], "summary": {"covered_lines": 0, "num_statements": 1, "percent_covered": 0.0, "percent_covered_display": "0", "missing_lines": 1, "excluded_lines": 0, "percent_statements_covered": 0.0, "percent_statements_covered_display": "0"}, "missing_lines": [40], "excluded_lines": [], "start_line": 31}, "LoggingService.get_logs": {"executed_lines": [], "summary": {"covered_lines": 0, "num_statements": 1, "percent_covered": 0.0, "percent_covered_display": "0", "missing_lines": 1, "excluded_lines": 0, "percent_statements_covered": 0.0, "percent_statements_covered_display": "0"}, "missing_lines": [62], "excluded_lines": [], "start_line": 46}, "LoggingService.get_log_count": {"executed_lines": [], "summary": {"covered_lines": 0, "num_statements": 1, "percent_covered": 0.0, "percent_covered_display": "0", "missing_lines": 1, "excluded_lines": 0, "percent_statements_covered": 0.0, "percent_statements_covered_display": "0"}, "missing_lines": [80], "excluded_lines": [], "start_line": 70}, "LoggingService.clear_logs": {"executed_lines": [], "summary": {"covered_lines": 0, "num_statements": 1, "percent_covered": 0.0, "percent_covered_display": "0", "missing_lines": 1, "excluded_lines": 0, "percent_statements_covered": 0.0, "percent_statements_covered_display": "0"}, "missing_lines": [84], "excluded_lines": [], "start_line": 82}, "LoggingService.log": {"executed_lines": [], "summary": {"covered_lines": 0, "num_statements": 5, "percent_covered": 0.0, "percent_covered_display": "0", "missing_lines": 5, "excluded_lines": 0, "percent_statements_covered": 0.0, "percent_statements_covered_display": "0"}, "missing_lines": [100, 101, 103, 111, 112], "excluded_lines": [], "start_line": 86}, "LoggingService.get_handler": {"executed_lines": [], "summary": {"covered_lines": 0, "num_statements": 1, "percent_covered": 0.0, "percent_covered_display": "0", "missing_lines": 1, "excluded_lines": 0, "percent_statements_covered": 0.0, "percent_statements_covered_display": "0"}, "missing_lines": [125], "excluded_lines": [], "start_line": 114}, "LoggingService.close": {"executed_lines": [], "summary": {"covered_lines": 0, "num_statements": 1, "percent_covered": 0.0, "percent_covered_display": "0", "missing_lines": 1, "excluded_lines": 0, "percent_statements_covered": 0.0, "percent_statements_covered_display": "0"}, "missing_lines": [129], "excluded_lines": [], "start_line": 127}, "": {"executed_lines": [], "summary": {"covered_lines": 0, "num_statements": 16, "percent_covered": 0.0, "percent_covered_display": "0", "missing_lines": 16, "excluded_lines": 0, "percent_statements_covered": 0.0, "percent_statements_covered_display": "0"}, "missing_lines": [10, 11, 12, 15, 16, 17, 19, 20, 23, 31, 46, 70, 82, 86, 114, 127], "excluded_lines": [], "start_line": 1}}, "classes": {"LoggingService": {"executed_lines": [], "summary": {"covered_lines": 0, "num_statements": 11, "percent_covered": 0.0, "percent_covered_display": "0", "missing_lines": 11, "excluded_lines": 0, "percent_statements_covered": 0.0, "percent_statements_covered_display": "0"}, "missing_lines": [40, 62, 80, 84, 100, 101, 103, 111, 112, 125, 129], "excluded_lines": [], "start_line": 23}, "": {"executed_lines": [], "summary": {"covered_lines": 0, "num_statements": 16, "percent_covered": 0.0, "percent_covered_display": "0", "missing_lines": 16, "excluded_lines": 0, "percent_statements_covered": 0.0, "percent_statements_covered_display": "0"}, "missing_lines": [10, 11, 12, 15, 16, 17, 19, 20, 23, 31, 46, 70, 82, 86, 114, 127], "excluded_lines": [], "start_line": 1}}}, "modules\\log_manager\\backend\\sqlite_logger.py": {"executed_lines": [], "summary": {"covered_lines": 0, "num_statements": 173, "percent_covered": 0.0, "percent_covered_display": "0", "missing_lines": 173, "excluded_lines": 0, "percent_statements_covered": 0.0, "percent_statements_covered_display": "0"}, "missing_lines": [19, 20, 21, 22, 23, 24, 25, 28, 47, 49, 50, 51, 57, 63, 64, 65, 67, 68, 69, 72, 75, 76, 79, 80, 82, 84, 86, 87, 90, 103, 104, 106, 108, 109, 110, 111, 113, 114, 117, 118, 119, 120, 122, 123, 125, 132, 134, 136, 143, 144, 145, 147, 149, 150, 152, 153, 155, 156, 157, 158, 159, 160, 161, 164, 165, 166, 167, 169, 170, 171, 173, 180, 181, 183, 184, 185, 187, 188, 193, 194, 195, 197, 199, 201, 202, 203, 204, 205, 206, 208, 219, 220, 221, 223, 224, 227, 228, 230, 235, 236, 238, 239, 241, 244, 245, 246, 247, 248, 249, 251, 252, 254, 255, 256, 258, 259, 261, 263, 277, 278, 279, 280, 282, 283, 285, 286, 287, 289, 290, 291, 293, 294, 295, 297, 298, 300, 301, 303, 312, 313, 315, 325, 326, 327, 329, 330, 332, 334, 335, 336, 338, 340, 341, 342, 345, 346, 349, 350, 351, 353, 355, 357, 358, 359, 360, 361, 362, 365, 378, 379, 380, 381, 382], "excluded_lines": [], "functions": {"SQLiteLogHandler.__init__": {"executed_lines": [], "summary": {"covered_lines": 0, "num_statements": 15, "percent_covered": 0.0, "percent_covered_display": "0", "missing_lines": 15, "excluded_lines": 0, "percent_statements_covered": 0.0, "percent_statements_covered_display": "0"}, "missing_lines": [49, 50, 51, 57, 63, 64, 65, 67, 68, 69, 72, 75, 76, 79, 80], "excluded_lines": [], "start_line": 47}, "SQLiteLogHandler.init_database": {"executed_lines": [], "summary": {"covered_lines": 0, "num_statements": 19, "percent_covered": 0.0, "percent_covered_display": "0", "missing_lines": 19, "excluded_lines": 0, "percent_statements_covered": 0.0, "percent_statements_covered_display": "0"}, "missing_lines": [84, 86, 87, 90, 103, 104, 106, 108, 109, 110, 111, 113, 114, 117, 118, 119, 120, 122, 123], "excluded_lines": [], "start_line": 82}, "SQLiteLogHandler.emit": {"executed_lines": [], "summary": {"covered_lines": 0, "num_statements": 6, "percent_covered": 0.0, "percent_covered_display": "0", "missing_lines": 6, "excluded_lines": 0, "percent_statements_covered": 0.0, "percent_statements_covered_display": "0"}, "missing_lines": [132, 134, 136, 143, 144, 145], "excluded_lines": [], "start_line": 125}, "SQLiteLogHandler._writer_loop": {"executed_lines": [], "summary": {"covered_lines": 0, "num_statements": 18, "percent_covered": 0.0, "percent_covered_display": "0", "missing_lines": 18, "excluded_lines": 0, "percent_statements_covered": 0.0, "percent_statements_covered_display": "0"}, "missing_lines": [149, 150, 152, 153, 155, 156, 157, 158, 159, 160, 161, 164, 165, 166, 167, 169, 170, 171], "excluded_lines": [], "start_line": 147}, "SQLiteLogHandler._write_batch": {"executed_lines": [], "summary": {"covered_lines": 0, "num_statements": 11, "percent_covered": 0.0, "percent_covered_display": "0", "missing_lines": 11, "excluded_lines": 0, "percent_statements_covered": 0.0, "percent_statements_covered_display": "0"}, "missing_lines": [180, 181, 183, 184, 185, 187, 188, 193, 194, 195, 197], "excluded_lines": [], "start_line": 173}, "SQLiteLogHandler._cleanup_loop": {"executed_lines": [], "summary": {"covered_lines": 0, "num_statements": 6, "percent_covered": 0.0, "percent_covered_display": "0", "missing_lines": 6, "excluded_lines": 0, "percent_statements_covered": 0.0, "percent_statements_covered_display": "0"}, "missing_lines": [201, 202, 203, 204, 205, 206], "excluded_lines": [], "start_line": 199}, "SQLiteLogHandler.cleanup_old_logs": {"executed_lines": [], "summary": {"covered_lines": 0, "num_statements": 27, "percent_covered": 0.0, "percent_covered_display": "0", "missing_lines": 27, "excluded_lines": 0, "percent_statements_covered": 0.0, "percent_statements_covered_display": "0"}, "missing_lines": [219, 220, 221, 223, 224, 227, 228, 230, 235, 236, 238, 239, 241, 244, 245, 246, 247, 248, 249, 251, 252, 254, 255, 256, 258, 259, 261], "excluded_lines": [], "start_line": 208}, "SQLiteLogHandler.get_logs": {"executed_lines": [], "summary": {"covered_lines": 0, "num_statements": 22, "percent_covered": 0.0, "percent_covered_display": "0", "missing_lines": 22, "excluded_lines": 0, "percent_statements_covered": 0.0, "percent_statements_covered_display": "0"}, "missing_lines": [277, 278, 279, 280, 282, 283, 285, 286, 287, 289, 290, 291, 293, 294, 295, 297, 298, 300, 301, 303, 312, 313], "excluded_lines": [], "start_line": 263}, "SQLiteLogHandler.get_log_count": {"executed_lines": [], "summary": {"covered_lines": 0, "num_statements": 9, "percent_covered": 0.0, "percent_covered_display": "0", "missing_lines": 9, "excluded_lines": 0, "percent_statements_covered": 0.0, "percent_statements_covered_display": "0"}, "missing_lines": [325, 326, 327, 329, 330, 332, 334, 335, 336], "excluded_lines": [], "start_line": 315}, "SQLiteLogHandler.clear_logs": {"executed_lines": [], "summary": {"covered_lines": 0, "num_statements": 9, "percent_covered": 0.0, "percent_covered_display": "0", "missing_lines": 9, "excluded_lines": 0, "percent_statements_covered": 0.0, "percent_statements_covered_display": "0"}, "missing_lines": [340, 341, 342, 345, 346, 349, 350, 351, 353], "excluded_lines": [], "start_line": 338}, "SQLiteLogHandler.close": {"executed_lines": [], "summary": {"covered_lines": 0, "num_statements": 6, "percent_covered": 0.0, "percent_covered_display": "0", "missing_lines": 6, "excluded_lines": 0, "percent_statements_covered": 0.0, "percent_statements_covered_display": "0"}, "missing_lines": [357, 358, 359, 360, 361, 362], "excluded_lines": [], "start_line": 355}, "setup_logging": {"executed_lines": [], "summary": {"covered_lines": 0, "num_statements": 5, "percent_covered": 0.0, "percent_covered_display": "0", "missing_lines": 5, "excluded_lines": 0, "percent_statements_covered": 0.0, "percent_statements_covered_display": "0"}, "missing_lines": [378, 379, 380, 381, 382], "excluded_lines": [], "start_line": 365}, "": {"executed_lines": [], "summary": {"covered_lines": 0, "num_statements": 20, "percent_covered": 0.0, "percent_covered_display": "0", "missing_lines": 20, "excluded_lines": 0, "percent_statements_covered": 0.0, "percent_statements_covered_display": "0"}, "missing_lines": [19, 20, 21, 22, 23, 24, 25, 28, 47, 82, 125, 147, 173, 199, 208, 263, 315, 338, 355, 365], "excluded_lines": [], "start_line": 1}}, "classes": {"SQLiteLogHandler": {"executed_lines": [], "summary": {"covered_lines": 0, "num_statements": 148, "percent_covered": 0.0, "percent_covered_display": "0", "missing_lines": 148, "excluded_lines": 0, "percent_statements_covered": 0.0, "percent_statements_covered_display": "0"}, "missing_lines": [49, 50, 51, 57, 63, 64, 65, 67, 68, 69, 72, 75, 76, 79, 80, 84, 86, 87, 90, 103, 104, 106, 108, 109, 110, 111, 113, 114, 117, 118, 119, 120, 122, 123, 132, 134, 136, 143, 144, 145, 149, 150, 152, 153, 155, 156, 157, 158, 159, 160, 161, 164, 165, 166, 167, 169, 170, 171, 180, 181, 183, 184, 185, 187, 188, 193, 194, 195, 197, 201, 202, 203, 204, 205, 206, 219, 220, 221, 223, 224, 227, 228, 230, 235, 236, 238, 239, 241, 244, 245, 246, 247, 248, 249, 251, 252, 254, 255, 256, 258, 259, 261, 277, 278, 279, 280, 282, 283, 285, 286, 287, 289, 290, 291, 293, 294, 295, 297, 298, 300, 301, 303, 312, 313, 325, 326, 327, 329, 330, 332, 334, 335, 336, 340, 341, 342, 345, 346, 349, 350, 351, 353, 357, 358, 359, 360, 361, 362], "excluded_lines": [], "start_line": 28}, "": {"executed_lines": [], "summary": {"covered_lines": 0, "num_statements": 25, "percent_covered": 0.0, "percent_covered_display": "0", "missing_lines": 25, "excluded_lines": 0, "percent_statements_covered": 0.0, "percent_statements_covered_display": "0"}, "missing_lines": [19, 20, 21, 22, 23, 24, 25, 28, 47, 82, 125, 147, 173, 199, 208, 263, 315, 338, 355, 365, 378, 379, 380, 381, 382], "excluded_lines": [], "start_line": 1}}}, "modules\\sql_execution\\__init__.py": {"executed_lines": [], "summary": {"covered_lines": 0, "num_statements": 1, "percent_covered": 0.0, "percent_covered_display": "0", "missing_lines": 1, "excluded_lines": 0, "percent_statements_covered": 0.0, "percent_statements_covered_display": "0"}, "missing_lines": [38], "excluded_lines": [], "functions": {"": {"executed_lines": [], "summary": {"covered_lines": 0, "num_statements": 1, "percent_covered": 0.0, "percent_covered_display": "0", "missing_lines": 1, "excluded_lines": 0, "percent_statements_covered": 0.0, "percent_statements_covered_display": "0"}, "missing_lines": [38], "excluded_lines": [], "start_line": 1}}, "classes": {"": {"executed_lines": [], "summary": {"covered_lines": 0, "num_statements": 1, "percent_covered": 0.0, "percent_covered_display": "0", "missing_lines": 1, "excluded_lines": 0, "percent_statements_covered": 0.0, "percent_statements_covered_display": "0"}, "missing_lines": [38], "excluded_lines": [], "start_line": 1}}}, "modules\\sql_execution\\backend\\__init__.py": {"executed_lines": [], "summary": {"covered_lines": 0, "num_statements": 2, "percent_covered": 0.0, "percent_covered_display": "0", "missing_lines": 2, "excluded_lines": 0, "percent_statements_covered": 0.0, "percent_statements_covered_display": "0"}, "missing_lines": [10, 12], "excluded_lines": [], "functions": {"": {"executed_lines": [], "summary": {"covered_lines": 0, "num_statements": 2, "percent_covered": 0.0, "percent_covered_display": "0", "missing_lines": 2, "excluded_lines": 0, "percent_statements_covered": 0.0, "percent_statements_covered_display": "0"}, "missing_lines": [10, 12], "excluded_lines": [], "start_line": 1}}, "classes": {"": {"executed_lines": [], "summary": {"covered_lines": 0, "num_statements": 2, "percent_covered": 0.0, "percent_covered_display": "0", "missing_lines": 2, "excluded_lines": 0, "percent_statements_covered": 0.0, "percent_statements_covered_display": "0"}, "missing_lines": [10, 12], "excluded_lines": [], "start_line": 1}}}, "modules\\sql_execution\\backend\\api.py": {"executed_lines": [], "summary": {"covered_lines": 0, "num_statements": 44, "percent_covered": 0.0, "percent_covered_display": "0", "missing_lines": 44, "excluded_lines": 0, "percent_statements_covered": 0.0, "percent_statements_covered_display": "0"}, "missing_lines": [20, 21, 22, 25, 28, 31, 32, 45, 47, 49, 50, 55, 56, 59, 60, 65, 66, 71, 74, 76, 78, 79, 82, 83, 85, 91, 92, 99, 100, 103, 105, 107, 108, 109, 110, 112, 122, 127, 128, 129, 136, 137, 139, 141], "excluded_lines": [], "functions": {"execute_sql": {"executed_lines": [], "summary": {"covered_lines": 0, "num_statements": 18, "percent_covered": 0.0, "percent_covered_display": "0", "missing_lines": 18, "excluded_lines": 0, "percent_statements_covered": 0.0, "percent_statements_covered_display": "0"}, "missing_lines": [45, 47, 49, 50, 55, 56, 59, 60, 65, 66, 71, 74, 76, 78, 79, 82, 83, 85], "excluded_lines": [], "start_line": 32}, "list_connections": {"executed_lines": [], "summary": {"covered_lines": 0, "num_statements": 13, "percent_covered": 0.0, "percent_covered_display": "0", "missing_lines": 13, "excluded_lines": 0, "percent_statements_covered": 0.0, "percent_statements_covered_display": "0"}, "missing_lines": [99, 100, 103, 105, 107, 108, 109, 110, 112, 122, 127, 128, 129], "excluded_lines": [], "start_line": 92}, "health": {"executed_lines": [], "summary": {"covered_lines": 0, "num_statements": 2, "percent_covered": 0.0, "percent_covered_display": "0", "missing_lines": 2, "excluded_lines": 0, "percent_statements_covered": 0.0, "percent_statements_covered_display": "0"}, "missing_lines": [139, 141], "excluded_lines": [], "start_line": 137}, "": {"executed_lines": [], "summary": {"covered_lines": 0, "num_statements": 11, "percent_covered": 0.0, "percent_covered_display": "0", "missing_lines": 11, "excluded_lines": 0, "percent_statements_covered": 0.0, "percent_statements_covered_display": "0"}, "missing_lines": [20, 21, 22, 25, 28, 31, 32, 91, 92, 136, 137], "excluded_lines": [], "start_line": 1}}, "classes": {"": {"executed_lines": [], "summary": {"covered_lines": 0, "num_statements": 44, "percent_covered": 0.0, "percent_covered_display": "0", "missing_lines": 44, "excluded_lines": 0, "percent_statements_covered": 0.0, "percent_statements_covered_display": "0"}, "missing_lines": [20, 21, 22, 25, 28, 31, 32, 45, 47, 49, 50, 55, 56, 59, 60, 65, 66, 71, 74, 76, 78, 79, 82, 83, 85, 91, 92, 99, 100, 103, 105, 107, 108, 109, 110, 112, 122, 127, 128, 129, 136, 137, 139, 141], "excluded_lines": [], "start_line": 1}}}}, "totals": {"covered_lines": 0, "num_statements": 4843, "percent_covered": 0.0, "percent_covered_display": "0", "missing_lines": 4843, "excluded_lines": 0, "percent_statements_covered": 0.0, "percent_statements_covered_display": "0"}}