<?xml version="1.0" ?>
<coverage version="7.13.3" timestamp="1770327412127" lines-valid="4865" lines-covered="575" line-rate="0.1182" branches-valid="1234" branches-covered="22" branch-rate="0.01783" complexity="0">
	<!-- Generated by coverage.py: https://coverage.readthedocs.io/en/7.13.3 -->
	<!-- Based on https://raw.githubusercontent.com/cobertura/web/master/htdocs/xml/coverage-04.dtd -->
	<sources>
		<source>C:\Users\D031182\gitrepo\steel_thread_on_sap\core</source>
		<source>C:\Users\D031182\gitrepo\steel_thread_on_sap\modules</source>
	</sources>
	<packages>
		<package name="." line-rate="1" branch-rate="1" complexity="0">
			<classes>
				<class name="__init__.py" filename="__init__.py" complexity="0" line-rate="1" branch-rate="1">
					<methods/>
					<lines/>
				</class>
			</classes>
		</package>
		<package name="api_playground" line-rate="1" branch-rate="1" complexity="0">
			<classes>
				<class name="__init__.py" filename="api_playground/__init__.py" complexity="0" line-rate="1" branch-rate="1">
					<methods/>
					<lines/>
				</class>
			</classes>
		</package>
		<package name="api_playground.backend" line-rate="0" branch-rate="0" complexity="0">
			<classes>
				<class name="__init__.py" filename="api_playground/backend/__init__.py" complexity="0" line-rate="0" branch-rate="1">
					<methods/>
					<lines>
						<line number="10" hits="0"/>
						<line number="11" hits="0"/>
						<line number="13" hits="0"/>
					</lines>
				</class>
				<class name="api.py" filename="api_playground/backend/api.py" complexity="0" line-rate="0" branch-rate="0">
					<methods/>
					<lines>
						<line number="11" hits="0"/>
						<line number="12" hits="0"/>
						<line number="14" hits="0"/>
						<line number="17" hits="0"/>
						<line number="23" hits="0"/>
						<line number="25" hits="0"/>
						<line number="26" hits="0"/>
						<line number="49" hits="0"/>
						<line number="51" hits="0"/>
						<line number="54" hits="0"/>
						<line number="57" hits="0"/>
						<line number="58" hits="0"/>
						<line number="60" hits="0"/>
						<line number="62" hits="0"/>
						<line number="68" hits="0"/>
						<line number="69" hits="0"/>
						<line number="70" hits="0"/>
						<line number="79" hits="0"/>
						<line number="80" hits="0"/>
						<line number="90" hits="0"/>
						<line number="91" hits="0"/>
						<line number="92" hits="0"/>
						<line number="94" hits="0" branch="true" condition-coverage="0% (0/2)" missing-branches="95,103"/>
						<line number="95" hits="0"/>
						<line number="103" hits="0"/>
						<line number="109" hits="0"/>
						<line number="110" hits="0"/>
						<line number="111" hits="0"/>
						<line number="120" hits="0"/>
						<line number="121" hits="0"/>
						<line number="128" hits="0"/>
						<line number="129" hits="0"/>
						<line number="130" hits="0"/>
						<line number="132" hits="0"/>
						<line number="137" hits="0"/>
						<line number="138" hits="0"/>
						<line number="139" hits="0"/>
						<line number="148" hits="0"/>
						<line number="149" hits="0"/>
						<line number="159" hits="0"/>
						<line number="160" hits="0"/>
						<line number="161" hits="0"/>
						<line number="163" hits="0"/>
						<line number="170" hits="0"/>
						<line number="171" hits="0"/>
						<line number="172" hits="0"/>
						<line number="181" hits="0"/>
						<line number="182" hits="0"/>
						<line number="189" hits="0"/>
						<line number="190" hits="0"/>
						<line number="191" hits="0"/>
						<line number="193" hits="0"/>
						<line number="199" hits="0"/>
						<line number="200" hits="0"/>
						<line number="201" hits="0"/>
						<line number="210" hits="0"/>
						<line number="211" hits="0"/>
						<line number="218" hits="0"/>
						<line number="219" hits="0"/>
						<line number="220" hits="0"/>
						<line number="222" hits="0"/>
						<line number="227" hits="0"/>
						<line number="228" hits="0"/>
						<line number="229" hits="0"/>
					</lines>
				</class>
				<class name="playground_service.py" filename="api_playground/backend/playground_service.py" complexity="0" line-rate="0" branch-rate="0">
					<methods/>
					<lines>
						<line number="14" hits="0"/>
						<line number="15" hits="0"/>
						<line number="16" hits="0"/>
						<line number="19" hits="0"/>
						<line number="20" hits="0"/>
						<line number="22" hits="0"/>
						<line number="25" hits="0"/>
						<line number="33" hits="0"/>
						<line number="40" hits="0"/>
						<line number="41" hits="0"/>
						<line number="44" hits="0"/>
						<line number="46" hits="0"/>
						<line number="53" hits="0"/>
						<line number="55" hits="0"/>
						<line number="57" hits="0" branch="true" condition-coverage="0% (0/2)" missing-branches="59,73"/>
						<line number="59" hits="0" branch="true" condition-coverage="0% (0/2)" missing-branches="57,60"/>
						<line number="60" hits="0"/>
						<line number="62" hits="0"/>
						<line number="71" hits="0"/>
						<line number="73" hits="0"/>
						<line number="74" hits="0"/>
						<line number="76" hits="0"/>
						<line number="83" hits="0"/>
						<line number="85" hits="0"/>
						<line number="95" hits="0"/>
						<line number="97" hits="0"/>
						<line number="107" hits="0"/>
						<line number="113" hits="0"/>
						<line number="120" hits="0"/>
						<line number="124" hits="0"/>
						<line number="126" hits="0"/>
						<line number="133" hits="0"/>
						<line number="138" hits="0"/>
						<line number="148" hits="0"/>
						<line number="149" hits="0" branch="true" condition-coverage="0% (0/2)" missing-branches="150,151"/>
						<line number="150" hits="0"/>
						<line number="151" hits="0"/>
						<line number="153" hits="0"/>
						<line number="164" hits="0"/>
						<line number="165" hits="0" branch="true" condition-coverage="0% (0/2)" missing-branches="166,168"/>
						<line number="166" hits="0"/>
						<line number="168" hits="0"/>
						<line number="169" hits="0"/>
						<line number="171" hits="0"/>
						<line number="173" hits="0"/>
						<line number="183" hits="0"/>
						<line number="185" hits="0"/>
						<line number="192" hits="0"/>
						<line number="202" hits="0"/>
						<line number="204" hits="0"/>
						<line number="208" hits="0"/>
						<line number="211" hits="0"/>
						<line number="223" hits="0" branch="true" condition-coverage="0% (0/2)" missing-branches="224,226"/>
						<line number="224" hits="0"/>
						<line number="226" hits="0"/>
						<line number="229" hits="0" branch="true" condition-coverage="0% (0/2)" missing-branches="exit,231"/>
						<line number="231" hits="0"/>
						<line number="232" hits="0"/>
						<line number="233" hits="0"/>
						<line number="234" hits="0"/>
						<line number="237" hits="0"/>
						<line number="239" hits="0"/>
						<line number="240" hits="0"/>
						<line number="243" hits="0"/>
						<line number="244" hits="0"/>
						<line number="245" hits="0"/>
						<line number="246" hits="0"/>
						<line number="247" hits="0"/>
						<line number="248" hits="0"/>
						<line number="251" hits="0"/>
						<line number="252" hits="0" branch="true" condition-coverage="0% (0/2)" missing-branches="253,269"/>
						<line number="253" hits="0"/>
						<line number="254" hits="0"/>
						<line number="255" hits="0"/>
						<line number="256" hits="0"/>
						<line number="259" hits="0" branch="true" condition-coverage="0% (0/2)" missing-branches="260,265"/>
						<line number="260" hits="0"/>
						<line number="261" hits="0"/>
						<line number="262" hits="0"/>
						<line number="263" hits="0"/>
						<line number="265" hits="0" branch="true" condition-coverage="0% (0/2)" missing-branches="252,266"/>
						<line number="266" hits="0"/>
						<line number="267" hits="0"/>
						<line number="269" hits="0"/>
						<line number="270" hits="0"/>
						<line number="271" hits="0"/>
						<line number="272" hits="0"/>
					</lines>
				</class>
			</classes>
		</package>
		<package name="csn_validation" line-rate="0" branch-rate="1" complexity="0">
			<classes>
				<class name="__init__.py" filename="csn_validation/__init__.py" complexity="0" line-rate="0" branch-rate="1">
					<methods/>
					<lines>
						<line number="59" hits="0"/>
					</lines>
				</class>
			</classes>
		</package>
		<package name="csn_validation.backend" line-rate="0" branch-rate="0" complexity="0">
			<classes>
				<class name="__init__.py" filename="csn_validation/backend/__init__.py" complexity="0" line-rate="0" branch-rate="1">
					<methods/>
					<lines>
						<line number="10" hits="0"/>
						<line number="12" hits="0"/>
					</lines>
				</class>
				<class name="api.py" filename="csn_validation/backend/api.py" complexity="0" line-rate="0" branch-rate="0">
					<methods/>
					<lines>
						<line number="19" hits="0"/>
						<line number="20" hits="0"/>
						<line number="21" hits="0"/>
						<line number="22" hits="0"/>
						<line number="23" hits="0"/>
						<line number="26" hits="0"/>
						<line number="27" hits="0"/>
						<line number="28" hits="0"/>
						<line number="29" hits="0"/>
						<line number="31" hits="0"/>
						<line number="34" hits="0"/>
						<line number="37" hits="0"/>
						<line number="40" hits="0"/>
						<line number="41" hits="0"/>
						<line number="54" hits="0"/>
						<line number="56" hits="0"/>
						<line number="57" hits="0"/>
						<line number="58" hits="0"/>
						<line number="59" hits="0"/>
						<line number="60" hits="0"/>
						<line number="61" hits="0"/>
						<line number="62" hits="0"/>
						<line number="63" hits="0"/>
						<line number="64" hits="0"/>
						<line number="65" hits="0"/>
						<line number="66" hits="0"/>
						<line number="67" hits="0"/>
						<line number="68" hits="0"/>
						<line number="69" hits="0"/>
						<line number="70" hits="0"/>
						<line number="73" hits="0"/>
						<line number="74" hits="0"/>
						<line number="84" hits="0"/>
						<line number="85" hits="0" branch="true" condition-coverage="0% (0/2)" missing-branches="86,91"/>
						<line number="86" hits="0"/>
						<line number="91" hits="0"/>
						<line number="94" hits="0"/>
						<line number="95" hits="0" branch="true" condition-coverage="0% (0/2)" missing-branches="96,106"/>
						<line number="96" hits="0"/>
						<line number="106" hits="0"/>
						<line number="107" hits="0" branch="true" condition-coverage="0% (0/2)" missing-branches="108,114"/>
						<line number="108" hits="0"/>
						<line number="114" hits="0"/>
						<line number="116" hits="0"/>
						<line number="124" hits="0"/>
						<line number="125" hits="0"/>
						<line number="128" hits="0"/>
						<line number="129" hits="0"/>
						<line number="131" hits="0"/>
						<line number="137" hits="0"/>
						<line number="138" hits="0"/>
						<line number="145" hits="0"/>
						<line number="146" hits="0"/>
						<line number="148" hits="0"/>
						<line number="154" hits="0"/>
						<line number="155" hits="0"/>
						<line number="156" hits="0"/>
						<line number="163" hits="0"/>
						<line number="164" hits="0"/>
						<line number="166" hits="0"/>
					</lines>
				</class>
				<class name="validator.py" filename="csn_validation/backend/validator.py" complexity="0" line-rate="0" branch-rate="0">
					<methods/>
					<lines>
						<line number="14" hits="0"/>
						<line number="15" hits="0"/>
						<line number="16" hits="0"/>
						<line number="17" hits="0"/>
						<line number="18" hits="0"/>
						<line number="21" hits="0"/>
						<line number="24" hits="0"/>
						<line number="25" hits="0"/>
						<line number="26" hits="0"/>
						<line number="27" hits="0"/>
						<line number="30" hits="0"/>
						<line number="33" hits="0"/>
						<line number="34" hits="0"/>
						<line number="35" hits="0"/>
						<line number="36" hits="0"/>
						<line number="37" hits="0"/>
						<line number="38" hits="0"/>
						<line number="40" hits="0"/>
						<line number="42" hits="0"/>
						<line number="43" hits="0"/>
						<line number="44" hits="0"/>
						<line number="52" hits="0"/>
						<line number="53" hits="0"/>
						<line number="54" hits="0"/>
						<line number="55" hits="0"/>
						<line number="56" hits="0"/>
						<line number="58" hits="0"/>
						<line number="60" hits="0"/>
						<line number="68" hits="0"/>
						<line number="69" hits="0"/>
						<line number="70" hits="0"/>
						<line number="71" hits="0"/>
						<line number="73" hits="0" branch="true" condition-coverage="0% (0/2)" missing-branches="74,78"/>
						<line number="74" hits="0"/>
						<line number="75" hits="0"/>
						<line number="76" hits="0"/>
						<line number="78" hits="0"/>
						<line number="79" hits="0"/>
						<line number="81" hits="0"/>
						<line number="83" hits="0"/>
						<line number="86" hits="0"/>
						<line number="93" hits="0"/>
						<line number="95" hits="0"/>
						<line number="96" hits="0"/>
						<line number="98" hits="0" branch="true" condition-coverage="0% (0/2)" missing-branches="100,103"/>
						<line number="100" hits="0"/>
						<line number="101" hits="0"/>
						<line number="103" hits="0" branch="true" condition-coverage="0% (0/2)" missing-branches="104,107"/>
						<line number="104" hits="0"/>
						<line number="105" hits="0"/>
						<line number="107" hits="0"/>
						<line number="108" hits="0"/>
						<line number="110" hits="0"/>
						<line number="124" hits="0"/>
						<line number="126" hits="0"/>
						<line number="127" hits="0" branch="true" condition-coverage="0% (0/2)" missing-branches="128,138"/>
						<line number="128" hits="0"/>
						<line number="138" hits="0"/>
						<line number="140" hits="0"/>
						<line number="141" hits="0"/>
						<line number="143" hits="0"/>
						<line number="146" hits="0"/>
						<line number="152" hits="0" branch="true" condition-coverage="0% (0/2)" missing-branches="153,160"/>
						<line number="153" hits="0" branch="true" condition-coverage="0% (0/2)" missing-branches="152,154"/>
						<line number="154" hits="0"/>
						<line number="155" hits="0"/>
						<line number="156" hits="0"/>
						<line number="157" hits="0"/>
						<line number="158" hits="0"/>
						<line number="160" hits="0"/>
						<line number="161" hits="0"/>
						<line number="163" hits="0"/>
						<line number="165" hits="0" branch="true" condition-coverage="0% (0/2)" missing-branches="166,169"/>
						<line number="166" hits="0"/>
						<line number="167" hits="0"/>
						<line number="169" hits="0" branch="true" condition-coverage="0% (0/2)" missing-branches="170,174"/>
						<line number="170" hits="0"/>
						<line number="171" hits="0"/>
						<line number="172" hits="0"/>
						<line number="174" hits="0"/>
						<line number="175" hits="0"/>
						<line number="177" hits="0"/>
						<line number="178" hits="0" branch="true" condition-coverage="0% (0/2)" missing-branches="180,192"/>
						<line number="180" hits="0" branch="true" condition-coverage="0% (0/2)" missing-branches="181,183"/>
						<line number="181" hits="0"/>
						<line number="183" hits="0"/>
						<line number="192" hits="0"/>
						<line number="193" hits="0"/>
						<line number="195" hits="0"/>
						<line number="197" hits="0"/>
						<line number="209" hits="0"/>
						<line number="212" hits="0" branch="true" condition-coverage="0% (0/2)" missing-branches="213,214"/>
						<line number="213" hits="0"/>
						<line number="214" hits="0" branch="true" condition-coverage="0% (0/2)" missing-branches="215,220"/>
						<line number="215" hits="0" branch="true" condition-coverage="0% (0/2)" missing-branches="216,218"/>
						<line number="216" hits="0"/>
						<line number="218" hits="0"/>
						<line number="220" hits="0"/>
						<line number="222" hits="0"/>
						<line number="229" hits="0"/>
						<line number="230" hits="0"/>
						<line number="231" hits="0"/>
						<line number="234" hits="0"/>
						<line number="235" hits="0" branch="true" condition-coverage="0% (0/2)" missing-branches="236,243"/>
						<line number="236" hits="0"/>
						<line number="243" hits="0"/>
						<line number="246" hits="0"/>
						<line number="247" hits="0"/>
						<line number="248" hits="0"/>
						<line number="249" hits="0"/>
						<line number="250" hits="0"/>
						<line number="255" hits="0" branch="true" condition-coverage="0% (0/2)" missing-branches="256,263"/>
						<line number="256" hits="0"/>
						<line number="257" hits="0"/>
						<line number="263" hits="0"/>
						<line number="264" hits="0"/>
						<line number="265" hits="0"/>
						<line number="266" hits="0"/>
						<line number="267" hits="0"/>
						<line number="270" hits="0"/>
						<line number="271" hits="0"/>
						<line number="274" hits="0"/>
						<line number="275" hits="0"/>
						<line number="276" hits="0"/>
						<line number="277" hits="0"/>
						<line number="280" hits="0" branch="true" condition-coverage="0% (0/2)" missing-branches="281,312"/>
						<line number="281" hits="0"/>
						<line number="283" hits="0" branch="true" condition-coverage="0% (0/2)" missing-branches="284,287"/>
						<line number="284" hits="0"/>
						<line number="285" hits="0"/>
						<line number="287" hits="0"/>
						<line number="288" hits="0"/>
						<line number="296" hits="0"/>
						<line number="297" hits="0"/>
						<line number="299" hits="0" branch="true" condition-coverage="0% (0/2)" missing-branches="301,304"/>
						<line number="301" hits="0"/>
						<line number="302" hits="0"/>
						<line number="304" hits="0"/>
						<line number="309" hits="0"/>
						<line number="312" hits="0" branch="true" condition-coverage="0% (0/2)" missing-branches="313,318"/>
						<line number="313" hits="0" branch="true" condition-coverage="0% (0/2)" missing-branches="312,314"/>
						<line number="314" hits="0"/>
						<line number="315" hits="0"/>
						<line number="318" hits="0"/>
						<line number="319" hits="0"/>
						<line number="320" hits="0"/>
						<line number="321" hits="0"/>
						<line number="322" hits="0"/>
						<line number="323" hits="0"/>
						<line number="324" hits="0"/>
						<line number="326" hits="0"/>
						<line number="329" hits="0" branch="true" condition-coverage="0% (0/2)" missing-branches="330,332"/>
						<line number="330" hits="0"/>
						<line number="332" hits="0"/>
						<line number="334" hits="0"/>
						<line number="336" hits="0"/>
						<line number="351" hits="0"/>
						<line number="353" hits="0" branch="true" condition-coverage="0% (0/2)" missing-branches="354,356"/>
						<line number="354" hits="0"/>
						<line number="356" hits="0"/>
						<line number="357" hits="0"/>
						<line number="359" hits="0"/>
						<line number="360" hits="0"/>
						<line number="363" hits="0"/>
						<line number="366" hits="0" branch="true" condition-coverage="0% (0/2)" missing-branches="368,402"/>
						<line number="368" hits="0"/>
						<line number="370" hits="0" branch="true" condition-coverage="0% (0/2)" missing-branches="371,372"/>
						<line number="371" hits="0"/>
						<line number="372" hits="0" branch="true" condition-coverage="0% (0/2)" missing-branches="373,374"/>
						<line number="373" hits="0"/>
						<line number="374" hits="0" branch="true" condition-coverage="0% (0/2)" missing-branches="375,376"/>
						<line number="375" hits="0"/>
						<line number="376" hits="0" branch="true" condition-coverage="0% (0/2)" missing-branches="377,378"/>
						<line number="377" hits="0"/>
						<line number="378" hits="0" branch="true" condition-coverage="0% (0/2)" missing-branches="379,380"/>
						<line number="379" hits="0"/>
						<line number="380" hits="0" branch="true" condition-coverage="0% (0/2)" missing-branches="381,382"/>
						<line number="381" hits="0"/>
						<line number="382" hits="0" branch="true" condition-coverage="0% (0/2)" missing-branches="383,385"/>
						<line number="383" hits="0"/>
						<line number="385" hits="0"/>
						<line number="388" hits="0"/>
						<line number="390" hits="0"/>
						<line number="393" hits="0" branch="true" condition-coverage="0% (0/2)" missing-branches="394,397"/>
						<line number="394" hits="0"/>
						<line number="397" hits="0" branch="true" condition-coverage="0% (0/2)" missing-branches="398,400"/>
						<line number="398" hits="0"/>
						<line number="400" hits="0"/>
						<line number="402" hits="0"/>
						<line number="404" hits="0"/>
						<line number="406" hits="0"/>
						<line number="407" hits="0"/>
						<line number="409" hits="0"/>
						<line number="411" hits="0"/>
						<line number="413" hits="0"/>
						<line number="414" hits="0"/>
						<line number="416" hits="0"/>
						<line number="418" hits="0"/>
						<line number="419" hits="0"/>
						<line number="425" hits="0"/>
						<line number="427" hits="0"/>
						<line number="429" hits="0"/>
						<line number="430" hits="0"/>
						<line number="432" hits="0"/>
						<line number="434" hits="0"/>
						<line number="435" hits="0"/>
						<line number="436" hits="0"/>
						<line number="437" hits="0"/>
						<line number="438" hits="0"/>
						<line number="440" hits="0" branch="true" condition-coverage="0% (0/2)" missing-branches="441,445"/>
						<line number="441" hits="0"/>
						<line number="442" hits="0"/>
						<line number="443" hits="0"/>
						<line number="445" hits="0"/>
						<line number="447" hits="0"/>
						<line number="449" hits="0" branch="true" condition-coverage="0% (0/2)" missing-branches="exit,450"/>
						<line number="450" hits="0"/>
						<line number="451" hits="0"/>
						<line number="454" hits="0"/>
						<line number="456" hits="0" branch="true" condition-coverage="0% (0/2)" missing-branches="457,461"/>
						<line number="457" hits="0"/>
						<line number="458" hits="0"/>
						<line number="459" hits="0"/>
						<line number="461" hits="0"/>
						<line number="463" hits="0"/>
						<line number="477" hits="0" branch="true" condition-coverage="0% (0/2)" missing-branches="478,483"/>
						<line number="478" hits="0"/>
						<line number="479" hits="0"/>
						<line number="480" hits="0"/>
						<line number="483" hits="0"/>
						<line number="486" hits="0" branch="true" condition-coverage="0% (0/2)" missing-branches="487,489"/>
						<line number="487" hits="0"/>
						<line number="489" hits="0"/>
						<line number="491" hits="0"/>
						<line number="492" hits="0" branch="true" condition-coverage="0% (0/2)" missing-branches="493,504"/>
						<line number="493" hits="0"/>
						<line number="494" hits="0"/>
						<line number="496" hits="0"/>
						<line number="497" hits="0"/>
						<line number="498" hits="0" branch="true" condition-coverage="0% (0/2)" missing-branches="499,500"/>
						<line number="499" hits="0"/>
						<line number="500" hits="0"/>
						<line number="501" hits="0"/>
						<line number="504" hits="0"/>
						<line number="505" hits="0" branch="true" condition-coverage="0% (0/2)" missing-branches="506,509"/>
						<line number="506" hits="0"/>
						<line number="509" hits="0"/>
						<line number="510" hits="0"/>
						<line number="511" hits="0" branch="true" condition-coverage="0% (0/2)" missing-branches="512,515"/>
						<line number="512" hits="0"/>
						<line number="515" hits="0"/>
						<line number="516" hits="0"/>
						<line number="518" hits="0" branch="true" condition-coverage="0% (0/2)" missing-branches="519,529"/>
						<line number="519" hits="0"/>
						<line number="520" hits="0"/>
						<line number="523" hits="0" branch="true" condition-coverage="0% (0/2)" missing-branches="518,524"/>
						<line number="524" hits="0"/>
						<line number="525" hits="0" branch="true" condition-coverage="0% (0/2)" missing-branches="518,526"/>
						<line number="526" hits="0"/>
						<line number="529" hits="0"/>
						<line number="531" hits="0" branch="true" condition-coverage="0% (0/2)" missing-branches="532,535"/>
						<line number="532" hits="0"/>
						<line number="535" hits="0"/>
						<line number="536" hits="0"/>
						<line number="537" hits="0"/>
						<line number="538" hits="0"/>
						<line number="539" hits="0"/>
						<line number="540" hits="0"/>
						<line number="541" hits="0"/>
						<line number="542" hits="0"/>
						<line number="545" hits="0"/>
						<line number="546" hits="0"/>
						<line number="549" hits="0"/>
						<line number="552" hits="0" branch="true" condition-coverage="0% (0/2)" missing-branches="exit,553"/>
						<line number="553" hits="0"/>
						<line number="554" hits="0"/>
					</lines>
				</class>
			</classes>
		</package>
		<package name="data_products" line-rate="0" branch-rate="1" complexity="0">
			<classes>
				<class name="__init__.py" filename="data_products/__init__.py" complexity="0" line-rate="0" branch-rate="1">
					<methods/>
					<lines>
						<line number="46" hits="0"/>
					</lines>
				</class>
			</classes>
		</package>
		<package name="data_products.backend" line-rate="0" branch-rate="0" complexity="0">
			<classes>
				<class name="__init__.py" filename="data_products/backend/__init__.py" complexity="0" line-rate="0" branch-rate="1">
					<methods/>
					<lines>
						<line number="13" hits="0"/>
						<line number="14" hits="0"/>
						<line number="16" hits="0"/>
					</lines>
				</class>
				<class name="api.py" filename="data_products/backend/api.py" complexity="0" line-rate="0" branch-rate="0">
					<methods/>
					<lines>
						<line number="19" hits="0"/>
						<line number="20" hits="0"/>
						<line number="21" hits="0"/>
						<line number="22" hits="0"/>
						<line number="25" hits="0"/>
						<line number="28" hits="0"/>
						<line number="31" hits="0"/>
						<line number="44" hits="0" branch="true" condition-coverage="0% (0/2)" missing-branches="45,46"/>
						<line number="45" hits="0"/>
						<line number="46" hits="0" branch="true" condition-coverage="0% (0/2)" missing-branches="47,51"/>
						<line number="47" hits="0" branch="true" condition-coverage="0% (0/2)" missing-branches="48,49"/>
						<line number="48" hits="0"/>
						<line number="49" hits="0"/>
						<line number="51" hits="0"/>
						<line number="54" hits="0"/>
						<line number="55" hits="0"/>
						<line number="65" hits="0"/>
						<line number="66" hits="0"/>
						<line number="68" hits="0" branch="true" condition-coverage="0% (0/2)" missing-branches="69,74"/>
						<line number="69" hits="0"/>
						<line number="74" hits="0"/>
						<line number="76" hits="0"/>
						<line number="77" hits="0"/>
						<line number="79" hits="0"/>
						<line number="81" hits="0"/>
						<line number="88" hits="0"/>
						<line number="89" hits="0"/>
						<line number="90" hits="0"/>
						<line number="94" hits="0"/>
						<line number="95" hits="0"/>
						<line number="96" hits="0"/>
						<line number="97" hits="0"/>
						<line number="103" hits="0"/>
						<line number="104" hits="0"/>
						<line number="111" hits="0"/>
						<line number="112" hits="0"/>
						<line number="113" hits="0"/>
						<line number="115" hits="0"/>
						<line number="116" hits="0"/>
						<line number="118" hits="0"/>
						<line number="120" hits="0"/>
						<line number="128" hits="0"/>
						<line number="129" hits="0"/>
						<line number="130" hits="0"/>
						<line number="134" hits="0"/>
						<line number="135" hits="0"/>
						<line number="136" hits="0"/>
						<line number="137" hits="0"/>
						<line number="143" hits="0"/>
						<line number="144" hits="0"/>
						<line number="151" hits="0"/>
						<line number="152" hits="0"/>
						<line number="153" hits="0"/>
						<line number="155" hits="0"/>
						<line number="156" hits="0"/>
						<line number="158" hits="0"/>
						<line number="160" hits="0"/>
						<line number="169" hits="0"/>
						<line number="170" hits="0"/>
						<line number="171" hits="0"/>
						<line number="175" hits="0"/>
						<line number="176" hits="0"/>
						<line number="177" hits="0"/>
						<line number="178" hits="0"/>
						<line number="184" hits="0"/>
						<line number="185" hits="0"/>
						<line number="192" hits="0"/>
						<line number="193" hits="0"/>
						<line number="194" hits="0"/>
						<line number="195" hits="0"/>
						<line number="196" hits="0"/>
						<line number="198" hits="0"/>
						<line number="200" hits="0"/>
						<line number="201" hits="0"/>
						<line number="203" hits="0"/>
						<line number="205" hits="0"/>
						<line number="219" hits="0"/>
						<line number="220" hits="0"/>
						<line number="221" hits="0"/>
						<line number="225" hits="0"/>
						<line number="226" hits="0"/>
						<line number="227" hits="0"/>
						<line number="228" hits="0"/>
						<line number="234" hits="0"/>
						<line number="235" hits="0"/>
						<line number="237" hits="0"/>
						<line number="238" hits="0" branch="true" condition-coverage="0% (0/2)" missing-branches="239,244"/>
						<line number="239" hits="0"/>
						<line number="244" hits="0"/>
						<line number="245" hits="0"/>
						<line number="247" hits="0" branch="true" condition-coverage="0% (0/2)" missing-branches="248,253"/>
						<line number="248" hits="0"/>
						<line number="253" hits="0" branch="true" condition-coverage="0% (0/2)" missing-branches="254,259"/>
						<line number="254" hits="0"/>
						<line number="259" hits="0"/>
						<line number="262" hits="0"/>
						<line number="264" hits="0"/>
						<line number="266" hits="0"/>
						<line number="267" hits="0"/>
						<line number="268" hits="0"/>
						<line number="269" hits="0"/>
						<line number="275" hits="0"/>
						<line number="276" hits="0"/>
						<line number="278" hits="0"/>
						<line number="280" hits="0" branch="true" condition-coverage="0% (0/2)" missing-branches="282,292"/>
						<line number="282" hits="0"/>
						<line number="292" hits="0"/>
					</lines>
				</class>
				<class name="sqlite_data_products_service.py" filename="data_products/backend/sqlite_data_products_service.py" complexity="0" line-rate="0" branch-rate="0">
					<methods/>
					<lines>
						<line number="13" hits="0"/>
						<line number="14" hits="0"/>
						<line number="15" hits="0"/>
						<line number="18" hits="0"/>
						<line number="30" hits="0"/>
						<line number="38" hits="0" branch="true" condition-coverage="0% (0/2)" missing-branches="40,47"/>
						<line number="40" hits="0"/>
						<line number="47" hits="0"/>
						<line number="48" hits="0"/>
						<line number="50" hits="0"/>
						<line number="54" hits="0" branch="true" condition-coverage="0% (0/2)" missing-branches="exit,56"/>
						<line number="56" hits="0"/>
						<line number="59" hits="0"/>
						<line number="67" hits="0" branch="true" condition-coverage="0% (0/2)" missing-branches="exit,68"/>
						<line number="68" hits="0"/>
						<line number="69" hits="0"/>
						<line number="71" hits="0"/>
						<line number="72" hits="0"/>
						<line number="73" hits="0"/>
						<line number="74" hits="0"/>
						<line number="75" hits="0"/>
						<line number="76" hits="0"/>
						<line number="78" hits="0"/>
						<line number="80" hits="0"/>
						<line number="90" hits="0"/>
						<line number="91" hits="0"/>
						<line number="93" hits="0"/>
						<line number="95" hits="0"/>
						<line number="104" hits="0"/>
						<line number="107" hits="0"/>
						<line number="109" hits="0" branch="true" condition-coverage="0% (0/2)" missing-branches="111,156"/>
						<line number="111" hits="0"/>
						<line number="114" hits="0" branch="true" condition-coverage="0% (0/2)" missing-branches="115,116"/>
						<line number="115" hits="0"/>
						<line number="116" hits="0" branch="true" condition-coverage="0% (0/2)" missing-branches="117,118"/>
						<line number="117" hits="0"/>
						<line number="118" hits="0" branch="true" condition-coverage="0% (0/2)" missing-branches="119,121"/>
						<line number="119" hits="0"/>
						<line number="121" hits="0" branch="true" condition-coverage="0% (0/2)" missing-branches="122,124"/>
						<line number="122" hits="0"/>
						<line number="124" hits="0" branch="true" condition-coverage="0% (0/2)" missing-branches="125,127"/>
						<line number="125" hits="0"/>
						<line number="127" hits="0" branch="true" condition-coverage="0% (0/2)" missing-branches="128,130"/>
						<line number="128" hits="0"/>
						<line number="130" hits="0" branch="true" condition-coverage="0% (0/2)" missing-branches="131,133"/>
						<line number="131" hits="0"/>
						<line number="133" hits="0" branch="true" condition-coverage="0% (0/2)" missing-branches="134,136"/>
						<line number="134" hits="0"/>
						<line number="136" hits="0" branch="true" condition-coverage="0% (0/2)" missing-branches="137,139"/>
						<line number="137" hits="0"/>
						<line number="139" hits="0" branch="true" condition-coverage="0% (0/2)" missing-branches="140,142"/>
						<line number="140" hits="0"/>
						<line number="142" hits="0" branch="true" condition-coverage="0% (0/2)" missing-branches="143,145"/>
						<line number="143" hits="0"/>
						<line number="145" hits="0" branch="true" condition-coverage="0% (0/2)" missing-branches="146,149"/>
						<line number="146" hits="0"/>
						<line number="149" hits="0"/>
						<line number="151" hits="0" branch="true" condition-coverage="0% (0/2)" missing-branches="152,153"/>
						<line number="152" hits="0"/>
						<line number="153" hits="0"/>
						<line number="156" hits="0"/>
						<line number="157" hits="0" branch="true" condition-coverage="0% (0/2)" missing-branches="159,190"/>
						<line number="159" hits="0"/>
						<line number="160" hits="0" branch="true" condition-coverage="0% (0/2)" missing-branches="161,165"/>
						<line number="161" hits="0"/>
						<line number="162" hits="0"/>
						<line number="165" hits="0"/>
						<line number="177" hits="0"/>
						<line number="190" hits="0"/>
						<line number="193" hits="0"/>
						<line number="195" hits="0"/>
						<line number="205" hits="0"/>
						<line number="206" hits="0"/>
						<line number="208" hits="0"/>
						<line number="210" hits="0"/>
						<line number="213" hits="0"/>
						<line number="220" hits="0"/>
						<line number="223" hits="0"/>
						<line number="224" hits="0" branch="true" condition-coverage="0% (0/2)" missing-branches="226,271"/>
						<line number="226" hits="0"/>
						<line number="229" hits="0" branch="true" condition-coverage="0% (0/2)" missing-branches="230,231"/>
						<line number="230" hits="0"/>
						<line number="231" hits="0" branch="true" condition-coverage="0% (0/2)" missing-branches="232,233"/>
						<line number="232" hits="0"/>
						<line number="233" hits="0" branch="true" condition-coverage="0% (0/2)" missing-branches="234,236"/>
						<line number="234" hits="0"/>
						<line number="236" hits="0" branch="true" condition-coverage="0% (0/2)" missing-branches="237,239"/>
						<line number="237" hits="0"/>
						<line number="239" hits="0" branch="true" condition-coverage="0% (0/2)" missing-branches="240,242"/>
						<line number="240" hits="0"/>
						<line number="242" hits="0" branch="true" condition-coverage="0% (0/2)" missing-branches="243,245"/>
						<line number="243" hits="0"/>
						<line number="245" hits="0" branch="true" condition-coverage="0% (0/2)" missing-branches="246,248"/>
						<line number="246" hits="0"/>
						<line number="248" hits="0" branch="true" condition-coverage="0% (0/2)" missing-branches="249,251"/>
						<line number="249" hits="0"/>
						<line number="251" hits="0" branch="true" condition-coverage="0% (0/2)" missing-branches="252,254"/>
						<line number="252" hits="0"/>
						<line number="254" hits="0" branch="true" condition-coverage="0% (0/2)" missing-branches="255,257"/>
						<line number="255" hits="0"/>
						<line number="257" hits="0" branch="true" condition-coverage="0% (0/2)" missing-branches="258,260"/>
						<line number="258" hits="0"/>
						<line number="260" hits="0" branch="true" condition-coverage="0% (0/2)" missing-branches="261,264"/>
						<line number="261" hits="0"/>
						<line number="264" hits="0"/>
						<line number="266" hits="0" branch="true" condition-coverage="0% (0/2)" missing-branches="267,268"/>
						<line number="267" hits="0"/>
						<line number="268" hits="0"/>
						<line number="271" hits="0"/>
						<line number="272" hits="0" branch="true" condition-coverage="0% (0/2)" missing-branches="273,287"/>
						<line number="273" hits="0" branch="true" condition-coverage="0% (0/2)" missing-branches="275,287"/>
						<line number="275" hits="0"/>
						<line number="276" hits="0"/>
						<line number="277" hits="0"/>
						<line number="278" hits="0"/>
						<line number="279" hits="0"/>
						<line number="281" hits="0"/>
						<line number="287" hits="0"/>
						<line number="290" hits="0"/>
						<line number="292" hits="0"/>
						<line number="303" hits="0"/>
						<line number="304" hits="0"/>
						<line number="306" hits="0"/>
						<line number="308" hits="0"/>
						<line number="309" hits="0"/>
						<line number="312" hits="0"/>
						<line number="313" hits="0"/>
						<line number="316" hits="0"/>
						<line number="317" hits="0" branch="true" condition-coverage="0% (0/2)" missing-branches="319,325"/>
						<line number="319" hits="0"/>
						<line number="320" hits="0"/>
						<line number="321" hits="0"/>
						<line number="322" hits="0"/>
						<line number="325" hits="0"/>
						<line number="326" hits="0" branch="true" condition-coverage="0% (0/2)" missing-branches="328,346"/>
						<line number="328" hits="0"/>
						<line number="329" hits="0"/>
						<line number="331" hits="0"/>
						<line number="346" hits="0"/>
						<line number="349" hits="0"/>
						<line number="351" hits="0"/>
						<line number="370" hits="0"/>
						<line number="371" hits="0"/>
						<line number="373" hits="0"/>
						<line number="374" hits="0"/>
						<line number="375" hits="0"/>
						<line number="377" hits="0"/>
						<line number="379" hits="0"/>
						<line number="380" hits="0"/>
						<line number="383" hits="0"/>
						<line number="388" hits="0"/>
						<line number="389" hits="0"/>
						<line number="391" hits="0" branch="true" condition-coverage="0% (0/2)" missing-branches="393,403"/>
						<line number="393" hits="0"/>
						<line number="394" hits="0"/>
						<line number="397" hits="0" branch="true" condition-coverage="0% (0/2)" missing-branches="391,398"/>
						<line number="398" hits="0"/>
						<line number="403" hits="0"/>
						<line number="405" hits="0"/>
						<line number="413" hits="0"/>
						<line number="415" hits="0"/>
						<line number="428" hits="0"/>
					</lines>
				</class>
			</classes>
		</package>
		<package name="debug_mode" line-rate="0" branch-rate="1" complexity="0">
			<classes>
				<class name="__init__.py" filename="debug_mode/__init__.py" complexity="0" line-rate="0" branch-rate="1">
					<methods/>
					<lines>
						<line number="32" hits="0"/>
					</lines>
				</class>
			</classes>
		</package>
		<package name="hana_connection" line-rate="1" branch-rate="1" complexity="0">
			<classes>
				<class name="__init__.py" filename="hana_connection/__init__.py" complexity="0" line-rate="1" branch-rate="1">
					<methods/>
					<lines>
						<line number="59" hits="1"/>
					</lines>
				</class>
			</classes>
		</package>
		<package name="hana_connection.backend" line-rate="0.0847" branch-rate="0" complexity="0">
			<classes>
				<class name="__init__.py" filename="hana_connection/backend/__init__.py" complexity="0" line-rate="1" branch-rate="1">
					<methods/>
					<lines>
						<line number="11" hits="1"/>
						<line number="12" hits="1"/>
						<line number="14" hits="1"/>
					</lines>
				</class>
				<class name="hana_connection.py" filename="hana_connection/backend/hana_connection.py" complexity="0" line-rate="0.1053" branch-rate="0">
					<methods/>
					<lines>
						<line number="13" hits="1"/>
						<line number="14" hits="1"/>
						<line number="15" hits="1"/>
						<line number="16" hits="1"/>
						<line number="18" hits="1"/>
						<line number="21" hits="1"/>
						<line number="24" hits="1"/>
						<line number="34" hits="0"/>
						<line number="35" hits="0"/>
						<line number="36" hits="0"/>
						<line number="37" hits="0"/>
						<line number="38" hits="0"/>
						<line number="40" hits="1"/>
						<line number="47" hits="0" branch="true" condition-coverage="0% (0/2)" missing-branches="48,80"/>
						<line number="48" hits="0"/>
						<line number="49" hits="0"/>
						<line number="50" hits="0"/>
						<line number="58" hits="0"/>
						<line number="59" hits="0"/>
						<line number="60" hits="0"/>
						<line number="62" hits="0"/>
						<line number="63" hits="0"/>
						<line number="64" hits="0"/>
						<line number="65" hits="0"/>
						<line number="66" hits="0"/>
						<line number="67" hits="0"/>
						<line number="68" hits="0"/>
						<line number="69" hits="0"/>
						<line number="70" hits="0"/>
						<line number="71" hits="0"/>
						<line number="72" hits="0"/>
						<line number="73" hits="0"/>
						<line number="74" hits="0"/>
						<line number="76" hits="0"/>
						<line number="77" hits="0"/>
						<line number="78" hits="0"/>
						<line number="79" hits="0"/>
						<line number="80" hits="0"/>
						<line number="82" hits="1"/>
						<line number="102" hits="0" branch="true" condition-coverage="0% (0/2)" missing-branches="103,106"/>
						<line number="103" hits="0"/>
						<line number="104" hits="0"/>
						<line number="106" hits="0"/>
						<line number="107" hits="0"/>
						<line number="110" hits="0"/>
						<line number="111" hits="0" branch="true" condition-coverage="0% (0/2)" missing-branches="112,113"/>
						<line number="112" hits="0"/>
						<line number="113" hits="0"/>
						<line number="115" hits="0"/>
						<line number="117" hits="0" branch="true" condition-coverage="0% (0/2)" missing-branches="118,120"/>
						<line number="118" hits="0"/>
						<line number="120" hits="0"/>
						<line number="123" hits="0"/>
						<line number="126" hits="0"/>
						<line number="129" hits="0"/>
						<line number="130" hits="0" branch="true" condition-coverage="0% (0/2)" missing-branches="131,140"/>
						<line number="131" hits="0"/>
						<line number="132" hits="0" branch="true" condition-coverage="0% (0/2)" missing-branches="133,138"/>
						<line number="133" hits="0"/>
						<line number="135" hits="0" branch="true" condition-coverage="0% (0/2)" missing-branches="136,137"/>
						<line number="136" hits="0"/>
						<line number="137" hits="0"/>
						<line number="138" hits="0"/>
						<line number="140" hits="0"/>
						<line number="142" hits="0"/>
						<line number="144" hits="0"/>
						<line number="153" hits="0"/>
						<line number="155" hits="0"/>
						<line number="156" hits="0"/>
						<line number="157" hits="0"/>
						<line number="159" hits="0"/>
						<line number="160" hits="0"/>
						<line number="161" hits="0"/>
						<line number="162" hits="0"/>
						<line number="163" hits="0" branch="true" condition-coverage="0% (0/2)" missing-branches="164,165"/>
						<line number="164" hits="0"/>
						<line number="165" hits="0"/>
						<line number="166" hits="0"/>
						<line number="167" hits="0"/>
						<line number="168" hits="0"/>
						<line number="169" hits="0"/>
						<line number="171" hits="0"/>
						<line number="179" hits="0"/>
						<line number="181" hits="0"/>
						<line number="182" hits="0"/>
						<line number="183" hits="0"/>
						<line number="184" hits="0"/>
						<line number="185" hits="0"/>
						<line number="187" hits="0"/>
						<line number="195" hits="0"/>
						<line number="197" hits="1"/>
						<line number="199" hits="0" branch="true" condition-coverage="0% (0/2)" missing-branches="exit,200"/>
						<line number="200" hits="0"/>
						<line number="201" hits="0"/>
						<line number="202" hits="0"/>
					</lines>
				</class>
				<class name="hana_connection_service.py" filename="hana_connection/backend/hana_connection_service.py" complexity="0" line-rate="0" branch-rate="0">
					<methods/>
					<lines>
						<line number="15" hits="0"/>
						<line number="16" hits="0"/>
						<line number="17" hits="0"/>
						<line number="18" hits="0"/>
						<line number="19" hits="0"/>
						<line number="22" hits="0"/>
						<line number="34" hits="0"/>
						<line number="41" hits="0"/>
						<line number="42" hits="0"/>
						<line number="43" hits="0"/>
						<line number="46" hits="0"/>
						<line number="49" hits="0" branch="true" condition-coverage="0% (0/2)" missing-branches="exit,50"/>
						<line number="50" hits="0"/>
						<line number="52" hits="0"/>
						<line number="59" hits="0"/>
						<line number="60" hits="0" branch="true" condition-coverage="0% (0/2)" missing-branches="61,67"/>
						<line number="61" hits="0"/>
						<line number="62" hits="0"/>
						<line number="63" hits="0"/>
						<line number="64" hits="0"/>
						<line number="65" hits="0"/>
						<line number="67" hits="0"/>
						<line number="68" hits="0"/>
						<line number="69" hits="0"/>
						<line number="70" hits="0"/>
						<line number="71" hits="0"/>
						<line number="73" hits="0"/>
						<line number="80" hits="0"/>
						<line number="82" hits="0"/>
						<line number="85" hits="0"/>
						<line number="91" hits="0"/>
						<line number="92" hits="0"/>
						<line number="94" hits="0"/>
						<line number="95" hits="0"/>
						<line number="96" hits="0"/>
						<line number="97" hits="0"/>
						<line number="98" hits="0"/>
						<line number="100" hits="0"/>
						<line number="112" hits="0"/>
						<line number="113" hits="0" branch="true" condition-coverage="0% (0/2)" missing-branches="114,119"/>
						<line number="114" hits="0" branch="true" condition-coverage="0% (0/2)" missing-branches="113,115"/>
						<line number="115" hits="0"/>
						<line number="116" hits="0"/>
						<line number="119" hits="0"/>
						<line number="130" hits="0"/>
						<line number="131" hits="0"/>
						<line number="132" hits="0"/>
						<line number="134" hits="0"/>
						<line number="144" hits="0"/>
						<line number="146" hits="0"/>
						<line number="153" hits="0"/>
						<line number="155" hits="0"/>
						<line number="165" hits="0" branch="true" condition-coverage="0% (0/2)" missing-branches="167,175"/>
						<line number="167" hits="0" branch="true" condition-coverage="0% (0/2)" missing-branches="168,170"/>
						<line number="168" hits="0"/>
						<line number="170" hits="0"/>
						<line number="171" hits="0"/>
						<line number="172" hits="0"/>
						<line number="173" hits="0"/>
						<line number="175" hits="0"/>
						<line number="176" hits="0"/>
						<line number="178" hits="0"/>
						<line number="188" hits="0"/>
						<line number="190" hits="0" branch="true" condition-coverage="0% (0/2)" missing-branches="191,197"/>
						<line number="191" hits="0"/>
						<line number="197" hits="0"/>
						<line number="199" hits="0"/>
						<line number="202" hits="0"/>
						<line number="212" hits="0"/>
						<line number="213" hits="0"/>
						<line number="214" hits="0"/>
						<line number="215" hits="0"/>
						<line number="216" hits="0"/>
						<line number="218" hits="0"/>
						<line number="220" hits="0"/>
						<line number="227" hits="0"/>
						<line number="228" hits="0"/>
						<line number="229" hits="0"/>
						<line number="234" hits="0"/>
						<line number="235" hits="0"/>
						<line number="236" hits="0"/>
						<line number="242" hits="0"/>
						<line number="252" hits="0"/>
						<line number="254" hits="0" branch="true" condition-coverage="0% (0/2)" missing-branches="255,262"/>
						<line number="255" hits="0"/>
						<line number="262" hits="0"/>
						<line number="264" hits="0"/>
						<line number="273" hits="0"/>
						<line number="283" hits="0"/>
						<line number="286" hits="0"/>
						<line number="287" hits="0" branch="true" condition-coverage="0% (0/2)" missing-branches="288,292"/>
						<line number="288" hits="0" branch="true" condition-coverage="0% (0/2)" missing-branches="287,289"/>
						<line number="289" hits="0"/>
						<line number="292" hits="0" branch="true" condition-coverage="0% (0/2)" missing-branches="293,301"/>
						<line number="293" hits="0"/>
						<line number="294" hits="0"/>
						<line number="295" hits="0" branch="true" condition-coverage="0% (0/2)" missing-branches="296,301"/>
						<line number="296" hits="0"/>
						<line number="297" hits="0"/>
						<line number="298" hits="0"/>
						<line number="301" hits="0" branch="true" condition-coverage="0% (0/2)" missing-branches="302,306"/>
						<line number="302" hits="0"/>
						<line number="303" hits="0" branch="true" condition-coverage="0% (0/2)" missing-branches="304,306"/>
						<line number="304" hits="0"/>
						<line number="306" hits="0" branch="true" condition-coverage="0% (0/2)" missing-branches="307,312"/>
						<line number="307" hits="0"/>
						<line number="312" hits="0"/>
						<line number="317" hits="0"/>
						<line number="325" hits="0" branch="true" condition-coverage="0% (0/2)" missing-branches="326,328"/>
						<line number="326" hits="0"/>
						<line number="328" hits="0"/>
						<line number="329" hits="0"/>
						<line number="330" hits="0"/>
						<line number="331" hits="0"/>
						<line number="333" hits="0"/>
						<line number="343" hits="0" branch="true" condition-coverage="0% (0/2)" missing-branches="344,354"/>
						<line number="344" hits="0"/>
						<line number="345" hits="0"/>
						<line number="346" hits="0"/>
						<line number="347" hits="0"/>
						<line number="348" hits="0"/>
						<line number="349" hits="0"/>
						<line number="350" hits="0"/>
						<line number="351" hits="0"/>
						<line number="352" hits="0"/>
						<line number="354" hits="0"/>
						<line number="356" hits="0"/>
						<line number="363" hits="0"/>
						<line number="365" hits="0"/>
						<line number="367" hits="0"/>
						<line number="371" hits="0"/>
						<line number="374" hits="0"/>
						<line number="386" hits="0" branch="true" condition-coverage="0% (0/2)" missing-branches="387,389"/>
						<line number="387" hits="0"/>
						<line number="389" hits="0"/>
						<line number="392" hits="0" branch="true" condition-coverage="0% (0/2)" missing-branches="exit,394"/>
						<line number="394" hits="0"/>
						<line number="397" hits="0"/>
						<line number="399" hits="0"/>
						<line number="400" hits="0"/>
						<line number="403" hits="0"/>
						<line number="404" hits="0"/>
						<line number="411" hits="0"/>
						<line number="414" hits="0"/>
						<line number="415" hits="0"/>
						<line number="416" hits="0"/>
						<line number="419" hits="0"/>
						<line number="420" hits="0"/>
						<line number="426" hits="0"/>
						<line number="429" hits="0" branch="true" condition-coverage="0% (0/2)" missing-branches="exit,430"/>
						<line number="430" hits="0"/>
						<line number="431" hits="0"/>
					</lines>
				</class>
				<class name="hana_data_source.py" filename="hana_connection/backend/hana_data_source.py" complexity="0" line-rate="0.1552" branch-rate="0">
					<methods/>
					<lines>
						<line number="10" hits="1"/>
						<line number="11" hits="1"/>
						<line number="12" hits="1"/>
						<line number="15" hits="1"/>
						<line number="16" hits="1"/>
						<line number="17" hits="1"/>
						<line number="19" hits="1"/>
						<line number="20" hits="1"/>
						<line number="23" hits="1"/>
						<line number="30" hits="1"/>
						<line number="40" hits="0"/>
						<line number="42" hits="1"/>
						<line number="49" hits="0"/>
						<line number="59" hits="0"/>
						<line number="61" hits="0" branch="true" condition-coverage="0% (0/2)" missing-branches="62,65"/>
						<line number="62" hits="0"/>
						<line number="65" hits="0"/>
						<line number="66" hits="0" branch="true" condition-coverage="0% (0/2)" missing-branches="67,128"/>
						<line number="67" hits="0"/>
						<line number="70" hits="0"/>
						<line number="72" hits="0"/>
						<line number="73" hits="0"/>
						<line number="74" hits="0"/>
						<line number="77" hits="0" branch="true" condition-coverage="0% (0/2)" missing-branches="78,81"/>
						<line number="78" hits="0"/>
						<line number="81" hits="0" branch="true" condition-coverage="0% (0/2)" missing-branches="82,92"/>
						<line number="82" hits="0"/>
						<line number="83" hits="0" branch="true" condition-coverage="0% (0/2)" missing-branches="84,86"/>
						<line number="84" hits="0"/>
						<line number="86" hits="0" branch="true" condition-coverage="0% (0/2)" missing-branches="87,92"/>
						<line number="87" hits="0" branch="true" condition-coverage="0% (0/2)" missing-branches="86,88"/>
						<line number="88" hits="0"/>
						<line number="89" hits="0"/>
						<line number="92" hits="0"/>
						<line number="93" hits="0"/>
						<line number="94" hits="0"/>
						<line number="99" hits="0"/>
						<line number="100" hits="0" branch="true" condition-coverage="0% (0/2)" missing-branches="101,109"/>
						<line number="101" hits="0"/>
						<line number="102" hits="0"/>
						<line number="103" hits="0"/>
						<line number="109" hits="0"/>
						<line number="110" hits="0"/>
						<line number="112" hits="0"/>
						<line number="114" hits="0"/>
						<line number="115" hits="0"/>
						<line number="117" hits="0"/>
						<line number="128" hits="0"/>
						<line number="130" hits="1"/>
						<line number="144" hits="0"/>
						<line number="153" hits="0"/>
						<line number="155" hits="0" branch="true" condition-coverage="0% (0/2)" missing-branches="156,159"/>
						<line number="156" hits="0"/>
						<line number="159" hits="0"/>
						<line number="160" hits="0" branch="true" condition-coverage="0% (0/2)" missing-branches="161,167"/>
						<line number="161" hits="0"/>
						<line number="167" hits="0"/>
						<line number="169" hits="1"/>
						<line number="181" hits="0"/>
						<line number="196" hits="0"/>
						<line number="198" hits="0" branch="true" condition-coverage="0% (0/2)" missing-branches="199,202"/>
						<line number="199" hits="0"/>
						<line number="202" hits="0"/>
						<line number="215" hits="0"/>
						<line number="218" hits="0"/>
						<line number="219" hits="0" branch="true" condition-coverage="0% (0/2)" missing-branches="220,224"/>
						<line number="220" hits="0" branch="true" condition-coverage="0% (0/2)" missing-branches="221,224"/>
						<line number="221" hits="0"/>
						<line number="224" hits="0"/>
						<line number="237" hits="0"/>
						<line number="240" hits="0"/>
						<line number="241" hits="0" branch="true" condition-coverage="0% (0/2)" missing-branches="242,249"/>
						<line number="242" hits="0" branch="true" condition-coverage="0% (0/2)" missing-branches="243,249"/>
						<line number="243" hits="0"/>
						<line number="244" hits="0"/>
						<line number="245" hits="0"/>
						<line number="246" hits="0"/>
						<line number="249" hits="0"/>
						<line number="250" hits="0" branch="true" condition-coverage="0% (0/2)" missing-branches="251,269"/>
						<line number="251" hits="0"/>
						<line number="252" hits="0"/>
						<line number="253" hits="0"/>
						<line number="267" hits="0"/>
						<line number="269" hits="0"/>
						<line number="271" hits="1"/>
						<line number="285" hits="0"/>
						<line number="292" hits="0"/>
						<line number="294" hits="0" branch="true" condition-coverage="0% (0/2)" missing-branches="296,299"/>
						<line number="296" hits="0"/>
						<line number="297" hits="0"/>
						<line number="299" hits="0"/>
						<line number="302" hits="0"/>
						<line number="308" hits="0"/>
						<line number="310" hits="0" branch="true" condition-coverage="0% (0/2)" missing-branches="311,319"/>
						<line number="311" hits="0"/>
						<line number="319" hits="0"/>
						<line number="320" hits="0"/>
						<line number="321" hits="0"/>
						<line number="323" hits="0"/>
						<line number="330" hits="1"/>
						<line number="345" hits="0"/>
						<line number="346" hits="0"/>
						<line number="352" hits="0"/>
						<line number="354" hits="0" branch="true" condition-coverage="0% (0/2)" missing-branches="355,359"/>
						<line number="355" hits="0"/>
						<line number="356" hits="0"/>
						<line number="357" hits="0"/>
						<line number="359" hits="0"/>
						<line number="361" hits="0"/>
						<line number="363" hits="0"/>
						<line number="365" hits="1"/>
						<line number="376" hits="0"/>
						<line number="378" hits="1"/>
						<line number="391" hits="0"/>
						<line number="397" hits="1"/>
						<line number="399" hits="0"/>
					</lines>
				</class>
			</classes>
		</package>
		<package name="interfaces" line-rate="0.5978" branch-rate="1" complexity="0">
			<classes>
				<class name="__init__.py" filename="interfaces/__init__.py" complexity="0" line-rate="1" branch-rate="1">
					<methods/>
					<lines>
						<line number="8" hits="1"/>
						<line number="9" hits="1"/>
						<line number="10" hits="1"/>
						<line number="12" hits="1"/>
					</lines>
				</class>
				<class name="data_source.py" filename="interfaces/data_source.py" complexity="0" line-rate="0.7083" branch-rate="1">
					<methods/>
					<lines>
						<line number="8" hits="1"/>
						<line number="9" hits="1"/>
						<line number="12" hits="1"/>
						<line number="20" hits="1"/>
						<line number="21" hits="1"/>
						<line number="37" hits="0"/>
						<line number="39" hits="1"/>
						<line number="40" hits="1"/>
						<line number="53" hits="0"/>
						<line number="55" hits="1"/>
						<line number="56" hits="1"/>
						<line number="72" hits="0"/>
						<line number="74" hits="1"/>
						<line number="75" hits="1"/>
						<line number="98" hits="0"/>
						<line number="100" hits="1"/>
						<line number="101" hits="1"/>
						<line number="111" hits="0"/>
						<line number="113" hits="1"/>
						<line number="114" hits="1"/>
						<line number="143" hits="0"/>
						<line number="145" hits="1"/>
						<line number="146" hits="1"/>
						<line number="198" hits="0"/>
					</lines>
				</class>
				<class name="database_path_resolver.py" filename="interfaces/database_path_resolver.py" complexity="0" line-rate="0.8" branch-rate="1">
					<methods/>
					<lines>
						<line number="12" hits="1"/>
						<line number="15" hits="1"/>
						<line number="31" hits="1"/>
						<line number="32" hits="1"/>
						<line number="47" hits="0"/>
					</lines>
				</class>
				<class name="graph.py" filename="interfaces/graph.py" complexity="0" line-rate="0" branch-rate="1">
					<methods/>
					<lines>
						<line number="11" hits="0"/>
						<line number="12" hits="0"/>
						<line number="15" hits="0"/>
						<line number="30" hits="0"/>
						<line number="31" hits="0"/>
						<line number="46" hits="0"/>
						<line number="48" hits="0"/>
						<line number="49" hits="0"/>
						<line number="68" hits="0"/>
						<line number="70" hits="0"/>
						<line number="71" hits="0"/>
						<line number="91" hits="0"/>
						<line number="93" hits="0"/>
						<line number="94" hits="0"/>
						<line number="112" hits="0"/>
						<line number="114" hits="0"/>
						<line number="115" hits="0"/>
						<line number="130" hits="0"/>
						<line number="132" hits="0"/>
						<line number="133" hits="0"/>
						<line number="148" hits="0"/>
						<line number="150" hits="0"/>
						<line number="151" hits="0"/>
						<line number="166" hits="0"/>
						<line number="169" hits="0"/>
						<line number="185" hits="0"/>
						<line number="186" hits="0"/>
						<line number="188" hits="0"/>
						<line number="190" hits="0"/>
						<line number="191" hits="0"/>
						<line number="193" hits="0"/>
						<line number="195" hits="0"/>
						<line number="196" hits="0"/>
						<line number="200" hits="0"/>
					</lines>
				</class>
				<class name="graph_cache.py" filename="interfaces/graph_cache.py" complexity="0" line-rate="0.7222" branch-rate="1">
					<methods/>
					<lines>
						<line number="15" hits="1"/>
						<line number="16" hits="1"/>
						<line number="19" hits="1"/>
						<line number="31" hits="1"/>
						<line number="32" hits="1"/>
						<line number="51" hits="0"/>
						<line number="53" hits="1"/>
						<line number="54" hits="1"/>
						<line number="64" hits="0"/>
						<line number="66" hits="1"/>
						<line number="67" hits="1"/>
						<line number="77" hits="0"/>
						<line number="79" hits="1"/>
						<line number="80" hits="1"/>
						<line number="90" hits="0"/>
						<line number="92" hits="1"/>
						<line number="93" hits="1"/>
						<line number="100" hits="0"/>
					</lines>
				</class>
				<class name="graph_query.py" filename="interfaces/graph_query.py" complexity="0" line-rate="0.7821" branch-rate="1">
					<methods/>
					<lines>
						<line number="12" hits="1"/>
						<line number="13" hits="1"/>
						<line number="14" hits="1"/>
						<line number="15" hits="1"/>
						<line number="18" hits="1"/>
						<line number="20" hits="1"/>
						<line number="21" hits="1"/>
						<line number="22" hits="1"/>
						<line number="25" hits="1"/>
						<line number="26" hits="1"/>
						<line number="37" hits="1"/>
						<line number="38" hits="1"/>
						<line number="39" hits="1"/>
						<line number="41" hits="1"/>
						<line number="42" hits="0"/>
						<line number="44" hits="1"/>
						<line number="45" hits="0"/>
						<line number="48" hits="1"/>
						<line number="49" hits="1"/>
						<line number="62" hits="1"/>
						<line number="63" hits="1"/>
						<line number="64" hits="1"/>
						<line number="65" hits="1"/>
						<line number="66" hits="1"/>
						<line number="68" hits="1"/>
						<line number="69" hits="0"/>
						<line number="71" hits="1"/>
						<line number="72" hits="0"/>
						<line number="75" hits="1"/>
						<line number="76" hits="1"/>
						<line number="87" hits="1"/>
						<line number="88" hits="1"/>
						<line number="89" hits="1"/>
						<line number="91" hits="1"/>
						<line number="92" hits="1"/>
						<line number="94" hits="0"/>
						<line number="96" hits="1"/>
						<line number="97" hits="1"/>
						<line number="99" hits="0"/>
						<line number="101" hits="1"/>
						<line number="103" hits="0"/>
						<line number="110" hits="1"/>
						<line number="111" hits="1"/>
						<line number="121" hits="1"/>
						<line number="122" hits="1"/>
						<line number="124" hits="1"/>
						<line number="126" hits="0"/>
						<line number="137" hits="1"/>
						<line number="163" hits="1"/>
						<line number="164" hits="1"/>
						<line number="191" hits="0"/>
						<line number="193" hits="1"/>
						<line number="194" hits="1"/>
						<line number="224" hits="0"/>
						<line number="226" hits="1"/>
						<line number="227" hits="1"/>
						<line number="255" hits="0"/>
						<line number="257" hits="1"/>
						<line number="258" hits="1"/>
						<line number="280" hits="0"/>
						<line number="282" hits="1"/>
						<line number="283" hits="1"/>
						<line number="293" hits="0"/>
						<line number="295" hits="1"/>
						<line number="296" hits="1"/>
						<line number="306" hits="0"/>
						<line number="308" hits="1"/>
						<line number="309" hits="1"/>
						<line number="316" hits="0"/>
						<line number="318" hits="1"/>
						<line number="319" hits="1"/>
						<line number="326" hits="0"/>
						<line number="328" hits="1"/>
						<line number="329" hits="1"/>
						<line number="335" hits="0"/>
						<line number="339" hits="1"/>
						<line number="340" hits="1"/>
						<line number="341" hits="1"/>
					</lines>
				</class>
				<class name="logger.py" filename="interfaces/logger.py" complexity="0" line-rate="0.7333" branch-rate="1">
					<methods/>
					<lines>
						<line number="8" hits="1"/>
						<line number="9" hits="1"/>
						<line number="12" hits="1"/>
						<line number="20" hits="1"/>
						<line number="21" hits="1"/>
						<line number="44" hits="0"/>
						<line number="46" hits="1"/>
						<line number="47" hits="1"/>
						<line number="57" hits="0"/>
						<line number="59" hits="1"/>
						<line number="60" hits="1"/>
						<line number="70" hits="0"/>
						<line number="72" hits="1"/>
						<line number="73" hits="1"/>
						<line number="82" hits="0"/>
					</lines>
				</class>
				<class name="relationship_discovery.py" filename="interfaces/relationship_discovery.py" complexity="0" line-rate="0" branch-rate="1">
					<methods/>
					<lines>
						<line number="12" hits="0"/>
						<line number="13" hits="0"/>
						<line number="16" hits="0"/>
						<line number="31" hits="0"/>
						<line number="32" hits="0"/>
						<line number="56" hits="0"/>
					</lines>
				</class>
			</classes>
		</package>
		<package name="knowledge_graph" line-rate="1" branch-rate="1" complexity="0">
			<classes>
				<class name="__init__.py" filename="knowledge_graph/__init__.py" complexity="0" line-rate="1" branch-rate="1">
					<methods/>
					<lines>
						<line number="11" hits="1"/>
						<line number="12" hits="1"/>
						<line number="14" hits="1"/>
					</lines>
				</class>
			</classes>
		</package>
		<package name="knowledge_graph.backend" line-rate="0.1103" branch-rate="0.03636" complexity="0">
			<classes>
				<class name="__init__.py" filename="knowledge_graph/backend/__init__.py" complexity="0" line-rate="1" branch-rate="1">
					<methods/>
					<lines>
						<line number="11" hits="1"/>
						<line number="12" hits="1"/>
						<line number="13" hits="1"/>
						<line number="15" hits="1"/>
					</lines>
				</class>
				<class name="api.py" filename="knowledge_graph/backend/api.py" complexity="0" line-rate="0.2558" branch-rate="0.2632">
					<methods/>
					<lines>
						<line number="10" hits="1"/>
						<line number="11" hits="1"/>
						<line number="13" hits="1"/>
						<line number="16" hits="1"/>
						<line number="19" hits="1"/>
						<line number="20" hits="1"/>
						<line number="35" hits="1"/>
						<line number="36" hits="1"/>
						<line number="39" hits="1"/>
						<line number="40" hits="1"/>
						<line number="41" hits="1"/>
						<line number="42" hits="1"/>
						<line number="43" hits="1"/>
						<line number="46" hits="1" branch="true" condition-coverage="100% (2/2)"/>
						<line number="47" hits="1"/>
						<line number="56" hits="1" branch="true" condition-coverage="100% (2/2)"/>
						<line number="57" hits="1"/>
						<line number="66" hits="1" branch="true" condition-coverage="100% (2/2)"/>
						<line number="67" hits="1"/>
						<line number="76" hits="1" branch="true" condition-coverage="100% (2/2)"/>
						<line number="77" hits="1"/>
						<line number="79" hits="1"/>
						<line number="80" hits="1" branch="true" condition-coverage="100% (2/2)"/>
						<line number="81" hits="1"/>
						<line number="90" hits="1" branch="true" condition-coverage="100% (2/2)"/>
						<line number="91" hits="1"/>
						<line number="92" hits="1"/>
						<line number="95" hits="1"/>
						<line number="96" hits="1"/>
						<line number="98" hits="1" branch="true" condition-coverage="100% (2/2)"/>
						<line number="99" hits="1"/>
						<line number="100" hits="1"/>
						<line number="102" hits="1" branch="true" condition-coverage="50% (1/2)" missing-branches="106"/>
						<line number="103" hits="1"/>
						<line number="104" hits="1"/>
						<line number="106" hits="0"/>
						<line number="107" hits="0"/>
						<line number="108" hits="0"/>
						<line number="111" hits="1"/>
						<line number="113" hits="1" branch="true" condition-coverage="100% (2/2)"/>
						<line number="115" hits="1"/>
						<line number="116" hits="1"/>
						<line number="117" hits="1"/>
						<line number="118" hits="1" branch="true" condition-coverage="100% (2/2)"/>
						<line number="120" hits="1"/>
						<line number="123" hits="1"/>
						<line number="124" hits="1"/>
						<line number="126" hits="1"/>
						<line number="127" hits="1"/>
						<line number="130" hits="1"/>
						<line number="131" hits="1"/>
						<line number="138" hits="1" branch="true" condition-coverage="50% (1/2)" missing-branches="142"/>
						<line number="139" hits="1"/>
						<line number="140" hits="1"/>
						<line number="142" hits="0"/>
						<line number="144" hits="1"/>
						<line number="146" hits="1"/>
						<line number="147" hits="1"/>
						<line number="148" hits="1"/>
						<line number="157" hits="1"/>
						<line number="158" hits="1"/>
						<line number="165" hits="0"/>
						<line number="173" hits="1"/>
						<line number="174" hits="1"/>
						<line number="184" hits="0"/>
						<line number="185" hits="0"/>
						<line number="188" hits="0" branch="true" condition-coverage="0% (0/2)" missing-branches="189,191"/>
						<line number="189" hits="0"/>
						<line number="191" hits="0"/>
						<line number="192" hits="0" branch="true" condition-coverage="0% (0/2)" missing-branches="193,202"/>
						<line number="193" hits="0"/>
						<line number="202" hits="0"/>
						<line number="204" hits="0"/>
						<line number="205" hits="0" branch="true" condition-coverage="0% (0/2)" missing-branches="206,209"/>
						<line number="206" hits="0"/>
						<line number="207" hits="0"/>
						<line number="209" hits="0"/>
						<line number="218" hits="0"/>
						<line number="219" hits="0"/>
						<line number="220" hits="0"/>
						<line number="229" hits="1"/>
						<line number="230" hits="1"/>
						<line number="243" hits="0"/>
						<line number="244" hits="0"/>
						<line number="245" hits="0"/>
						<line number="247" hits="0"/>
						<line number="248" hits="0"/>
						<line number="249" hits="0"/>
						<line number="252" hits="0"/>
						<line number="253" hits="0" branch="true" condition-coverage="0% (0/2)" missing-branches="254,263"/>
						<line number="254" hits="0"/>
						<line number="263" hits="0"/>
						<line number="264" hits="0" branch="true" condition-coverage="0% (0/2)" missing-branches="265,274"/>
						<line number="265" hits="0"/>
						<line number="274" hits="0"/>
						<line number="275" hits="0"/>
						<line number="277" hits="0" branch="true" condition-coverage="0% (0/2)" missing-branches="278,281"/>
						<line number="278" hits="0"/>
						<line number="281" hits="0"/>
						<line number="282" hits="0"/>
						<line number="283" hits="0"/>
						<line number="286" hits="0"/>
						<line number="288" hits="0"/>
						<line number="290" hits="0"/>
						<line number="297" hits="0"/>
						<line number="298" hits="0"/>
						<line number="299" hits="0"/>
						<line number="308" hits="1"/>
						<line number="309" hits="1"/>
						<line number="322" hits="0"/>
						<line number="323" hits="0"/>
						<line number="324" hits="0"/>
						<line number="326" hits="0"/>
						<line number="327" hits="0"/>
						<line number="328" hits="0"/>
						<line number="331" hits="0"/>
						<line number="332" hits="0" branch="true" condition-coverage="0% (0/2)" missing-branches="333,342"/>
						<line number="333" hits="0"/>
						<line number="342" hits="0"/>
						<line number="343" hits="0" branch="true" condition-coverage="0% (0/2)" missing-branches="344,353"/>
						<line number="344" hits="0"/>
						<line number="353" hits="0"/>
						<line number="354" hits="0"/>
						<line number="356" hits="0" branch="true" condition-coverage="0% (0/2)" missing-branches="357,360"/>
						<line number="357" hits="0"/>
						<line number="360" hits="0"/>
						<line number="361" hits="0"/>
						<line number="362" hits="0"/>
						<line number="365" hits="0"/>
						<line number="366" hits="0" branch="true" condition-coverage="0% (0/2)" missing-branches="367,372"/>
						<line number="367" hits="0" branch="true" condition-coverage="0% (0/2)" missing-branches="368,369"/>
						<line number="368" hits="0"/>
						<line number="369" hits="0"/>
						<line number="370" hits="0"/>
						<line number="372" hits="0"/>
						<line number="374" hits="0"/>
						<line number="382" hits="0"/>
						<line number="383" hits="0"/>
						<line number="384" hits="0"/>
						<line number="393" hits="1"/>
						<line number="394" hits="1"/>
						<line number="408" hits="0"/>
						<line number="409" hits="0"/>
						<line number="410" hits="0"/>
						<line number="412" hits="0"/>
						<line number="413" hits="0"/>
						<line number="414" hits="0"/>
						<line number="415" hits="0"/>
						<line number="418" hits="0" branch="true" condition-coverage="0% (0/2)" missing-branches="419,428"/>
						<line number="419" hits="0"/>
						<line number="428" hits="0"/>
						<line number="429" hits="0" branch="true" condition-coverage="0% (0/2)" missing-branches="430,439"/>
						<line number="430" hits="0"/>
						<line number="439" hits="0"/>
						<line number="440" hits="0"/>
						<line number="442" hits="0" branch="true" condition-coverage="0% (0/2)" missing-branches="443,446"/>
						<line number="443" hits="0"/>
						<line number="446" hits="0"/>
						<line number="447" hits="0"/>
						<line number="448" hits="0"/>
						<line number="450" hits="0" branch="true" condition-coverage="0% (0/2)" missing-branches="451,458"/>
						<line number="451" hits="0"/>
						<line number="452" hits="0"/>
						<line number="458" hits="0"/>
						<line number="466" hits="0"/>
						<line number="467" hits="0"/>
						<line number="468" hits="0"/>
						<line number="477" hits="1"/>
						<line number="478" hits="1"/>
						<line number="497" hits="0"/>
						<line number="498" hits="0"/>
						<line number="500" hits="0"/>
						<line number="501" hits="0"/>
						<line number="504" hits="0"/>
						<line number="505" hits="0" branch="true" condition-coverage="0% (0/2)" missing-branches="506,515"/>
						<line number="506" hits="0"/>
						<line number="515" hits="0"/>
						<line number="516" hits="0"/>
						<line number="518" hits="0"/>
						<line number="520" hits="0"/>
						<line number="521" hits="0"/>
						<line number="522" hits="0"/>
						<line number="531" hits="1"/>
						<line number="532" hits="1"/>
						<line number="544" hits="0"/>
						<line number="545" hits="0"/>
						<line number="547" hits="0"/>
						<line number="550" hits="0"/>
						<line number="551" hits="0" branch="true" condition-coverage="0% (0/2)" missing-branches="552,561"/>
						<line number="552" hits="0"/>
						<line number="561" hits="0"/>
						<line number="562" hits="0"/>
						<line number="564" hits="0"/>
						<line number="566" hits="0"/>
						<line number="567" hits="0"/>
						<line number="568" hits="0"/>
						<line number="577" hits="1"/>
						<line number="578" hits="1"/>
						<line number="598" hits="0"/>
						<line number="599" hits="0"/>
						<line number="600" hits="0"/>
						<line number="602" hits="0"/>
						<line number="603" hits="0"/>
						<line number="604" hits="0"/>
						<line number="605" hits="0"/>
						<line number="606" hits="0"/>
						<line number="607" hits="0"/>
						<line number="610" hits="0" branch="true" condition-coverage="0% (0/2)" missing-branches="611,620"/>
						<line number="611" hits="0"/>
						<line number="620" hits="0"/>
						<line number="625" hits="0"/>
						<line number="628" hits="0"/>
						<line number="629" hits="0" branch="true" condition-coverage="0% (0/2)" missing-branches="630,639"/>
						<line number="630" hits="0"/>
						<line number="639" hits="0"/>
						<line number="640" hits="0"/>
						<line number="643" hits="0"/>
						<line number="646" hits="0"/>
						<line number="655" hits="0"/>
						<line number="657" hits="0"/>
						<line number="666" hits="0"/>
						<line number="667" hits="0"/>
						<line number="668" hits="0"/>
						<line number="677" hits="1"/>
						<line number="678" hits="1"/>
						<line number="695" hits="0"/>
						<line number="696" hits="0"/>
						<line number="698" hits="0"/>
						<line number="699" hits="0"/>
						<line number="700" hits="0"/>
						<line number="701" hits="0"/>
						<line number="702" hits="0"/>
						<line number="705" hits="0" branch="true" condition-coverage="0% (0/2)" missing-branches="706,715"/>
						<line number="706" hits="0"/>
						<line number="715" hits="0"/>
						<line number="716" hits="0" branch="true" condition-coverage="0% (0/2)" missing-branches="717,726"/>
						<line number="717" hits="0"/>
						<line number="726" hits="0"/>
						<line number="727" hits="0"/>
						<line number="730" hits="0"/>
						<line number="732" hits="0" branch="true" condition-coverage="0% (0/2)" missing-branches="734,766"/>
						<line number="734" hits="0"/>
						<line number="756" hits="0"/>
						<line number="758" hits="0"/>
						<line number="766" hits="0"/>
						<line number="774" hits="0"/>
						<line number="775" hits="0"/>
						<line number="776" hits="0"/>
						<line number="785" hits="1"/>
						<line number="786" hits="1"/>
						<line number="804" hits="0"/>
						<line number="805" hits="0"/>
						<line number="806" hits="0"/>
						<line number="808" hits="0"/>
						<line number="809" hits="0"/>
						<line number="810" hits="0"/>
						<line number="811" hits="0"/>
						<line number="812" hits="0"/>
						<line number="813" hits="0"/>
						<line number="815" hits="0" branch="true" condition-coverage="0% (0/2)" missing-branches="816,825"/>
						<line number="816" hits="0"/>
						<line number="825" hits="0"/>
						<line number="830" hits="0"/>
						<line number="833" hits="0"/>
						<line number="834" hits="0" branch="true" condition-coverage="0% (0/2)" missing-branches="835,844"/>
						<line number="835" hits="0"/>
						<line number="844" hits="0"/>
						<line number="845" hits="0"/>
						<line number="848" hits="0"/>
						<line number="851" hits="0"/>
						<line number="860" hits="0"/>
						<line number="862" hits="0"/>
						<line number="872" hits="0"/>
						<line number="873" hits="0"/>
						<line number="874" hits="0"/>
						<line number="883" hits="1"/>
						<line number="884" hits="1"/>
						<line number="900" hits="0"/>
						<line number="901" hits="0"/>
						<line number="902" hits="0"/>
						<line number="904" hits="0"/>
						<line number="905" hits="0"/>
						<line number="906" hits="0"/>
						<line number="907" hits="0"/>
						<line number="910" hits="0" branch="true" condition-coverage="0% (0/2)" missing-branches="911,920"/>
						<line number="911" hits="0"/>
						<line number="920" hits="0"/>
						<line number="921" hits="0" branch="true" condition-coverage="0% (0/2)" missing-branches="922,931"/>
						<line number="922" hits="0"/>
						<line number="931" hits="0"/>
						<line number="932" hits="0"/>
						<line number="934" hits="0" branch="true" condition-coverage="0% (0/2)" missing-branches="935,938"/>
						<line number="935" hits="0"/>
						<line number="938" hits="0"/>
						<line number="939" hits="0"/>
						<line number="940" hits="0"/>
						<line number="942" hits="0"/>
						<line number="944" hits="0"/>
						<line number="952" hits="0"/>
						<line number="953" hits="0"/>
						<line number="954" hits="0"/>
					</lines>
				</class>
				<class name="api_v2.py" filename="knowledge_graph/backend/api_v2.py" complexity="0" line-rate="0" branch-rate="0">
					<methods/>
					<lines>
						<line number="25" hits="0"/>
						<line number="26" hits="0"/>
						<line number="28" hits="0"/>
						<line number="34" hits="0"/>
						<line number="37" hits="0"/>
						<line number="40" hits="0"/>
						<line number="54" hits="0"/>
						<line number="56" hits="0" branch="true" condition-coverage="0% (0/2)" missing-branches="57,58"/>
						<line number="57" hits="0"/>
						<line number="58" hits="0" branch="true" condition-coverage="0% (0/2)" missing-branches="59,64"/>
						<line number="59" hits="0"/>
						<line number="60" hits="0" branch="true" condition-coverage="0% (0/2)" missing-branches="61,62"/>
						<line number="61" hits="0"/>
						<line number="62" hits="0"/>
						<line number="64" hits="0"/>
						<line number="67" hits="0"/>
						<line number="78" hits="0"/>
						<line number="81" hits="0"/>
						<line number="88" hits="0"/>
						<line number="90" hits="0"/>
						<line number="103" hits="0"/>
[...]
						<line number="260" hits="0"/>
						<line number="263" hits="0"/>
						<line number="264" hits="0"/>
						<line number="265" hits="0"/>
						<line number="266" hits="0"/>
						<line number="267" hits="0"/>
						<line number="268" hits="0"/>
						<line number="269" hits="0"/>
						<line number="271" hits="0"/>
						<line number="272" hits="0"/>
						<line number="273" hits="0"/>
					</lines>
				</class>
				<class name="relationship_mapper.py" filename="services/relationship_mapper.py" complexity="0" line-rate="0.3373" branch-rate="0">
					<methods/>
					<lines>
						<line number="8" hits="1"/>
						<line number="9" hits="1"/>
						<line number="10" hits="1"/>
						<line number="12" hits="1"/>
						<line number="15" hits="1"/>
						<line number="16" hits="1"/>
						<line number="20" hits="1"/>
						<line number="21" hits="1"/>
						<line number="22" hits="1"/>
						<line number="23" hits="1"/>
						<line number="24" hits="1"/>
						<line number="25" hits="1"/>
						<line number="26" hits="1"/>
						<line number="28" hits="1"/>
						<line number="30" hits="0"/>
						<line number="32" hits="1"/>
						<line number="34" hits="0"/>
						<line number="45" hits="1"/>
						<line number="60" hits="1"/>
						<line number="67" hits="0"/>
						<line number="68" hits="0"/>
						<line number="69" hits="0"/>
						<line number="71" hits="1"/>
						<line number="72" hits="1"/>
						<line number="74" hits="0"/>
						<line number="76" hits="1"/>
						<line number="86" hits="0" branch="true" condition-coverage="0% (0/2)" missing-branches="87,89"/>
						<line number="87" hits="0"/>
						<line number="89" hits="0"/>
						<line number="90" hits="0"/>
						<line number="93" hits="0" branch="true" condition-coverage="0% (0/2)" missing-branches="94,130"/>
						<line number="94" hits="0"/>
						<line number="95" hits="0" branch="true" condition-coverage="0% (0/2)" missing-branches="96,99"/>
						<line number="96" hits="0"/>
						<line number="99" hits="0" branch="true" condition-coverage="0% (0/2)" missing-branches="93,101"/>
						<line number="101" hits="0" branch="true" condition-coverage="0% (0/2)" missing-branches="102,105"/>
						<line number="102" hits="0"/>
						<line number="105" hits="0" branch="true" condition-coverage="0% (0/2)" missing-branches="99,107"/>
						<line number="107" hits="0"/>
						<line number="108" hits="0" branch="true" condition-coverage="0% (0/2)" missing-branches="109,112"/>
						<line number="109" hits="0"/>
						<line number="112" hits="0"/>
						<line number="115" hits="0"/>
						<line number="126" hits="0" branch="true" condition-coverage="0% (0/2)" missing-branches="99,127"/>
						<line number="127" hits="0"/>
						<line number="130" hits="0"/>
						<line number="133" hits="0"/>
						<line number="136" hits="0"/>
						<line number="137" hits="0"/>
						<line number="139" hits="1"/>
						<line number="150" hits="0"/>
						<line number="153" hits="0" branch="true" condition-coverage="0% (0/2)" missing-branches="154,157"/>
						<line number="154" hits="0"/>
						<line number="157" hits="0" branch="true" condition-coverage="0% (0/2)" missing-branches="158,161"/>
						<line number="158" hits="0"/>
						<line number="161" hits="0" branch="true" condition-coverage="0% (0/2)" missing-branches="162,166"/>
						<line number="162" hits="0"/>
						<line number="163" hits="0" branch="true" condition-coverage="0% (0/2)" missing-branches="164,166"/>
						<line number="164" hits="0"/>
						<line number="166" hits="0"/>
						<line number="168" hits="1"/>
						<line number="186" hits="0"/>
						<line number="195" hits="0"/>
						<line number="196" hits="0"/>
						<line number="198" hits="1"/>
						<line number="208" hits="0"/>
						<line number="209" hits="0"/>
						<line number="214" hits="1"/>
						<line number="224" hits="0"/>
						<line number="225" hits="0"/>
						<line number="227" hits="1"/>
						<line number="237" hits="0"/>
						<line number="238" hits="0"/>
						<line number="240" hits="1"/>
						<line number="242" hits="0"/>
						<line number="243" hits="0"/>
						<line number="245" hits="1"/>
						<line number="252" hits="0"/>
						<line number="256" hits="1"/>
						<line number="266" hits="0"/>
						<line number="267" hits="0"/>
						<line number="268" hits="0"/>
						<line number="269" hits="0"/>
					</lines>
				</class>
				<class name="test_core_infrastructure.py" filename="services/test_core_infrastructure.py" complexity="0" line-rate="0" branch-rate="0">
					<methods/>
					<lines>
						<line number="11" hits="0"/>
						<line number="12" hits="0"/>
						<line number="13" hits="0"/>
						<line number="14" hits="0"/>
						<line number="15" hits="0"/>
						<line number="16" hits="0"/>
						<line number="19" hits="0"/>
						<line number="21" hits="0"/>
						<line number="22" hits="0"/>
						<line number="25" hits="0"/>
						<line number="28" hits="0"/>
						<line number="29" hits="0"/>
						<line number="30" hits="0"/>
						<line number="31" hits="0"/>
						<line number="33" hits="0"/>
						<line number="35" hits="0"/>
						<line number="36" hits="0"/>
						<line number="37" hits="0"/>
						<line number="38" hits="0"/>
						<line number="39" hits="0"/>
						<line number="40" hits="0"/>
						<line number="41" hits="0"/>
						<line number="42" hits="0"/>
						<line number="43" hits="0"/>
						<line number="44" hits="0"/>
						<line number="45" hits="0"/>
						<line number="46" hits="0"/>
						<line number="47" hits="0"/>
						<line number="48" hits="0"/>
						<line number="49" hits="0"/>
						<line number="51" hits="0"/>
						<line number="53" hits="0" branch="true" condition-coverage="0% (0/2)" missing-branches="exit,54"/>
						<line number="54" hits="0"/>
						<line number="58" hits="0"/>
						<line number="60" hits="0" branch="true" condition-coverage="0% (0/2)" missing-branches="exit,61"/>
						<line number="61" hits="0"/>
						<line number="63" hits="0"/>
						<line number="65" hits="0" branch="true" condition-coverage="0% (0/2)" missing-branches="exit,66"/>
						<line number="66" hits="0"/>
						<line number="68" hits="0"/>
						<line number="70" hits="0" branch="true" condition-coverage="0% (0/2)" missing-branches="exit,71"/>
						<line number="71" hits="0"/>
						<line number="73" hits="0"/>
						<line number="75" hits="0" branch="true" condition-coverage="0% (0/2)" missing-branches="exit,76"/>
						<line number="76" hits="0"/>
						<line number="78" hits="0"/>
						<line number="80" hits="0" branch="true" condition-coverage="0% (0/2)" missing-branches="exit,81"/>
						<line number="81" hits="0"/>
						<line number="83" hits="0"/>
						<line number="85" hits="0"/>
						<line number="86" hits="0"/>
						<line number="87" hits="0"/>
						<line number="88" hits="0" branch="true" condition-coverage="0% (0/2)" missing-branches="89,93"/>
						<line number="89" hits="0"/>
						<line number="90" hits="0" branch="true" condition-coverage="0% (0/2)" missing-branches="91,93"/>
						<line number="91" hits="0" branch="true" condition-coverage="0% (0/2)" missing-branches="90,92"/>
						<line number="92" hits="0"/>
						<line number="93" hits="0"/>
						<line number="94" hits="0"/>
						<line number="97" hits="0"/>
						<line number="99" hits="0"/>
						<line number="100" hits="0"/>
						<line number="103" hits="0"/>
						<line number="104" hits="0"/>
						<line number="107" hits="0"/>
						<line number="108" hits="0"/>
						<line number="109" hits="0"/>
						<line number="110" hits="0"/>
						<line number="112" hits="0"/>
						<line number="115" hits="0"/>
						<line number="117" hits="0"/>
						<line number="118" hits="0"/>
						<line number="119" hits="0"/>
						<line number="122" hits="0"/>
						<line number="123" hits="0"/>
						<line number="124" hits="0"/>
						<line number="126" hits="0"/>
						<line number="128" hits="0"/>
						<line number="136" hits="0"/>
						<line number="144" hits="0"/>
						<line number="152" hits="0"/>
						<line number="153" hits="0"/>
						<line number="154" hits="0"/>
						<line number="157" hits="0"/>
						<line number="158" hits="0"/>
						<line number="159" hits="0"/>
						<line number="161" hits="0"/>
						<line number="164" hits="0"/>
						<line number="165" hits="0"/>
						<line number="166" hits="0"/>
						<line number="167" hits="0"/>
						<line number="168" hits="0"/>
						<line number="169" hits="0"/>
						<line number="171" hits="0"/>
						<line number="174" hits="0"/>
						<line number="175" hits="0"/>
						<line number="176" hits="0"/>
						<line number="177" hits="0"/>
						<line number="179" hits="0"/>
						<line number="182" hits="0"/>
						<line number="183" hits="0"/>
						<line number="184" hits="0"/>
						<line number="185" hits="0"/>
						<line number="186" hits="0"/>
						<line number="187" hits="0"/>
						<line number="188" hits="0"/>
						<line number="190" hits="0"/>
						<line number="193" hits="0"/>
						<line number="194" hits="0"/>
						<line number="195" hits="0"/>
						<line number="196" hits="0"/>
						<line number="197" hits="0"/>
						<line number="198" hits="0"/>
						<line number="200" hits="0"/>
						<line number="203" hits="0"/>
						<line number="204" hits="0"/>
						<line number="205" hits="0"/>
						<line number="206" hits="0"/>
						<line number="207" hits="0"/>
						<line number="208" hits="0"/>
						<line number="210" hits="0"/>
						<line number="213" hits="0"/>
						<line number="214" hits="0"/>
						<line number="215" hits="0"/>
						<line number="220" hits="0"/>
						<line number="221" hits="0"/>
						<line number="222" hits="0"/>
						<line number="223" hits="0"/>
						<line number="225" hits="0"/>
						<line number="228" hits="0"/>
						<line number="229" hits="0"/>
						<line number="230" hits="0"/>
						<line number="231" hits="0"/>
						<line number="232" hits="0"/>
						<line number="234" hits="0"/>
						<line number="237" hits="0"/>
						<line number="238" hits="0"/>
						<line number="239" hits="0"/>
						<line number="242" hits="0"/>
						<line number="247" hits="0"/>
						<line number="250" hits="0"/>
						<line number="251" hits="0"/>
						<line number="253" hits="0"/>
						<line number="257" hits="0"/>
						<line number="260" hits="0"/>
						<line number="262" hits="0"/>
						<line number="263" hits="0"/>
						<line number="264" hits="0"/>
						<line number="267" hits="0"/>
						<line number="279" hits="0"/>
						<line number="282" hits="0"/>
						<line number="283" hits="0"/>
						<line number="284" hits="0"/>
						<line number="285" hits="0"/>
						<line number="287" hits="0"/>
						<line number="290" hits="0"/>
						<line number="291" hits="0"/>
						<line number="292" hits="0"/>
						<line number="293" hits="0"/>
						<line number="294" hits="0"/>
						<line number="296" hits="0"/>
						<line number="299" hits="0"/>
						<line number="300" hits="0"/>
						<line number="301" hits="0"/>
						<line number="302" hits="0"/>
						<line number="303" hits="0"/>
						<line number="304" hits="0"/>
						<line number="306" hits="0"/>
						<line number="309" hits="0"/>
						<line number="310" hits="0"/>
						<line number="311" hits="0"/>
						<line number="313" hits="0"/>
						<line number="315" hits="0"/>
						<line number="318" hits="0"/>
						<line number="319" hits="0"/>
						<line number="320" hits="0"/>
						<line number="321" hits="0"/>
						<line number="322" hits="0"/>
						<line number="324" hits="0"/>
						<line number="327" hits="0"/>
						<line number="328" hits="0"/>
						<line number="329" hits="0"/>
						<line number="331" hits="0"/>
						<line number="332" hits="0"/>
						<line number="334" hits="0"/>
						<line number="337" hits="0"/>
						<line number="339" hits="0"/>
						<line number="340" hits="0"/>
						<line number="341" hits="0"/>
						<line number="344" hits="0"/>
						<line number="345" hits="0"/>
						<line number="346" hits="0"/>
						<line number="348" hits="0"/>
						<line number="350" hits="0"/>
						<line number="356" hits="0"/>
						<line number="359" hits="0"/>
						<line number="360" hits="0"/>
						<line number="361" hits="0"/>
						<line number="363" hits="0"/>
						<line number="364" hits="0"/>
						<line number="366" hits="0"/>
						<line number="369" hits="0"/>
						<line number="370" hits="0"/>
						<line number="371" hits="0"/>
						<line number="373" hits="0"/>
						<line number="374" hits="0"/>
						<line number="375" hits="0"/>
						<line number="376" hits="0"/>
						<line number="378" hits="0"/>
						<line number="381" hits="0"/>
						<line number="382" hits="0"/>
						<line number="383" hits="0"/>
						<line number="386" hits="0"/>
						<line number="388" hits="0"/>
						<line number="390" hits="0"/>
						<line number="392" hits="0"/>
						<line number="395" hits="0"/>
						<line number="396" hits="0"/>
						<line number="397" hits="0"/>
						<line number="399" hits="0"/>
						<line number="400" hits="0"/>
						<line number="402" hits="0"/>
						<line number="403" hits="0"/>
						<line number="405" hits="0"/>
						<line number="408" hits="0"/>
						<line number="411" hits="0"/>
						<line number="413" hits="0"/>
						<line number="414" hits="0"/>
						<line number="415" hits="0"/>
						<line number="417" hits="0"/>
						<line number="420" hits="0"/>
						<line number="421" hits="0"/>
						<line number="422" hits="0"/>
						<line number="425" hits="0"/>
						<line number="427" hits="0"/>
						<line number="430" hits="0" branch="true" condition-coverage="0% (0/2)" missing-branches="exit,431"/>
						<line number="431" hits="0"/>
					</lines>
				</class>
				<class name="visjs_translator.py" filename="services/visjs_translator.py" complexity="0" line-rate="0.1081" branch-rate="0">
					<methods/>
					<lines>
						<line number="8" hits="1"/>
						<line number="9" hits="1"/>
						<line number="10" hits="1"/>
						<line number="13" hits="1"/>
						<line number="16" hits="1"/>
						<line number="18" hits="0"/>
						<line number="20" hits="1"/>
						<line number="34" hits="0"/>
						<line number="35" hits="0"/>
						<line number="36" hits="0"/>
						<line number="38" hits="0"/>
						<line number="40" hits="0"/>
						<line number="46" hits="0"/>
						<line number="48" hits="0" branch="true" condition-coverage="0% (0/2)" missing-branches="49,58"/>
						<line number="49" hits="0"/>
						<line number="58" hits="0"/>
						<line number="61" hits="0"/>
						<line number="67" hits="0"/>
						<line number="70" hits="0"/>
						<line number="71" hits="0" branch="true" condition-coverage="0% (0/2)" missing-branches="73,86"/>
						<line number="73" hits="0"/>
						<line number="79" hits="0" branch="true" condition-coverage="0% (0/2)" missing-branches="80,83"/>
						<line number="80" hits="0"/>
						<line number="81" hits="0"/>
						<line number="83" hits="0"/>
						<line number="86" hits="0"/>
						<line number="92" hits="0"/>
						<line number="95" hits="0"/>
						<line number="96" hits="0" branch="true" condition-coverage="0% (0/2)" missing-branches="98,115"/>
						<line number="98" hits="0"/>
						<line number="104" hits="0" branch="true" condition-coverage="0% (0/2)" missing-branches="105,108"/>
						<line number="105" hits="0"/>
						<line number="108" hits="0" branch="true" condition-coverage="0% (0/2)" missing-branches="109,112"/>
						<line number="109" hits="0"/>
						<line number="110" hits="0"/>
						<line number="112" hits="0"/>
						<line number="115" hits="0"/>
						<line number="129" hits="0"/>
						<line number="131" hits="1"/>
						<line number="143" hits="0"/>
						<line number="144" hits="0"/>
						<line number="145" hits="0"/>
						<line number="147" hits="0"/>
						<line number="148" hits="0"/>
						<line number="158" hits="0"/>
						<line number="160" hits="0" branch="true" condition-coverage="0% (0/2)" missing-branches="161,163"/>
						<line number="161" hits="0"/>
						<line number="163" hits="0"/>
						<line number="171" hits="0"/>
						<line number="173" hits="1"/>
						<line number="184" hits="0"/>
						<line number="185" hits="0"/>
						<line number="187" hits="0"/>
						<line number="188" hits="0"/>
						<line number="190" hits="0" branch="true" condition-coverage="0% (0/2)" missing-branches="193,217"/>
						<line number="193" hits="0"/>
						<line number="199" hits="0"/>
						<line number="200" hits="0" branch="true" condition-coverage="0% (0/2)" missing-branches="201,226"/>
						<line number="201" hits="0"/>
						<line number="204" hits="0"/>
						<line number="205" hits="0"/>
						<line number="208" hits="0"/>
						<line number="209" hits="0"/>
						<line number="212" hits="0"/>
						<line number="213" hits="0"/>
						<line number="217" hits="0"/>
						<line number="218" hits="0"/>
						<line number="220" hits="0"/>
						<line number="221" hits="0"/>
						<line number="223" hits="0"/>
						<line number="224" hits="0"/>
						<line number="226" hits="0"/>
						<line number="227" hits="0"/>
						<line number="230" hits="0"/>
					</lines>
				</class>
			</classes>
		</package>
		<package name="sql_execution" line-rate="0" branch-rate="1" complexity="0">
			<classes>
				<class name="__init__.py" filename="sql_execution/__init__.py" complexity="0" line-rate="0" branch-rate="1">
					<methods/>
					<lines>
						<line number="38" hits="0"/>
					</lines>
				</class>
			</classes>
		</package>
		<package name="sql_execution.backend" line-rate="0" branch-rate="0" complexity="0">
			<classes>
				<class name="__init__.py" filename="sql_execution/backend/__init__.py" complexity="0" line-rate="0" branch-rate="1">
					<methods/>
					<lines>
						<line number="10" hits="0"/>
						<line number="12" hits="0"/>
					</lines>
				</class>
				<class name="api.py" filename="sql_execution/backend/api.py" complexity="0" line-rate="0" branch-rate="0">
					<methods/>
					<lines>
						<line number="20" hits="0"/>
						<line number="21" hits="0"/>
						<line number="22" hits="0"/>
						<line number="25" hits="0"/>
						<line number="28" hits="0"/>
						<line number="31" hits="0"/>
						<line number="32" hits="0"/>
						<line number="45" hits="0"/>
						<line number="47" hits="0"/>
						<line number="49" hits="0" branch="true" condition-coverage="0% (0/2)" missing-branches="50,55"/>
						<line number="50" hits="0"/>
						<line number="55" hits="0"/>
						<line number="56" hits="0"/>
						<line number="59" hits="0" branch="true" condition-coverage="0% (0/2)" missing-branches="60,65"/>
						<line number="60" hits="0"/>
						<line number="65" hits="0" branch="true" condition-coverage="0% (0/2)" missing-branches="66,71"/>
						<line number="66" hits="0"/>
						<line number="71" hits="0"/>
						<line number="74" hits="0"/>
						<line number="76" hits="0"/>
						<line number="78" hits="0"/>
						<line number="79" hits="0"/>
						<line number="82" hits="0"/>
						<line number="83" hits="0"/>
						<line number="85" hits="0"/>
						<line number="91" hits="0"/>
						<line number="92" hits="0"/>
						<line number="99" hits="0"/>
						<line number="100" hits="0"/>
						<line number="103" hits="0"/>
						<line number="105" hits="0" branch="true" condition-coverage="0% (0/2)" missing-branches="107,122"/>
						<line number="107" hits="0"/>
						<line number="108" hits="0"/>
						<line number="109" hits="0"/>
						<line number="110" hits="0"/>
						<line number="112" hits="0"/>
						<line number="122" hits="0"/>
						<line number="127" hits="0"/>
						<line number="128" hits="0"/>
						<line number="129" hits="0"/>
						<line number="136" hits="0"/>
						<line number="137" hits="0"/>
						<line number="139" hits="0"/>
						<line number="141" hits="0"/>
					</lines>
				</class>
			</classes>
		</package>
	</packages>
</coverage>
